[0.008s] Invoking command in '/home/hrc/HD-Robotic_camera/One_node_optimizing/build/yolov8_bringup': AMENT_PREFIX_PATH=/home/hrc/HD-Robotic_camera/One_node_optimizing/install/yolov8_ros:/home/hrc/HD-Robotic_camera/One_node_optimizing/install/yolov8_bringup:/home/hrc/HD-Robotic_camera/One_node_optimizing/install/yolov8_msgs:/opt/ros/humble CMAKE_PREFIX_PATH=/home/hrc/HD-Robotic_camera/One_node_optimizing/install/yolov8_msgs:/home/hrc/HD-Robotic_camera/One_node_optimizing/install/yolov8_bringup:/home/hrc/HD-Robotic_camera/One_node_optimizing/install/yolov8_ros:/opt/ros/humble /usr/bin/cmake --build /home/hrc/HD-Robotic_camera/One_node_optimizing/build/yolov8_bringup
[0.051s] Invoked command in '/home/hrc/HD-Robotic_camera/One_node_optimizing/build/yolov8_bringup' returned '0': AMENT_PREFIX_PATH=/home/hrc/HD-Robotic_camera/One_node_optimizing/install/yolov8_ros:/home/hrc/HD-Robotic_camera/One_node_optimizing/install/yolov8_bringup:/home/hrc/HD-Robotic_camera/One_node_optimizing/install/yolov8_msgs:/opt/ros/humble CMAKE_PREFIX_PATH=/home/hrc/HD-Robotic_camera/One_node_optimizing/install/yolov8_msgs:/home/hrc/HD-Robotic_camera/One_node_optimizing/install/yolov8_bringup:/home/hrc/HD-Robotic_camera/One_node_optimizing/install/yolov8_ros:/opt/ros/humble /usr/bin/cmake --build /home/hrc/HD-Robotic_camera/One_node_optimizing/build/yolov8_bringup
[0.103s] Invoking command in '/home/hrc/HD-Robotic_camera/One_node_optimizing/build/yolov8_bringup': AMENT_PREFIX_PATH=/home/hrc/HD-Robotic_camera/One_node_optimizing/install/yolov8_ros:/home/hrc/HD-Robotic_camera/One_node_optimizing/install/yolov8_bringup:/home/hrc/HD-Robotic_camera/One_node_optimizing/install/yolov8_msgs:/opt/ros/humble CMAKE_PREFIX_PATH=/home/hrc/HD-Robotic_camera/One_node_optimizing/install/yolov8_msgs:/home/hrc/HD-Robotic_camera/One_node_optimizing/install/yolov8_bringup:/home/hrc/HD-Robotic_camera/One_node_optimizing/install/yolov8_ros:/opt/ros/humble /usr/bin/cmake --install /home/hrc/HD-Robotic_camera/One_node_optimizing/build/yolov8_bringup
[0.119s] -- Install configuration: ""
[0.119s] -- Up-to-date: /home/hrc/HD-Robotic_camera/One_node_optimizing/install/yolov8_bringup/share/yolov8_bringup//launch
[0.119s] -- Up-to-date: /home/hrc/HD-Robotic_camera/One_node_optimizing/install/yolov8_bringup/share/yolov8_bringup//launch/yolov8.launch.py
[0.120s] -- Up-to-date: /home/hrc/HD-Robotic_camera/One_node_optimizing/install/yolov8_bringup/share/yolov8_bringup//launch/yolov8_3d.launch.py
[0.120s] -- Up-to-date: /home/hrc/HD-Robotic_camera/One_node_optimizing/install/yolov8_bringup/share/yolov8_bringup//launch/yolov10.launch.py
[0.120s] -- Up-to-date: /home/hrc/HD-Robotic_camera/One_node_optimizing/install/yolov8_bringup/share/yolov8_bringup//launch/yolov8n-seg.pt
[0.120s] -- Up-to-date: /home/hrc/HD-Robotic_camera/One_node_optimizing/install/yolov8_bringup/share/yolov8_bringup//launch/gurumdds-x86_64-linux.ar
[0.120s] -- Up-to-date: /home/hrc/HD-Robotic_camera/One_node_optimizing/install/yolov8_bringup/share/yolov8_bringup//launch/yolov9.launch.py
[0.120s] -- Up-to-date: /home/hrc/HD-Robotic_camera/One_node_optimizing/install/yolov8_bringup/share/yolov8_bringup//launch/__pycache__
[0.121s] -- Installing: /home/hrc/HD-Robotic_camera/One_node_optimizing/install/yolov8_bringup/share/yolov8_bringup//launch/__pycache__/yolov8.launch.cpython-310.pyc
[0.121s] -- Up-to-date: /home/hrc/HD-Robotic_camera/One_node_optimizing/install/yolov8_bringup/share/ament_index/resource_index/package_run_dependencies/yolov8_bringup
[0.121s] -- Up-to-date: /home/hrc/HD-Robotic_camera/One_node_optimizing/install/yolov8_bringup/share/ament_index/resource_index/parent_prefix_path/yolov8_bringup
[0.121s] -- Up-to-date: /home/hrc/HD-Robotic_camera/One_node_optimizing/install/yolov8_bringup/share/yolov8_bringup/environment/ament_prefix_path.sh
[0.121s] -- Up-to-date: /home/hrc/HD-Robotic_camera/One_node_optimizing/install/yolov8_bringup/share/yolov8_bringup/environment/ament_prefix_path.dsv
[0.121s] -- Up-to-date: /home/hrc/HD-Robotic_camera/One_node_optimizing/install/yolov8_bringup/share/yolov8_bringup/environment/path.sh
[0.121s] -- Up-to-date: /home/hrc/HD-Robotic_camera/One_node_optimizing/install/yolov8_bringup/share/yolov8_bringup/environment/path.dsv
[0.122s] -- Up-to-date: /home/hrc/HD-Robotic_camera/One_node_optimizing/install/yolov8_bringup/share/yolov8_bringup/local_setup.bash
[0.122s] -- Up-to-date: /home/hrc/HD-Robotic_camera/One_node_optimizing/install/yolov8_bringup/share/yolov8_bringup/local_setup.sh
[0.122s] -- Up-to-date: /home/hrc/HD-Robotic_camera/One_node_optimizing/install/yolov8_bringup/share/yolov8_bringup/local_setup.zsh
[0.122s] -- Up-to-date: /home/hrc/HD-Robotic_camera/One_node_optimizing/install/yolov8_bringup/share/yolov8_bringup/local_setup.dsv
[0.122s] -- Installing: /home/hrc/HD-Robotic_camera/One_node_optimizing/install/yolov8_bringup/share/yolov8_bringup/package.dsv
[0.122s] -- Up-to-date: /home/hrc/HD-Robotic_camera/One_node_optimizing/install/yolov8_bringup/share/ament_index/resource_index/packages/yolov8_bringup
[0.122s] -- Up-to-date: /home/hrc/HD-Robotic_camera/One_node_optimizing/install/yolov8_bringup/share/yolov8_bringup/cmake/yolov8_bringupConfig.cmake
[0.122s] -- Up-to-date: /home/hrc/HD-Robotic_camera/One_node_optimizing/install/yolov8_bringup/share/yolov8_bringup/cmake/yolov8_bringupConfig-version.cmake
[0.123s] -- Up-to-date: /home/hrc/HD-Robotic_camera/One_node_optimizing/install/yolov8_bringup/share/yolov8_bringup/package.xml
[0.124s] Invoked command in '/home/hrc/HD-Robotic_camera/One_node_optimizing/build/yolov8_bringup' returned '0': AMENT_PREFIX_PATH=/home/hrc/HD-Robotic_camera/One_node_optimizing/install/yolov8_ros:/home/hrc/HD-Robotic_camera/One_node_optimizing/install/yolov8_bringup:/home/hrc/HD-Robotic_camera/One_node_optimizing/install/yolov8_msgs:/opt/ros/humble CMAKE_PREFIX_PATH=/home/hrc/HD-Robotic_camera/One_node_optimizing/install/yolov8_msgs:/home/hrc/HD-Robotic_camera/One_node_optimizing/install/yolov8_bringup:/home/hrc/HD-Robotic_camera/One_node_optimizing/install/yolov8_ros:/opt/ros/humble /usr/bin/cmake --install /home/hrc/HD-Robotic_camera/One_node_optimizing/build/yolov8_bringup
