[0.465s] Invoking command in '/home/hrc/HD-Robotic_camera/One_node_optimizing/yolov8_ros/yolov8_ros': CMAKE_PREFIX_PATH=/home/hrc/HD-Robotic_camera/One_node_optimizing/install/yolov8_msgs:/home/hrc/HD-Robotic_camera/One_node_optimizing/install/yolov8_bringup PYTHONPATH=/home/hrc/HD-Robotic_camera/One_node_optimizing/build/yolov8_ros/prefix_override:/usr/lib/python3/dist-packages/colcon_core/task/python/colcon_distutils_commands:/home/hrc/HD-Robotic_camera/One_node_optimizing/install/yolov8_ros/lib/python3.10/site-packages:${PYTHONPATH} /usr/bin/python3 -W ignore:setup.py install is deprecated setup.py egg_info --egg-base ../../build/yolov8_ros build --build-base /home/hrc/HD-Robotic_camera/One_node_optimizing/build/yolov8_ros/build install --record /home/hrc/HD-Robotic_camera/One_node_optimizing/build/yolov8_ros/install.log --single-version-externally-managed install_data
[0.614s] running egg_info
[0.615s] writing ../../build/yolov8_ros/yolov8_ros.egg-info/PKG-INFO
[0.615s] writing dependency_links to ../../build/yolov8_ros/yolov8_ros.egg-info/dependency_links.txt
[0.615s] writing entry points to ../../build/yolov8_ros/yolov8_ros.egg-info/entry_points.txt
[0.615s] writing requirements to ../../build/yolov8_ros/yolov8_ros.egg-info/requires.txt
[0.615s] writing top-level names to ../../build/yolov8_ros/yolov8_ros.egg-info/top_level.txt
[0.616s] reading manifest file '../../build/yolov8_ros/yolov8_ros.egg-info/SOURCES.txt'
[0.616s] writing manifest file '../../build/yolov8_ros/yolov8_ros.egg-info/SOURCES.txt'
[0.617s] running build
[0.617s] running build_py
[0.617s] running install
[0.617s] running install_lib
[0.618s] running install_data
[0.618s] running install_egg_info
[0.619s] removing '/home/hrc/HD-Robotic_camera/One_node_optimizing/install/yolov8_ros/lib/python3.10/site-packages/yolov8_ros-0.0.0-py3.10.egg-info' (and everything under it)
[0.619s] Copying ../../build/yolov8_ros/yolov8_ros.egg-info to /home/hrc/HD-Robotic_camera/One_node_optimizing/install/yolov8_ros/lib/python3.10/site-packages/yolov8_ros-0.0.0-py3.10.egg-info
[0.620s] running install_scripts
[0.633s] Installing debug_node script to /home/hrc/HD-Robotic_camera/One_node_optimizing/install/yolov8_ros/lib/yolov8_ros
[0.633s] Installing detect_3d_node script to /home/hrc/HD-Robotic_camera/One_node_optimizing/install/yolov8_ros/lib/yolov8_ros
[0.634s] Installing object_track_ROS script to /home/hrc/HD-Robotic_camera/One_node_optimizing/install/yolov8_ros/lib/yolov8_ros
[0.634s] Installing time_graph script to /home/hrc/HD-Robotic_camera/One_node_optimizing/install/yolov8_ros/lib/yolov8_ros
[0.634s] Installing tracking_node script to /home/hrc/HD-Robotic_camera/One_node_optimizing/install/yolov8_ros/lib/yolov8_ros
[0.634s] Installing yolov8_node script to /home/hrc/HD-Robotic_camera/One_node_optimizing/install/yolov8_ros/lib/yolov8_ros
[0.634s] writing list of installed files to '/home/hrc/HD-Robotic_camera/One_node_optimizing/build/yolov8_ros/install.log'
[0.650s] Invoked command in '/home/hrc/HD-Robotic_camera/One_node_optimizing/yolov8_ros/yolov8_ros' returned '0': CMAKE_PREFIX_PATH=/home/hrc/HD-Robotic_camera/One_node_optimizing/install/yolov8_msgs:/home/hrc/HD-Robotic_camera/One_node_optimizing/install/yolov8_bringup PYTHONPATH=/home/hrc/HD-Robotic_camera/One_node_optimizing/build/yolov8_ros/prefix_override:/usr/lib/python3/dist-packages/colcon_core/task/python/colcon_distutils_commands:/home/hrc/HD-Robotic_camera/One_node_optimizing/install/yolov8_ros/lib/python3.10/site-packages:${PYTHONPATH} /usr/bin/python3 -W ignore:setup.py install is deprecated setup.py egg_info --egg-base ../../build/yolov8_ros build --build-base /home/hrc/HD-Robotic_camera/One_node_optimizing/build/yolov8_ros/build install --record /home/hrc/HD-Robotic_camera/One_node_optimizing/build/yolov8_ros/install.log --single-version-externally-managed install_data
