[0.076s] DEBUG:colcon:Command line arguments: ['/usr/bin/colcon', 'build']
[0.076s] DEBUG:colcon:Parsed command line arguments: Namespace(log_base=None, log_level=None, verb_name='build', build_base='build', install_base='install', merge_install=False, symlink_install=False, test_result_base=None, continue_on_error=False, executor='parallel', parallel_workers=16, event_handlers=None, ignore_user_meta=False, metas=['./colcon.meta'], base_paths=['.'], packages_ignore=None, packages_ignore_regex=None, paths=None, packages_up_to=None, packages_up_to_regex=None, packages_above=None, packages_above_and_dependencies=None, packages_above_depth=None, packages_select_by_dep=None, packages_skip_by_dep=None, packages_skip_up_to=None, packages_select_build_failed=False, packages_skip_build_finished=False, packages_select_test_failures=False, packages_skip_test_passed=False, packages_select=None, packages_skip=None, packages_select_regex=None, packages_skip_regex=None, packages_start=None, packages_end=None, allow_overriding=[], cmake_args=None, cmake_target=None, cmake_target_skip_unavailable=False, cmake_clean_cache=False, cmake_clean_first=False, cmake_force_configure=False, ament_cmake_args=None, catkin_cmake_args=None, catkin_skip_building_tests=False, verb_parser=<colcon_defaults.argument_parser.defaults.DefaultArgumentsDecorator object at 0x74519e4796f0>, verb_extension=<colcon_core.verb.build.BuildVerb object at 0x74519e478d90>, main=<bound method BuildVerb.main of <colcon_core.verb.build.BuildVerb object at 0x74519e478d90>>)
[0.174s] Level 1:colcon.colcon_core.package_discovery:discover_packages(colcon_meta) check parameters
[0.174s] Level 1:colcon.colcon_core.package_discovery:discover_packages(recursive) check parameters
[0.174s] Level 1:colcon.colcon_core.package_discovery:discover_packages(ignore) check parameters
[0.174s] Level 1:colcon.colcon_core.package_discovery:discover_packages(path) check parameters
[0.174s] Level 1:colcon.colcon_core.package_discovery:discover_packages(colcon_meta) discover
[0.174s] Level 1:colcon.colcon_core.package_discovery:discover_packages(recursive) discover
[0.174s] INFO:colcon.colcon_core.package_discovery:Crawling recursively for packages in '/home/hrc/HD-Robotic_camera/One_node_optimizing'
[0.174s] Level 1:colcon.colcon_core.package_identification:_identify(.) by extensions ['ignore', 'ignore_ament_install']
[0.174s] Level 1:colcon.colcon_core.package_identification:_identify(.) by extension 'ignore'
[0.174s] Level 1:colcon.colcon_core.package_identification:_identify(.) by extension 'ignore_ament_install'
[0.174s] Level 1:colcon.colcon_core.package_identification:_identify(.) by extensions ['colcon_pkg']
[0.174s] Level 1:colcon.colcon_core.package_identification:_identify(.) by extension 'colcon_pkg'
[0.174s] Level 1:colcon.colcon_core.package_identification:_identify(.) by extensions ['colcon_meta']
[0.174s] Level 1:colcon.colcon_core.package_identification:_identify(.) by extension 'colcon_meta'
[0.174s] Level 1:colcon.colcon_core.package_identification:_identify(.) by extensions ['ros']
[0.174s] Level 1:colcon.colcon_core.package_identification:_identify(.) by extension 'ros'
[0.182s] Level 1:colcon.colcon_core.package_identification:_identify(.) by extensions ['cmake', 'python']
[0.182s] Level 1:colcon.colcon_core.package_identification:_identify(.) by extension 'cmake'
[0.182s] Level 1:colcon.colcon_core.package_identification:_identify(.) by extension 'python'
[0.182s] Level 1:colcon.colcon_core.package_identification:_identify(.) by extensions ['python_setup_py']
[0.182s] Level 1:colcon.colcon_core.package_identification:_identify(.) by extension 'python_setup_py'
[0.182s] Level 1:colcon.colcon_core.package_identification:_identify(build) by extensions ['ignore', 'ignore_ament_install']
[0.182s] Level 1:colcon.colcon_core.package_identification:_identify(build) by extension 'ignore'
[0.182s] Level 1:colcon.colcon_core.package_identification:_identify(build) ignored
[0.182s] Level 1:colcon.colcon_core.package_identification:_identify(install) by extensions ['ignore', 'ignore_ament_install']
[0.182s] Level 1:colcon.colcon_core.package_identification:_identify(install) by extension 'ignore'
[0.182s] Level 1:colcon.colcon_core.package_identification:_identify(install) ignored
[0.182s] Level 1:colcon.colcon_core.package_identification:_identify(log) by extensions ['ignore', 'ignore_ament_install']
[0.182s] Level 1:colcon.colcon_core.package_identification:_identify(log) by extension 'ignore'
[0.182s] Level 1:colcon.colcon_core.package_identification:_identify(log) ignored
[0.182s] Level 1:colcon.colcon_core.package_identification:_identify(yolov8_ros) by extensions ['ignore', 'ignore_ament_install']
[0.182s] Level 1:colcon.colcon_core.package_identification:_identify(yolov8_ros) by extension 'ignore'
[0.182s] Level 1:colcon.colcon_core.package_identification:_identify(yolov8_ros) by extension 'ignore_ament_install'
[0.182s] Level 1:colcon.colcon_core.package_identification:_identify(yolov8_ros) by extensions ['colcon_pkg']
[0.182s] Level 1:colcon.colcon_core.package_identification:_identify(yolov8_ros) by extension 'colcon_pkg'
[0.182s] Level 1:colcon.colcon_core.package_identification:_identify(yolov8_ros) by extensions ['colcon_meta']
[0.182s] Level 1:colcon.colcon_core.package_identification:_identify(yolov8_ros) by extension 'colcon_meta'
[0.182s] Level 1:colcon.colcon_core.package_identification:_identify(yolov8_ros) by extensions ['ros']
[0.182s] Level 1:colcon.colcon_core.package_identification:_identify(yolov8_ros) by extension 'ros'
[0.182s] Level 1:colcon.colcon_core.package_identification:_identify(yolov8_ros) by extensions ['cmake', 'python']
[0.182s] Level 1:colcon.colcon_core.package_identification:_identify(yolov8_ros) by extension 'cmake'
[0.183s] Level 1:colcon.colcon_core.package_identification:_identify(yolov8_ros) by extension 'python'
[0.183s] Level 1:colcon.colcon_core.package_identification:_identify(yolov8_ros) by extensions ['python_setup_py']
[0.183s] Level 1:colcon.colcon_core.package_identification:_identify(yolov8_ros) by extension 'python_setup_py'
[0.183s] Level 1:colcon.colcon_core.package_identification:_identify(yolov8_ros/docs) by extensions ['ignore', 'ignore_ament_install']
[0.183s] Level 1:colcon.colcon_core.package_identification:_identify(yolov8_ros/docs) by extension 'ignore'
[0.183s] Level 1:colcon.colcon_core.package_identification:_identify(yolov8_ros/docs) by extension 'ignore_ament_install'
[0.183s] Level 1:colcon.colcon_core.package_identification:_identify(yolov8_ros/docs) by extensions ['colcon_pkg']
[0.183s] Level 1:colcon.colcon_core.package_identification:_identify(yolov8_ros/docs) by extension 'colcon_pkg'
[0.183s] Level 1:colcon.colcon_core.package_identification:_identify(yolov8_ros/docs) by extensions ['colcon_meta']
[0.183s] Level 1:colcon.colcon_core.package_identification:_identify(yolov8_ros/docs) by extension 'colcon_meta'
[0.183s] Level 1:colcon.colcon_core.package_identification:_identify(yolov8_ros/docs) by extensions ['ros']
[0.183s] Level 1:colcon.colcon_core.package_identification:_identify(yolov8_ros/docs) by extension 'ros'
[0.183s] Level 1:colcon.colcon_core.package_identification:_identify(yolov8_ros/docs) by extensions ['cmake', 'python']
[0.183s] Level 1:colcon.colcon_core.package_identification:_identify(yolov8_ros/docs) by extension 'cmake'
[0.183s] Level 1:colcon.colcon_core.package_identification:_identify(yolov8_ros/docs) by extension 'python'
[0.183s] Level 1:colcon.colcon_core.package_identification:_identify(yolov8_ros/docs) by extensions ['python_setup_py']
[0.183s] Level 1:colcon.colcon_core.package_identification:_identify(yolov8_ros/docs) by extension 'python_setup_py'
[0.183s] Level 1:colcon.colcon_core.package_identification:_identify(yolov8_ros/yolov8_bringup) by extensions ['ignore', 'ignore_ament_install']
[0.183s] Level 1:colcon.colcon_core.package_identification:_identify(yolov8_ros/yolov8_bringup) by extension 'ignore'
[0.183s] Level 1:colcon.colcon_core.package_identification:_identify(yolov8_ros/yolov8_bringup) by extension 'ignore_ament_install'
[0.183s] Level 1:colcon.colcon_core.package_identification:_identify(yolov8_ros/yolov8_bringup) by extensions ['colcon_pkg']
[0.183s] Level 1:colcon.colcon_core.package_identification:_identify(yolov8_ros/yolov8_bringup) by extension 'colcon_pkg'
[0.183s] Level 1:colcon.colcon_core.package_identification:_identify(yolov8_ros/yolov8_bringup) by extensions ['colcon_meta']
[0.183s] Level 1:colcon.colcon_core.package_identification:_identify(yolov8_ros/yolov8_bringup) by extension 'colcon_meta'
[0.183s] Level 1:colcon.colcon_core.package_identification:_identify(yolov8_ros/yolov8_bringup) by extensions ['ros']
[0.183s] Level 1:colcon.colcon_core.package_identification:_identify(yolov8_ros/yolov8_bringup) by extension 'ros'
[0.185s] DEBUG:colcon.colcon_core.package_identification:Package 'yolov8_ros/yolov8_bringup' with type 'ros.ament_cmake' and name 'yolov8_bringup'
[0.185s] Level 1:colcon.colcon_core.package_identification:_identify(yolov8_ros/yolov8_msgs) by extensions ['ignore', 'ignore_ament_install']
[0.185s] Level 1:colcon.colcon_core.package_identification:_identify(yolov8_ros/yolov8_msgs) by extension 'ignore'
[0.185s] Level 1:colcon.colcon_core.package_identification:_identify(yolov8_ros/yolov8_msgs) by extension 'ignore_ament_install'
[0.185s] Level 1:colcon.colcon_core.package_identification:_identify(yolov8_ros/yolov8_msgs) by extensions ['colcon_pkg']
[0.185s] Level 1:colcon.colcon_core.package_identification:_identify(yolov8_ros/yolov8_msgs) by extension 'colcon_pkg'
[0.185s] Level 1:colcon.colcon_core.package_identification:_identify(yolov8_ros/yolov8_msgs) by extensions ['colcon_meta']
[0.185s] Level 1:colcon.colcon_core.package_identification:_identify(yolov8_ros/yolov8_msgs) by extension 'colcon_meta'
[0.185s] Level 1:colcon.colcon_core.package_identification:_identify(yolov8_ros/yolov8_msgs) by extensions ['ros']
[0.185s] Level 1:colcon.colcon_core.package_identification:_identify(yolov8_ros/yolov8_msgs) by extension 'ros'
[0.192s] DEBUG:colcon.colcon_core.package_identification:Package 'yolov8_ros/yolov8_msgs' with type 'ros.ament_cmake' and name 'yolov8_msgs'
[0.192s] Level 1:colcon.colcon_core.package_identification:_identify(yolov8_ros/yolov8_ros) by extensions ['ignore', 'ignore_ament_install']
[0.193s] Level 1:colcon.colcon_core.package_identification:_identify(yolov8_ros/yolov8_ros) by extension 'ignore'
[0.193s] Level 1:colcon.colcon_core.package_identification:_identify(yolov8_ros/yolov8_ros) by extension 'ignore_ament_install'
[0.193s] Level 1:colcon.colcon_core.package_identification:_identify(yolov8_ros/yolov8_ros) by extensions ['colcon_pkg']
[0.193s] Level 1:colcon.colcon_core.package_identification:_identify(yolov8_ros/yolov8_ros) by extension 'colcon_pkg'
[0.193s] Level 1:colcon.colcon_core.package_identification:_identify(yolov8_ros/yolov8_ros) by extensions ['colcon_meta']
[0.193s] Level 1:colcon.colcon_core.package_identification:_identify(yolov8_ros/yolov8_ros) by extension 'colcon_meta'
[0.193s] Level 1:colcon.colcon_core.package_identification:_identify(yolov8_ros/yolov8_ros) by extensions ['ros']
[0.193s] Level 1:colcon.colcon_core.package_identification:_identify(yolov8_ros/yolov8_ros) by extension 'ros'
[0.193s] DEBUG:colcon.colcon_core.package_identification:Package 'yolov8_ros/yolov8_ros' with type 'ros.ament_python' and name 'yolov8_ros'
[0.193s] Level 1:colcon.colcon_core.package_discovery:discover_packages(recursive) using defaults
[0.193s] Level 1:colcon.colcon_core.package_discovery:discover_packages(ignore) discover
[0.193s] Level 1:colcon.colcon_core.package_discovery:discover_packages(ignore) using defaults
[0.193s] Level 1:colcon.colcon_core.package_discovery:discover_packages(path) discover
[0.193s] Level 1:colcon.colcon_core.package_discovery:discover_packages(path) using defaults
[0.206s] Level 1:colcon.colcon_core.package_discovery:discover_packages(prefix_path) check parameters
[0.206s] Level 1:colcon.colcon_core.package_discovery:discover_packages(prefix_path) discover
[0.207s] DEBUG:colcon.colcon_installed_package_information.package_discovery:Found 3 installed packages in /home/hrc/HD-Robotic_camera/One_node_optimizing/install
[0.208s] DEBUG:colcon.colcon_installed_package_information.package_discovery:Found 344 installed packages in /opt/ros/humble
[0.209s] Level 1:colcon.colcon_core.package_discovery:discover_packages(prefix_path) using defaults
[0.234s] Level 5:colcon.colcon_core.verb:set package 'yolov8_msgs' build argument 'cmake_args' from command line to 'None'
[0.234s] Level 5:colcon.colcon_core.verb:set package 'yolov8_msgs' build argument 'cmake_target' from command line to 'None'
[0.234s] Level 5:colcon.colcon_core.verb:set package 'yolov8_msgs' build argument 'cmake_target_skip_unavailable' from command line to 'False'
[0.234s] Level 5:colcon.colcon_core.verb:set package 'yolov8_msgs' build argument 'cmake_clean_cache' from command line to 'False'
[0.234s] Level 5:colcon.colcon_core.verb:set package 'yolov8_msgs' build argument 'cmake_clean_first' from command line to 'False'
[0.234s] Level 5:colcon.colcon_core.verb:set package 'yolov8_msgs' build argument 'cmake_force_configure' from command line to 'False'
[0.234s] Level 5:colcon.colcon_core.verb:set package 'yolov8_msgs' build argument 'ament_cmake_args' from command line to 'None'
[0.234s] Level 5:colcon.colcon_core.verb:set package 'yolov8_msgs' build argument 'catkin_cmake_args' from command line to 'None'
[0.234s] Level 5:colcon.colcon_core.verb:set package 'yolov8_msgs' build argument 'catkin_skip_building_tests' from command line to 'False'
[0.234s] DEBUG:colcon.colcon_core.verb:Building package 'yolov8_msgs' with the following arguments: {'ament_cmake_args': None, 'build_base': '/home/hrc/HD-Robotic_camera/One_node_optimizing/build/yolov8_msgs', 'catkin_cmake_args': None, 'catkin_skip_building_tests': False, 'cmake_args': None, 'cmake_clean_cache': False, 'cmake_clean_first': False, 'cmake_force_configure': False, 'cmake_target': None, 'cmake_target_skip_unavailable': False, 'install_base': '/home/hrc/HD-Robotic_camera/One_node_optimizing/install/yolov8_msgs', 'merge_install': False, 'path': '/home/hrc/HD-Robotic_camera/One_node_optimizing/yolov8_ros/yolov8_msgs', 'symlink_install': False, 'test_result_base': None}
[0.234s] Level 5:colcon.colcon_core.verb:set package 'yolov8_ros' build argument 'cmake_args' from command line to 'None'
[0.234s] Level 5:colcon.colcon_core.verb:set package 'yolov8_ros' build argument 'cmake_target' from command line to 'None'
[0.234s] Level 5:colcon.colcon_core.verb:set package 'yolov8_ros' build argument 'cmake_target_skip_unavailable' from command line to 'False'
[0.234s] Level 5:colcon.colcon_core.verb:set package 'yolov8_ros' build argument 'cmake_clean_cache' from command line to 'False'
[0.235s] Level 5:colcon.colcon_core.verb:set package 'yolov8_ros' build argument 'cmake_clean_first' from command line to 'False'
[0.235s] Level 5:colcon.colcon_core.verb:set package 'yolov8_ros' build argument 'cmake_force_configure' from command line to 'False'
[0.235s] Level 5:colcon.colcon_core.verb:set package 'yolov8_ros' build argument 'ament_cmake_args' from command line to 'None'
[0.235s] Level 5:colcon.colcon_core.verb:set package 'yolov8_ros' build argument 'catkin_cmake_args' from command line to 'None'
[0.235s] Level 5:colcon.colcon_core.verb:set package 'yolov8_ros' build argument 'catkin_skip_building_tests' from command line to 'False'
[0.235s] DEBUG:colcon.colcon_core.verb:Building package 'yolov8_ros' with the following arguments: {'ament_cmake_args': None, 'build_base': '/home/hrc/HD-Robotic_camera/One_node_optimizing/build/yolov8_ros', 'catkin_cmake_args': None, 'catkin_skip_building_tests': False, 'cmake_args': None, 'cmake_clean_cache': False, 'cmake_clean_first': False, 'cmake_force_configure': False, 'cmake_target': None, 'cmake_target_skip_unavailable': False, 'install_base': '/home/hrc/HD-Robotic_camera/One_node_optimizing/install/yolov8_ros', 'merge_install': False, 'path': '/home/hrc/HD-Robotic_camera/One_node_optimizing/yolov8_ros/yolov8_ros', 'symlink_install': False, 'test_result_base': None}
[0.235s] Level 5:colcon.colcon_core.verb:set package 'yolov8_bringup' build argument 'cmake_args' from command line to 'None'
[0.235s] Level 5:colcon.colcon_core.verb:set package 'yolov8_bringup' build argument 'cmake_target' from command line to 'None'
[0.235s] Level 5:colcon.colcon_core.verb:set package 'yolov8_bringup' build argument 'cmake_target_skip_unavailable' from command line to 'False'
[0.235s] Level 5:colcon.colcon_core.verb:set package 'yolov8_bringup' build argument 'cmake_clean_cache' from command line to 'False'
[0.235s] Level 5:colcon.colcon_core.verb:set package 'yolov8_bringup' build argument 'cmake_clean_first' from command line to 'False'
[0.235s] Level 5:colcon.colcon_core.verb:set package 'yolov8_bringup' build argument 'cmake_force_configure' from command line to 'False'
[0.235s] Level 5:colcon.colcon_core.verb:set package 'yolov8_bringup' build argument 'ament_cmake_args' from command line to 'None'
[0.235s] Level 5:colcon.colcon_core.verb:set package 'yolov8_bringup' build argument 'catkin_cmake_args' from command line to 'None'
[0.235s] Level 5:colcon.colcon_core.verb:set package 'yolov8_bringup' build argument 'catkin_skip_building_tests' from command line to 'False'
[0.235s] DEBUG:colcon.colcon_core.verb:Building package 'yolov8_bringup' with the following arguments: {'ament_cmake_args': None, 'build_base': '/home/hrc/HD-Robotic_camera/One_node_optimizing/build/yolov8_bringup', 'catkin_cmake_args': None, 'catkin_skip_building_tests': False, 'cmake_args': None, 'cmake_clean_cache': False, 'cmake_clean_first': False, 'cmake_force_configure': False, 'cmake_target': None, 'cmake_target_skip_unavailable': False, 'install_base': '/home/hrc/HD-Robotic_camera/One_node_optimizing/install/yolov8_bringup', 'merge_install': False, 'path': '/home/hrc/HD-Robotic_camera/One_node_optimizing/yolov8_ros/yolov8_bringup', 'symlink_install': False, 'test_result_base': None}
[0.235s] INFO:colcon.colcon_core.executor:Executing jobs using 'parallel' executor
[0.236s] DEBUG:colcon.colcon_parallel_executor.executor.parallel:run_until_complete
[0.236s] INFO:colcon.colcon_ros.task.ament_cmake.build:Building ROS package in '/home/hrc/HD-Robotic_camera/One_node_optimizing/yolov8_ros/yolov8_msgs' with build type 'ament_cmake'
[0.236s] INFO:colcon.colcon_cmake.task.cmake.build:Building CMake package in '/home/hrc/HD-Robotic_camera/One_node_optimizing/yolov8_ros/yolov8_msgs'
[0.237s] INFO:colcon.colcon_core.plugin_system:Skipping extension 'colcon_core.shell.bat': Not used on non-Windows systems
[0.237s] INFO:colcon.colcon_core.shell:Skip shell extension 'powershell' for command environment: Not usable outside of PowerShell
[0.237s] DEBUG:colcon.colcon_core.shell:Skip shell extension 'dsv' for command environment
[0.244s] DEBUG:colcon.colcon_core.event_handler.log_command:Invoking command in '/home/hrc/HD-Robotic_camera/One_node_optimizing/build/yolov8_msgs': CMAKE_PREFIX_PATH=${CMAKE_PREFIX_PATH}:/home/hrc/HD-Robotic_camera/One_node_optimizing/install/yolov8_ros:/opt/ros/humble /usr/bin/cmake --build /home/hrc/HD-Robotic_camera/One_node_optimizing/build/yolov8_msgs
[0.519s] DEBUG:colcon.colcon_core.event_handler.log_command:Invoked command in '/home/hrc/HD-Robotic_camera/One_node_optimizing/build/yolov8_msgs' returned '0': CMAKE_PREFIX_PATH=${CMAKE_PREFIX_PATH}:/home/hrc/HD-Robotic_camera/One_node_optimizing/install/yolov8_ros:/opt/ros/humble /usr/bin/cmake --build /home/hrc/HD-Robotic_camera/One_node_optimizing/build/yolov8_msgs
[0.864s] DEBUG:colcon.colcon_core.event_handler.log_command:Invoking command in '/home/hrc/HD-Robotic_camera/One_node_optimizing/build/yolov8_msgs': CMAKE_PREFIX_PATH=${CMAKE_PREFIX_PATH}:/home/hrc/HD-Robotic_camera/One_node_optimizing/install/yolov8_ros:/opt/ros/humble /usr/bin/cmake --install /home/hrc/HD-Robotic_camera/One_node_optimizing/build/yolov8_msgs
[0.913s] Level 1:colcon.colcon_core.environment:create_environment_scripts_only(yolov8_msgs)
[0.913s] DEBUG:colcon.colcon_core.event_handler.log_command:Invoked command in '/home/hrc/HD-Robotic_camera/One_node_optimizing/build/yolov8_msgs' returned '0': CMAKE_PREFIX_PATH=${CMAKE_PREFIX_PATH}:/home/hrc/HD-Robotic_camera/One_node_optimizing/install/yolov8_ros:/opt/ros/humble /usr/bin/cmake --install /home/hrc/HD-Robotic_camera/One_node_optimizing/build/yolov8_msgs
[0.915s] Level 1:colcon.colcon_core.environment:checking '/home/hrc/HD-Robotic_camera/One_node_optimizing/install/yolov8_msgs' for CMake module files
[0.916s] Level 1:colcon.colcon_core.environment:checking '/home/hrc/HD-Robotic_camera/One_node_optimizing/install/yolov8_msgs' for CMake config files
[0.916s] Level 1:colcon.colcon_core.shell:create_environment_hook('yolov8_msgs', 'cmake_prefix_path')
[0.916s] INFO:colcon.colcon_core.shell:Creating environment hook '/home/hrc/HD-Robotic_camera/One_node_optimizing/install/yolov8_msgs/share/yolov8_msgs/hook/cmake_prefix_path.ps1'
[0.917s] INFO:colcon.colcon_core.shell:Creating environment descriptor '/home/hrc/HD-Robotic_camera/One_node_optimizing/install/yolov8_msgs/share/yolov8_msgs/hook/cmake_prefix_path.dsv'
[0.917s] INFO:colcon.colcon_core.shell:Creating environment hook '/home/hrc/HD-Robotic_camera/One_node_optimizing/install/yolov8_msgs/share/yolov8_msgs/hook/cmake_prefix_path.sh'
[0.918s] Level 1:colcon.colcon_core.environment:checking '/home/hrc/HD-Robotic_camera/One_node_optimizing/install/yolov8_msgs/lib'
[0.918s] Level 1:colcon.colcon_core.shell:create_environment_hook('yolov8_msgs', 'ld_library_path_lib')
[0.918s] INFO:colcon.colcon_core.shell:Creating environment hook '/home/hrc/HD-Robotic_camera/One_node_optimizing/install/yolov8_msgs/share/yolov8_msgs/hook/ld_library_path_lib.ps1'
[0.918s] INFO:colcon.colcon_core.shell:Creating environment descriptor '/home/hrc/HD-Robotic_camera/One_node_optimizing/install/yolov8_msgs/share/yolov8_msgs/hook/ld_library_path_lib.dsv'
[0.919s] INFO:colcon.colcon_core.shell:Creating environment hook '/home/hrc/HD-Robotic_camera/One_node_optimizing/install/yolov8_msgs/share/yolov8_msgs/hook/ld_library_path_lib.sh'
[0.919s] Level 1:colcon.colcon_core.environment:checking '/home/hrc/HD-Robotic_camera/One_node_optimizing/install/yolov8_msgs/bin'
[0.919s] Level 1:colcon.colcon_core.environment:checking '/home/hrc/HD-Robotic_camera/One_node_optimizing/install/yolov8_msgs/lib/pkgconfig/yolov8_msgs.pc'
[0.919s] Level 1:colcon.colcon_core.environment:checking '/home/hrc/HD-Robotic_camera/One_node_optimizing/install/yolov8_msgs/lib/python3.10/site-packages'
[0.919s] Level 1:colcon.colcon_core.environment:checking '/home/hrc/HD-Robotic_camera/One_node_optimizing/install/yolov8_msgs/bin'
[0.919s] INFO:colcon.colcon_core.shell:Creating package script '/home/hrc/HD-Robotic_camera/One_node_optimizing/install/yolov8_msgs/share/yolov8_msgs/package.ps1'
[0.920s] INFO:colcon.colcon_core.shell:Creating package descriptor '/home/hrc/HD-Robotic_camera/One_node_optimizing/install/yolov8_msgs/share/yolov8_msgs/package.dsv'
[0.920s] INFO:colcon.colcon_core.shell:Creating package script '/home/hrc/HD-Robotic_camera/One_node_optimizing/install/yolov8_msgs/share/yolov8_msgs/package.sh'
[0.920s] INFO:colcon.colcon_core.shell:Creating package script '/home/hrc/HD-Robotic_camera/One_node_optimizing/install/yolov8_msgs/share/yolov8_msgs/package.bash'
[0.921s] INFO:colcon.colcon_core.shell:Creating package script '/home/hrc/HD-Robotic_camera/One_node_optimizing/install/yolov8_msgs/share/yolov8_msgs/package.zsh'
[0.921s] Level 1:colcon.colcon_core.environment:create_file_with_runtime_dependencies(/home/hrc/HD-Robotic_camera/One_node_optimizing/install/yolov8_msgs/share/colcon-core/packages/yolov8_msgs)
[1.245s] Level 1:colcon.colcon_core.environment:create_environment_scripts_only(yolov8_msgs)
[1.246s] Level 1:colcon.colcon_core.environment:checking '/home/hrc/HD-Robotic_camera/One_node_optimizing/install/yolov8_msgs' for CMake module files
[1.246s] Level 1:colcon.colcon_core.environment:checking '/home/hrc/HD-Robotic_camera/One_node_optimizing/install/yolov8_msgs' for CMake config files
[1.246s] Level 1:colcon.colcon_core.shell:create_environment_hook('yolov8_msgs', 'cmake_prefix_path')
[1.246s] INFO:colcon.colcon_core.shell:Creating environment hook '/home/hrc/HD-Robotic_camera/One_node_optimizing/install/yolov8_msgs/share/yolov8_msgs/hook/cmake_prefix_path.ps1'
[1.247s] INFO:colcon.colcon_core.shell:Creating environment descriptor '/home/hrc/HD-Robotic_camera/One_node_optimizing/install/yolov8_msgs/share/yolov8_msgs/hook/cmake_prefix_path.dsv'
[1.247s] INFO:colcon.colcon_core.shell:Creating environment hook '/home/hrc/HD-Robotic_camera/One_node_optimizing/install/yolov8_msgs/share/yolov8_msgs/hook/cmake_prefix_path.sh'
[1.247s] Level 1:colcon.colcon_core.environment:checking '/home/hrc/HD-Robotic_camera/One_node_optimizing/install/yolov8_msgs/lib'
[1.247s] Level 1:colcon.colcon_core.shell:create_environment_hook('yolov8_msgs', 'ld_library_path_lib')
[1.247s] INFO:colcon.colcon_core.shell:Creating environment hook '/home/hrc/HD-Robotic_camera/One_node_optimizing/install/yolov8_msgs/share/yolov8_msgs/hook/ld_library_path_lib.ps1'
[1.247s] INFO:colcon.colcon_core.shell:Creating environment descriptor '/home/hrc/HD-Robotic_camera/One_node_optimizing/install/yolov8_msgs/share/yolov8_msgs/hook/ld_library_path_lib.dsv'
[1.248s] INFO:colcon.colcon_core.shell:Creating environment hook '/home/hrc/HD-Robotic_camera/One_node_optimizing/install/yolov8_msgs/share/yolov8_msgs/hook/ld_library_path_lib.sh'
[1.248s] Level 1:colcon.colcon_core.environment:checking '/home/hrc/HD-Robotic_camera/One_node_optimizing/install/yolov8_msgs/bin'
[1.248s] Level 1:colcon.colcon_core.environment:checking '/home/hrc/HD-Robotic_camera/One_node_optimizing/install/yolov8_msgs/lib/pkgconfig/yolov8_msgs.pc'
[1.248s] Level 1:colcon.colcon_core.environment:checking '/home/hrc/HD-Robotic_camera/One_node_optimizing/install/yolov8_msgs/lib/python3.10/site-packages'
[1.248s] Level 1:colcon.colcon_core.environment:checking '/home/hrc/HD-Robotic_camera/One_node_optimizing/install/yolov8_msgs/bin'
[1.248s] INFO:colcon.colcon_core.shell:Creating package script '/home/hrc/HD-Robotic_camera/One_node_optimizing/install/yolov8_msgs/share/yolov8_msgs/package.ps1'
[1.249s] INFO:colcon.colcon_core.shell:Creating package descriptor '/home/hrc/HD-Robotic_camera/One_node_optimizing/install/yolov8_msgs/share/yolov8_msgs/package.dsv'
[1.249s] INFO:colcon.colcon_core.shell:Creating package script '/home/hrc/HD-Robotic_camera/One_node_optimizing/install/yolov8_msgs/share/yolov8_msgs/package.sh'
[1.249s] INFO:colcon.colcon_core.shell:Creating package script '/home/hrc/HD-Robotic_camera/One_node_optimizing/install/yolov8_msgs/share/yolov8_msgs/package.bash'
[1.249s] INFO:colcon.colcon_core.shell:Creating package script '/home/hrc/HD-Robotic_camera/One_node_optimizing/install/yolov8_msgs/share/yolov8_msgs/package.zsh'
[1.249s] Level 1:colcon.colcon_core.environment:create_file_with_runtime_dependencies(/home/hrc/HD-Robotic_camera/One_node_optimizing/install/yolov8_msgs/share/colcon-core/packages/yolov8_msgs)
[1.250s] INFO:colcon.colcon_ros.task.ament_python.build:Building ROS package in '/home/hrc/HD-Robotic_camera/One_node_optimizing/yolov8_ros/yolov8_ros' with build type 'ament_python'
[1.250s] Level 1:colcon.colcon_core.shell:create_environment_hook('yolov8_ros', 'ament_prefix_path')
[1.250s] INFO:colcon.colcon_core.shell:Creating environment hook '/home/hrc/HD-Robotic_camera/One_node_optimizing/install/yolov8_ros/share/yolov8_ros/hook/ament_prefix_path.ps1'
[1.250s] INFO:colcon.colcon_core.shell:Creating environment descriptor '/home/hrc/HD-Robotic_camera/One_node_optimizing/install/yolov8_ros/share/yolov8_ros/hook/ament_prefix_path.dsv'
[1.250s] INFO:colcon.colcon_core.shell:Creating environment hook '/home/hrc/HD-Robotic_camera/One_node_optimizing/install/yolov8_ros/share/yolov8_ros/hook/ament_prefix_path.sh'
[1.251s] INFO:colcon.colcon_core.shell:Skip shell extension 'powershell' for command environment: Not usable outside of PowerShell
[1.251s] DEBUG:colcon.colcon_core.shell:Skip shell extension 'dsv' for command environment
[1.419s] INFO:colcon.colcon_core.task.python.build:Building Python package in '/home/hrc/HD-Robotic_camera/One_node_optimizing/yolov8_ros/yolov8_ros'
[1.420s] INFO:colcon.colcon_core.shell:Skip shell extension 'powershell' for command environment: Not usable outside of PowerShell
[1.420s] DEBUG:colcon.colcon_core.shell:Skip shell extension 'dsv' for command environment
[1.635s] DEBUG:colcon.colcon_core.event_handler.log_command:Invoking command in '/home/hrc/HD-Robotic_camera/One_node_optimizing/yolov8_ros/yolov8_ros': CMAKE_PREFIX_PATH=/home/hrc/HD-Robotic_camera/One_node_optimizing/install/yolov8_msgs:/home/hrc/HD-Robotic_camera/One_node_optimizing/install/yolov8_bringup PYTHONPATH=/home/hrc/HD-Robotic_camera/One_node_optimizing/build/yolov8_ros/prefix_override:/usr/lib/python3/dist-packages/colcon_core/task/python/colcon_distutils_commands:/home/hrc/HD-Robotic_camera/One_node_optimizing/install/yolov8_ros/lib/python3.10/site-packages:${PYTHONPATH} /usr/bin/python3 -W ignore:setup.py install is deprecated setup.py egg_info --egg-base ../../build/yolov8_ros build --build-base /home/hrc/HD-Robotic_camera/One_node_optimizing/build/yolov8_ros/build install --record /home/hrc/HD-Robotic_camera/One_node_optimizing/build/yolov8_ros/install.log --single-version-externally-managed install_data
[1.814s] Level 1:colcon.colcon_core.environment:checking '/home/hrc/HD-Robotic_camera/One_node_optimizing/install/yolov8_ros' for CMake module files
[1.815s] DEBUG:colcon.colcon_core.event_handler.log_command:Invoked command in '/home/hrc/HD-Robotic_camera/One_node_optimizing/yolov8_ros/yolov8_ros' returned '0': CMAKE_PREFIX_PATH=/home/hrc/HD-Robotic_camera/One_node_optimizing/install/yolov8_msgs:/home/hrc/HD-Robotic_camera/One_node_optimizing/install/yolov8_bringup PYTHONPATH=/home/hrc/HD-Robotic_camera/One_node_optimizing/build/yolov8_ros/prefix_override:/usr/lib/python3/dist-packages/colcon_core/task/python/colcon_distutils_commands:/home/hrc/HD-Robotic_camera/One_node_optimizing/install/yolov8_ros/lib/python3.10/site-packages:${PYTHONPATH} /usr/bin/python3 -W ignore:setup.py install is deprecated setup.py egg_info --egg-base ../../build/yolov8_ros build --build-base /home/hrc/HD-Robotic_camera/One_node_optimizing/build/yolov8_ros/build install --record /home/hrc/HD-Robotic_camera/One_node_optimizing/build/yolov8_ros/install.log --single-version-externally-managed install_data
[1.815s] Level 1:colcon.colcon_core.environment:checking '/home/hrc/HD-Robotic_camera/One_node_optimizing/install/yolov8_ros' for CMake config files
[1.816s] Level 1:colcon.colcon_core.environment:checking '/home/hrc/HD-Robotic_camera/One_node_optimizing/install/yolov8_ros/lib'
[1.816s] Level 1:colcon.colcon_core.environment:checking '/home/hrc/HD-Robotic_camera/One_node_optimizing/install/yolov8_ros/bin'
[1.816s] Level 1:colcon.colcon_core.environment:checking '/home/hrc/HD-Robotic_camera/One_node_optimizing/install/yolov8_ros/lib/pkgconfig/yolov8_ros.pc'
[1.816s] Level 1:colcon.colcon_core.environment:checking '/home/hrc/HD-Robotic_camera/One_node_optimizing/install/yolov8_ros/lib/python3.10/site-packages'
[1.816s] Level 1:colcon.colcon_core.shell:create_environment_hook('yolov8_ros', 'pythonpath')
[1.816s] INFO:colcon.colcon_core.shell:Creating environment hook '/home/hrc/HD-Robotic_camera/One_node_optimizing/install/yolov8_ros/share/yolov8_ros/hook/pythonpath.ps1'
[1.817s] INFO:colcon.colcon_core.shell:Creating environment descriptor '/home/hrc/HD-Robotic_camera/One_node_optimizing/install/yolov8_ros/share/yolov8_ros/hook/pythonpath.dsv'
[1.817s] INFO:colcon.colcon_core.shell:Creating environment hook '/home/hrc/HD-Robotic_camera/One_node_optimizing/install/yolov8_ros/share/yolov8_ros/hook/pythonpath.sh'
[1.817s] Level 1:colcon.colcon_core.environment:checking '/home/hrc/HD-Robotic_camera/One_node_optimizing/install/yolov8_ros/bin'
[1.817s] Level 1:colcon.colcon_core.environment:create_environment_scripts_only(yolov8_ros)
[1.817s] INFO:colcon.colcon_core.shell:Creating package script '/home/hrc/HD-Robotic_camera/One_node_optimizing/install/yolov8_ros/share/yolov8_ros/package.ps1'
[1.818s] INFO:colcon.colcon_core.shell:Creating package descriptor '/home/hrc/HD-Robotic_camera/One_node_optimizing/install/yolov8_ros/share/yolov8_ros/package.dsv'
[1.818s] INFO:colcon.colcon_core.shell:Creating package script '/home/hrc/HD-Robotic_camera/One_node_optimizing/install/yolov8_ros/share/yolov8_ros/package.sh'
[1.818s] INFO:colcon.colcon_core.shell:Creating package script '/home/hrc/HD-Robotic_camera/One_node_optimizing/install/yolov8_ros/share/yolov8_ros/package.bash'
[1.818s] INFO:colcon.colcon_core.shell:Creating package script '/home/hrc/HD-Robotic_camera/One_node_optimizing/install/yolov8_ros/share/yolov8_ros/package.zsh'
[1.818s] Level 1:colcon.colcon_core.environment:create_file_with_runtime_dependencies(/home/hrc/HD-Robotic_camera/One_node_optimizing/install/yolov8_ros/share/colcon-core/packages/yolov8_ros)
[1.819s] INFO:colcon.colcon_ros.task.ament_cmake.build:Building ROS package in '/home/hrc/HD-Robotic_camera/One_node_optimizing/yolov8_ros/yolov8_bringup' with build type 'ament_cmake'
[1.819s] INFO:colcon.colcon_cmake.task.cmake.build:Building CMake package in '/home/hrc/HD-Robotic_camera/One_node_optimizing/yolov8_ros/yolov8_bringup'
[1.819s] INFO:colcon.colcon_core.shell:Skip shell extension 'powershell' for command environment: Not usable outside of PowerShell
[1.819s] DEBUG:colcon.colcon_core.shell:Skip shell extension 'dsv' for command environment
[1.828s] DEBUG:colcon.colcon_core.event_handler.log_command:Invoking command in '/home/hrc/HD-Robotic_camera/One_node_optimizing/build/yolov8_bringup': AMENT_PREFIX_PATH=/home/hrc/HD-Robotic_camera/One_node_optimizing/install/yolov8_ros:/home/hrc/HD-Robotic_camera/One_node_optimizing/install/yolov8_bringup:/home/hrc/HD-Robotic_camera/One_node_optimizing/install/yolov8_msgs:/opt/ros/humble CMAKE_PREFIX_PATH=/home/hrc/HD-Robotic_camera/One_node_optimizing/install/yolov8_msgs:/home/hrc/HD-Robotic_camera/One_node_optimizing/install/yolov8_bringup:/home/hrc/HD-Robotic_camera/One_node_optimizing/install/yolov8_ros:/opt/ros/humble /usr/bin/cmake --build /home/hrc/HD-Robotic_camera/One_node_optimizing/build/yolov8_bringup
[1.871s] DEBUG:colcon.colcon_core.event_handler.log_command:Invoked command in '/home/hrc/HD-Robotic_camera/One_node_optimizing/build/yolov8_bringup' returned '0': AMENT_PREFIX_PATH=/home/hrc/HD-Robotic_camera/One_node_optimizing/install/yolov8_ros:/home/hrc/HD-Robotic_camera/One_node_optimizing/install/yolov8_bringup:/home/hrc/HD-Robotic_camera/One_node_optimizing/install/yolov8_msgs:/opt/ros/humble CMAKE_PREFIX_PATH=/home/hrc/HD-Robotic_camera/One_node_optimizing/install/yolov8_msgs:/home/hrc/HD-Robotic_camera/One_node_optimizing/install/yolov8_bringup:/home/hrc/HD-Robotic_camera/One_node_optimizing/install/yolov8_ros:/opt/ros/humble /usr/bin/cmake --build /home/hrc/HD-Robotic_camera/One_node_optimizing/build/yolov8_bringup
[1.923s] DEBUG:colcon.colcon_core.event_handler.log_command:Invoking command in '/home/hrc/HD-Robotic_camera/One_node_optimizing/build/yolov8_bringup': AMENT_PREFIX_PATH=/home/hrc/HD-Robotic_camera/One_node_optimizing/install/yolov8_ros:/home/hrc/HD-Robotic_camera/One_node_optimizing/install/yolov8_bringup:/home/hrc/HD-Robotic_camera/One_node_optimizing/install/yolov8_msgs:/opt/ros/humble CMAKE_PREFIX_PATH=/home/hrc/HD-Robotic_camera/One_node_optimizing/install/yolov8_msgs:/home/hrc/HD-Robotic_camera/One_node_optimizing/install/yolov8_bringup:/home/hrc/HD-Robotic_camera/One_node_optimizing/install/yolov8_ros:/opt/ros/humble /usr/bin/cmake --install /home/hrc/HD-Robotic_camera/One_node_optimizing/build/yolov8_bringup
[1.943s] Level 1:colcon.colcon_core.environment:create_environment_scripts_only(yolov8_bringup)
[1.943s] Level 1:colcon.colcon_core.environment:checking '/home/hrc/HD-Robotic_camera/One_node_optimizing/install/yolov8_bringup' for CMake module files
[1.944s] DEBUG:colcon.colcon_core.event_handler.log_command:Invoked command in '/home/hrc/HD-Robotic_camera/One_node_optimizing/build/yolov8_bringup' returned '0': AMENT_PREFIX_PATH=/home/hrc/HD-Robotic_camera/One_node_optimizing/install/yolov8_ros:/home/hrc/HD-Robotic_camera/One_node_optimizing/install/yolov8_bringup:/home/hrc/HD-Robotic_camera/One_node_optimizing/install/yolov8_msgs:/opt/ros/humble CMAKE_PREFIX_PATH=/home/hrc/HD-Robotic_camera/One_node_optimizing/install/yolov8_msgs:/home/hrc/HD-Robotic_camera/One_node_optimizing/install/yolov8_bringup:/home/hrc/HD-Robotic_camera/One_node_optimizing/install/yolov8_ros:/opt/ros/humble /usr/bin/cmake --install /home/hrc/HD-Robotic_camera/One_node_optimizing/build/yolov8_bringup
[1.944s] Level 1:colcon.colcon_core.environment:checking '/home/hrc/HD-Robotic_camera/One_node_optimizing/install/yolov8_bringup' for CMake config files
[1.945s] Level 1:colcon.colcon_core.shell:create_environment_hook('yolov8_bringup', 'cmake_prefix_path')
[1.945s] INFO:colcon.colcon_core.shell:Creating environment hook '/home/hrc/HD-Robotic_camera/One_node_optimizing/install/yolov8_bringup/share/yolov8_bringup/hook/cmake_prefix_path.ps1'
[1.945s] INFO:colcon.colcon_core.shell:Creating environment descriptor '/home/hrc/HD-Robotic_camera/One_node_optimizing/install/yolov8_bringup/share/yolov8_bringup/hook/cmake_prefix_path.dsv'
[1.946s] INFO:colcon.colcon_core.shell:Creating environment hook '/home/hrc/HD-Robotic_camera/One_node_optimizing/install/yolov8_bringup/share/yolov8_bringup/hook/cmake_prefix_path.sh'
[1.946s] Level 1:colcon.colcon_core.environment:checking '/home/hrc/HD-Robotic_camera/One_node_optimizing/install/yolov8_bringup/bin'
[1.946s] Level 1:colcon.colcon_core.environment:checking '/home/hrc/HD-Robotic_camera/One_node_optimizing/install/yolov8_bringup/lib/pkgconfig/yolov8_bringup.pc'
[1.946s] Level 1:colcon.colcon_core.environment:checking '/home/hrc/HD-Robotic_camera/One_node_optimizing/install/yolov8_bringup/lib/python3.10/site-packages'
[1.947s] Level 1:colcon.colcon_core.environment:checking '/home/hrc/HD-Robotic_camera/One_node_optimizing/install/yolov8_bringup/bin'
[1.947s] INFO:colcon.colcon_core.shell:Creating package script '/home/hrc/HD-Robotic_camera/One_node_optimizing/install/yolov8_bringup/share/yolov8_bringup/package.ps1'
[1.947s] INFO:colcon.colcon_core.shell:Creating package descriptor '/home/hrc/HD-Robotic_camera/One_node_optimizing/install/yolov8_bringup/share/yolov8_bringup/package.dsv'
[1.948s] INFO:colcon.colcon_core.shell:Creating package script '/home/hrc/HD-Robotic_camera/One_node_optimizing/install/yolov8_bringup/share/yolov8_bringup/package.sh'
[1.948s] INFO:colcon.colcon_core.shell:Creating package script '/home/hrc/HD-Robotic_camera/One_node_optimizing/install/yolov8_bringup/share/yolov8_bringup/package.bash'
[1.948s] INFO:colcon.colcon_core.shell:Creating package script '/home/hrc/HD-Robotic_camera/One_node_optimizing/install/yolov8_bringup/share/yolov8_bringup/package.zsh'
[1.948s] Level 1:colcon.colcon_core.environment:create_file_with_runtime_dependencies(/home/hrc/HD-Robotic_camera/One_node_optimizing/install/yolov8_bringup/share/colcon-core/packages/yolov8_bringup)
[1.979s] Level 1:colcon.colcon_core.environment:create_environment_scripts_only(yolov8_bringup)
[1.979s] Level 1:colcon.colcon_core.environment:checking '/home/hrc/HD-Robotic_camera/One_node_optimizing/install/yolov8_bringup' for CMake module files
[1.980s] Level 1:colcon.colcon_core.environment:checking '/home/hrc/HD-Robotic_camera/One_node_optimizing/install/yolov8_bringup' for CMake config files
[1.980s] Level 1:colcon.colcon_core.shell:create_environment_hook('yolov8_bringup', 'cmake_prefix_path')
[1.980s] INFO:colcon.colcon_core.shell:Creating environment hook '/home/hrc/HD-Robotic_camera/One_node_optimizing/install/yolov8_bringup/share/yolov8_bringup/hook/cmake_prefix_path.ps1'
[1.981s] INFO:colcon.colcon_core.shell:Creating environment descriptor '/home/hrc/HD-Robotic_camera/One_node_optimizing/install/yolov8_bringup/share/yolov8_bringup/hook/cmake_prefix_path.dsv'
[1.981s] INFO:colcon.colcon_core.shell:Creating environment hook '/home/hrc/HD-Robotic_camera/One_node_optimizing/install/yolov8_bringup/share/yolov8_bringup/hook/cmake_prefix_path.sh'
[1.982s] Level 1:colcon.colcon_core.environment:checking '/home/hrc/HD-Robotic_camera/One_node_optimizing/install/yolov8_bringup/bin'
[1.982s] Level 1:colcon.colcon_core.environment:checking '/home/hrc/HD-Robotic_camera/One_node_optimizing/install/yolov8_bringup/lib/pkgconfig/yolov8_bringup.pc'
[1.982s] Level 1:colcon.colcon_core.environment:checking '/home/hrc/HD-Robotic_camera/One_node_optimizing/install/yolov8_bringup/lib/python3.10/site-packages'
[1.982s] Level 1:colcon.colcon_core.environment:checking '/home/hrc/HD-Robotic_camera/One_node_optimizing/install/yolov8_bringup/bin'
[1.982s] INFO:colcon.colcon_core.shell:Creating package script '/home/hrc/HD-Robotic_camera/One_node_optimizing/install/yolov8_bringup/share/yolov8_bringup/package.ps1'
[1.983s] INFO:colcon.colcon_core.shell:Creating package descriptor '/home/hrc/HD-Robotic_camera/One_node_optimizing/install/yolov8_bringup/share/yolov8_bringup/package.dsv'
[1.984s] INFO:colcon.colcon_core.shell:Creating package script '/home/hrc/HD-Robotic_camera/One_node_optimizing/install/yolov8_bringup/share/yolov8_bringup/package.sh'
[1.984s] INFO:colcon.colcon_core.shell:Creating package script '/home/hrc/HD-Robotic_camera/One_node_optimizing/install/yolov8_bringup/share/yolov8_bringup/package.bash'
[1.985s] INFO:colcon.colcon_core.shell:Creating package script '/home/hrc/HD-Robotic_camera/One_node_optimizing/install/yolov8_bringup/share/yolov8_bringup/package.zsh'
[1.985s] Level 1:colcon.colcon_core.environment:create_file_with_runtime_dependencies(/home/hrc/HD-Robotic_camera/One_node_optimizing/install/yolov8_bringup/share/colcon-core/packages/yolov8_bringup)
[1.985s] DEBUG:colcon.colcon_parallel_executor.executor.parallel:closing loop
[1.986s] DEBUG:colcon.colcon_parallel_executor.executor.parallel:loop closed
[1.986s] DEBUG:colcon.colcon_parallel_executor.executor.parallel:run_until_complete finished with '0'
[1.986s] DEBUG:colcon.colcon_core.event_reactor:joining thread
[2.003s] INFO:colcon.colcon_core.plugin_system:Skipping extension 'colcon_notification.desktop_notification.terminal_notifier': Not used on non-Darwin systems
[2.003s] INFO:colcon.colcon_core.plugin_system:Skipping extension 'colcon_notification.desktop_notification.win32': Not used on non-Windows systems
[2.003s] INFO:colcon.colcon_notification.desktop_notification:Sending desktop notification using 'notify2'
[2.031s] DEBUG:colcon.colcon_core.event_reactor:joined thread
[2.032s] INFO:colcon.colcon_core.shell:Creating prefix script '/home/hrc/HD-Robotic_camera/One_node_optimizing/install/local_setup.ps1'
[2.032s] INFO:colcon.colcon_core.shell:Creating prefix util module '/home/hrc/HD-Robotic_camera/One_node_optimizing/install/_local_setup_util_ps1.py'
[2.033s] INFO:colcon.colcon_core.shell:Creating prefix chain script '/home/hrc/HD-Robotic_camera/One_node_optimizing/install/setup.ps1'
[2.034s] INFO:colcon.colcon_core.shell:Creating prefix script '/home/hrc/HD-Robotic_camera/One_node_optimizing/install/local_setup.sh'
[2.035s] INFO:colcon.colcon_core.shell:Creating prefix util module '/home/hrc/HD-Robotic_camera/One_node_optimizing/install/_local_setup_util_sh.py'
[2.035s] INFO:colcon.colcon_core.shell:Creating prefix chain script '/home/hrc/HD-Robotic_camera/One_node_optimizing/install/setup.sh'
[2.036s] INFO:colcon.colcon_core.shell:Creating prefix script '/home/hrc/HD-Robotic_camera/One_node_optimizing/install/local_setup.bash'
[2.036s] INFO:colcon.colcon_core.shell:Creating prefix chain script '/home/hrc/HD-Robotic_camera/One_node_optimizing/install/setup.bash'
[2.037s] INFO:colcon.colcon_core.shell:Creating prefix script '/home/hrc/HD-Robotic_camera/One_node_optimizing/install/local_setup.zsh'
[2.038s] INFO:colcon.colcon_core.shell:Creating prefix chain script '/home/hrc/HD-Robotic_camera/One_node_optimizing/install/setup.zsh'
