[0.077s] DEBUG:colcon:Command line arguments: ['/usr/bin/colcon', 'build']
[0.077s] DEBUG:colcon:Parsed command line arguments: Namespace(log_base=None, log_level=None, verb_name='build', build_base='build', install_base='install', merge_install=False, symlink_install=False, test_result_base=None, continue_on_error=False, executor='parallel', parallel_workers=16, event_handlers=None, ignore_user_meta=False, metas=['./colcon.meta'], base_paths=['.'], packages_ignore=None, packages_ignore_regex=None, paths=None, packages_up_to=None, packages_up_to_regex=None, packages_above=None, packages_above_and_dependencies=None, packages_above_depth=None, packages_select_by_dep=None, packages_skip_by_dep=None, packages_skip_up_to=None, packages_select_build_failed=False, packages_skip_build_finished=False, packages_select_test_failures=False, packages_skip_test_passed=False, packages_select=None, packages_skip=None, packages_select_regex=None, packages_skip_regex=None, packages_start=None, packages_end=None, allow_overriding=[], cmake_args=None, cmake_target=None, cmake_target_skip_unavailable=False, cmake_clean_cache=False, cmake_clean_first=False, cmake_force_configure=False, ament_cmake_args=None, catkin_cmake_args=None, catkin_skip_building_tests=False, verb_parser=<colcon_defaults.argument_parser.defaults.DefaultArgumentsDecorator object at 0x79a43bc7d480>, verb_extension=<colcon_core.verb.build.BuildVerb object at 0x79a43bc7cb20>, main=<bound method BuildVerb.main of <colcon_core.verb.build.BuildVerb object at 0x79a43bc7cb20>>)
[0.176s] Level 1:colcon.colcon_core.package_discovery:discover_packages(colcon_meta) check parameters
[0.176s] Level 1:colcon.colcon_core.package_discovery:discover_packages(recursive) check parameters
[0.176s] Level 1:colcon.colcon_core.package_discovery:discover_packages(ignore) check parameters
[0.176s] Level 1:colcon.colcon_core.package_discovery:discover_packages(path) check parameters
[0.176s] Level 1:colcon.colcon_core.package_discovery:discover_packages(colcon_meta) discover
[0.176s] Level 1:colcon.colcon_core.package_discovery:discover_packages(recursive) discover
[0.176s] INFO:colcon.colcon_core.package_discovery:Crawling recursively for packages in '/home/hrc/HD-Robotic_camera/One_node_optimizing'
[0.176s] Level 1:colcon.colcon_core.package_identification:_identify(.) by extensions ['ignore', 'ignore_ament_install']
[0.176s] Level 1:colcon.colcon_core.package_identification:_identify(.) by extension 'ignore'
[0.176s] Level 1:colcon.colcon_core.package_identification:_identify(.) by extension 'ignore_ament_install'
[0.176s] Level 1:colcon.colcon_core.package_identification:_identify(.) by extensions ['colcon_pkg']
[0.176s] Level 1:colcon.colcon_core.package_identification:_identify(.) by extension 'colcon_pkg'
[0.176s] Level 1:colcon.colcon_core.package_identification:_identify(.) by extensions ['colcon_meta']
[0.176s] Level 1:colcon.colcon_core.package_identification:_identify(.) by extension 'colcon_meta'
[0.176s] Level 1:colcon.colcon_core.package_identification:_identify(.) by extensions ['ros']
[0.176s] Level 1:colcon.colcon_core.package_identification:_identify(.) by extension 'ros'
[0.184s] Level 1:colcon.colcon_core.package_identification:_identify(.) by extensions ['cmake', 'python']
[0.184s] Level 1:colcon.colcon_core.package_identification:_identify(.) by extension 'cmake'
[0.184s] Level 1:colcon.colcon_core.package_identification:_identify(.) by extension 'python'
[0.184s] Level 1:colcon.colcon_core.package_identification:_identify(.) by extensions ['python_setup_py']
[0.184s] Level 1:colcon.colcon_core.package_identification:_identify(.) by extension 'python_setup_py'
[0.184s] Level 1:colcon.colcon_core.package_identification:_identify(build) by extensions ['ignore', 'ignore_ament_install']
[0.184s] Level 1:colcon.colcon_core.package_identification:_identify(build) by extension 'ignore'
[0.184s] Level 1:colcon.colcon_core.package_identification:_identify(build) ignored
[0.184s] Level 1:colcon.colcon_core.package_identification:_identify(install) by extensions ['ignore', 'ignore_ament_install']
[0.185s] Level 1:colcon.colcon_core.package_identification:_identify(install) by extension 'ignore'
[0.185s] Level 1:colcon.colcon_core.package_identification:_identify(install) ignored
[0.185s] Level 1:colcon.colcon_core.package_identification:_identify(log) by extensions ['ignore', 'ignore_ament_install']
[0.185s] Level 1:colcon.colcon_core.package_identification:_identify(log) by extension 'ignore'
[0.185s] Level 1:colcon.colcon_core.package_identification:_identify(log) ignored
[0.185s] Level 1:colcon.colcon_core.package_identification:_identify(yolov8_ros) by extensions ['ignore', 'ignore_ament_install']
[0.185s] Level 1:colcon.colcon_core.package_identification:_identify(yolov8_ros) by extension 'ignore'
[0.185s] Level 1:colcon.colcon_core.package_identification:_identify(yolov8_ros) by extension 'ignore_ament_install'
[0.185s] Level 1:colcon.colcon_core.package_identification:_identify(yolov8_ros) by extensions ['colcon_pkg']
[0.185s] Level 1:colcon.colcon_core.package_identification:_identify(yolov8_ros) by extension 'colcon_pkg'
[0.185s] Level 1:colcon.colcon_core.package_identification:_identify(yolov8_ros) by extensions ['colcon_meta']
[0.185s] Level 1:colcon.colcon_core.package_identification:_identify(yolov8_ros) by extension 'colcon_meta'
[0.185s] Level 1:colcon.colcon_core.package_identification:_identify(yolov8_ros) by extensions ['ros']
[0.185s] Level 1:colcon.colcon_core.package_identification:_identify(yolov8_ros) by extension 'ros'
[0.185s] Level 1:colcon.colcon_core.package_identification:_identify(yolov8_ros) by extensions ['cmake', 'python']
[0.185s] Level 1:colcon.colcon_core.package_identification:_identify(yolov8_ros) by extension 'cmake'
[0.185s] Level 1:colcon.colcon_core.package_identification:_identify(yolov8_ros) by extension 'python'
[0.185s] Level 1:colcon.colcon_core.package_identification:_identify(yolov8_ros) by extensions ['python_setup_py']
[0.185s] Level 1:colcon.colcon_core.package_identification:_identify(yolov8_ros) by extension 'python_setup_py'
[0.185s] Level 1:colcon.colcon_core.package_identification:_identify(yolov8_ros/docs) by extensions ['ignore', 'ignore_ament_install']
[0.185s] Level 1:colcon.colcon_core.package_identification:_identify(yolov8_ros/docs) by extension 'ignore'
[0.185s] Level 1:colcon.colcon_core.package_identification:_identify(yolov8_ros/docs) by extension 'ignore_ament_install'
[0.185s] Level 1:colcon.colcon_core.package_identification:_identify(yolov8_ros/docs) by extensions ['colcon_pkg']
[0.185s] Level 1:colcon.colcon_core.package_identification:_identify(yolov8_ros/docs) by extension 'colcon_pkg'
[0.185s] Level 1:colcon.colcon_core.package_identification:_identify(yolov8_ros/docs) by extensions ['colcon_meta']
[0.185s] Level 1:colcon.colcon_core.package_identification:_identify(yolov8_ros/docs) by extension 'colcon_meta'
[0.185s] Level 1:colcon.colcon_core.package_identification:_identify(yolov8_ros/docs) by extensions ['ros']
[0.185s] Level 1:colcon.colcon_core.package_identification:_identify(yolov8_ros/docs) by extension 'ros'
[0.185s] Level 1:colcon.colcon_core.package_identification:_identify(yolov8_ros/docs) by extensions ['cmake', 'python']
[0.185s] Level 1:colcon.colcon_core.package_identification:_identify(yolov8_ros/docs) by extension 'cmake'
[0.185s] Level 1:colcon.colcon_core.package_identification:_identify(yolov8_ros/docs) by extension 'python'
[0.185s] Level 1:colcon.colcon_core.package_identification:_identify(yolov8_ros/docs) by extensions ['python_setup_py']
[0.185s] Level 1:colcon.colcon_core.package_identification:_identify(yolov8_ros/docs) by extension 'python_setup_py'
[0.185s] Level 1:colcon.colcon_core.package_identification:_identify(yolov8_ros/yolov8_bringup) by extensions ['ignore', 'ignore_ament_install']
[0.185s] Level 1:colcon.colcon_core.package_identification:_identify(yolov8_ros/yolov8_bringup) by extension 'ignore'
[0.186s] Level 1:colcon.colcon_core.package_identification:_identify(yolov8_ros/yolov8_bringup) by extension 'ignore_ament_install'
[0.186s] Level 1:colcon.colcon_core.package_identification:_identify(yolov8_ros/yolov8_bringup) by extensions ['colcon_pkg']
[0.186s] Level 1:colcon.colcon_core.package_identification:_identify(yolov8_ros/yolov8_bringup) by extension 'colcon_pkg'
[0.186s] Level 1:colcon.colcon_core.package_identification:_identify(yolov8_ros/yolov8_bringup) by extensions ['colcon_meta']
[0.186s] Level 1:colcon.colcon_core.package_identification:_identify(yolov8_ros/yolov8_bringup) by extension 'colcon_meta'
[0.186s] Level 1:colcon.colcon_core.package_identification:_identify(yolov8_ros/yolov8_bringup) by extensions ['ros']
[0.186s] Level 1:colcon.colcon_core.package_identification:_identify(yolov8_ros/yolov8_bringup) by extension 'ros'
[0.187s] DEBUG:colcon.colcon_core.package_identification:Package 'yolov8_ros/yolov8_bringup' with type 'ros.ament_cmake' and name 'yolov8_bringup'
[0.187s] Level 1:colcon.colcon_core.package_identification:_identify(yolov8_ros/yolov8_msgs) by extensions ['ignore', 'ignore_ament_install']
[0.187s] Level 1:colcon.colcon_core.package_identification:_identify(yolov8_ros/yolov8_msgs) by extension 'ignore'
[0.187s] Level 1:colcon.colcon_core.package_identification:_identify(yolov8_ros/yolov8_msgs) by extension 'ignore_ament_install'
[0.187s] Level 1:colcon.colcon_core.package_identification:_identify(yolov8_ros/yolov8_msgs) by extensions ['colcon_pkg']
[0.187s] Level 1:colcon.colcon_core.package_identification:_identify(yolov8_ros/yolov8_msgs) by extension 'colcon_pkg'
[0.187s] Level 1:colcon.colcon_core.package_identification:_identify(yolov8_ros/yolov8_msgs) by extensions ['colcon_meta']
[0.188s] Level 1:colcon.colcon_core.package_identification:_identify(yolov8_ros/yolov8_msgs) by extension 'colcon_meta'
[0.188s] Level 1:colcon.colcon_core.package_identification:_identify(yolov8_ros/yolov8_msgs) by extensions ['ros']
[0.188s] Level 1:colcon.colcon_core.package_identification:_identify(yolov8_ros/yolov8_msgs) by extension 'ros'
[0.195s] DEBUG:colcon.colcon_core.package_identification:Package 'yolov8_ros/yolov8_msgs' with type 'ros.ament_cmake' and name 'yolov8_msgs'
[0.195s] Level 1:colcon.colcon_core.package_identification:_identify(yolov8_ros/yolov8_ros) by extensions ['ignore', 'ignore_ament_install']
[0.195s] Level 1:colcon.colcon_core.package_identification:_identify(yolov8_ros/yolov8_ros) by extension 'ignore'
[0.196s] Level 1:colcon.colcon_core.package_identification:_identify(yolov8_ros/yolov8_ros) by extension 'ignore_ament_install'
[0.196s] Level 1:colcon.colcon_core.package_identification:_identify(yolov8_ros/yolov8_ros) by extensions ['colcon_pkg']
[0.196s] Level 1:colcon.colcon_core.package_identification:_identify(yolov8_ros/yolov8_ros) by extension 'colcon_pkg'
[0.196s] Level 1:colcon.colcon_core.package_identification:_identify(yolov8_ros/yolov8_ros) by extensions ['colcon_meta']
[0.196s] Level 1:colcon.colcon_core.package_identification:_identify(yolov8_ros/yolov8_ros) by extension 'colcon_meta'
[0.196s] Level 1:colcon.colcon_core.package_identification:_identify(yolov8_ros/yolov8_ros) by extensions ['ros']
[0.196s] Level 1:colcon.colcon_core.package_identification:_identify(yolov8_ros/yolov8_ros) by extension 'ros'
[0.196s] DEBUG:colcon.colcon_core.package_identification:Package 'yolov8_ros/yolov8_ros' with type 'ros.ament_python' and name 'yolov8_ros'
[0.196s] Level 1:colcon.colcon_core.package_discovery:discover_packages(recursive) using defaults
[0.196s] Level 1:colcon.colcon_core.package_discovery:discover_packages(ignore) discover
[0.196s] Level 1:colcon.colcon_core.package_discovery:discover_packages(ignore) using defaults
[0.196s] Level 1:colcon.colcon_core.package_discovery:discover_packages(path) discover
[0.196s] Level 1:colcon.colcon_core.package_discovery:discover_packages(path) using defaults
[0.211s] Level 1:colcon.colcon_core.package_discovery:discover_packages(prefix_path) check parameters
[0.211s] Level 1:colcon.colcon_core.package_discovery:discover_packages(prefix_path) discover
[0.213s] DEBUG:colcon.colcon_installed_package_information.package_discovery:Found 344 installed packages in /opt/ros/humble
[0.216s] Level 1:colcon.colcon_core.package_discovery:discover_packages(prefix_path) using defaults
[0.243s] Level 5:colcon.colcon_core.verb:set package 'yolov8_msgs' build argument 'cmake_args' from command line to 'None'
[0.243s] Level 5:colcon.colcon_core.verb:set package 'yolov8_msgs' build argument 'cmake_target' from command line to 'None'
[0.243s] Level 5:colcon.colcon_core.verb:set package 'yolov8_msgs' build argument 'cmake_target_skip_unavailable' from command line to 'False'
[0.243s] Level 5:colcon.colcon_core.verb:set package 'yolov8_msgs' build argument 'cmake_clean_cache' from command line to 'False'
[0.243s] Level 5:colcon.colcon_core.verb:set package 'yolov8_msgs' build argument 'cmake_clean_first' from command line to 'False'
[0.243s] Level 5:colcon.colcon_core.verb:set package 'yolov8_msgs' build argument 'cmake_force_configure' from command line to 'False'
[0.243s] Level 5:colcon.colcon_core.verb:set package 'yolov8_msgs' build argument 'ament_cmake_args' from command line to 'None'
[0.243s] Level 5:colcon.colcon_core.verb:set package 'yolov8_msgs' build argument 'catkin_cmake_args' from command line to 'None'
[0.243s] Level 5:colcon.colcon_core.verb:set package 'yolov8_msgs' build argument 'catkin_skip_building_tests' from command line to 'False'
[0.243s] DEBUG:colcon.colcon_core.verb:Building package 'yolov8_msgs' with the following arguments: {'ament_cmake_args': None, 'build_base': '/home/hrc/HD-Robotic_camera/One_node_optimizing/build/yolov8_msgs', 'catkin_cmake_args': None, 'catkin_skip_building_tests': False, 'cmake_args': None, 'cmake_clean_cache': False, 'cmake_clean_first': False, 'cmake_force_configure': False, 'cmake_target': None, 'cmake_target_skip_unavailable': False, 'install_base': '/home/hrc/HD-Robotic_camera/One_node_optimizing/install/yolov8_msgs', 'merge_install': False, 'path': '/home/hrc/HD-Robotic_camera/One_node_optimizing/yolov8_ros/yolov8_msgs', 'symlink_install': False, 'test_result_base': None}
[0.243s] Level 5:colcon.colcon_core.verb:set package 'yolov8_ros' build argument 'cmake_args' from command line to 'None'
[0.243s] Level 5:colcon.colcon_core.verb:set package 'yolov8_ros' build argument 'cmake_target' from command line to 'None'
[0.243s] Level 5:colcon.colcon_core.verb:set package 'yolov8_ros' build argument 'cmake_target_skip_unavailable' from command line to 'False'
[0.243s] Level 5:colcon.colcon_core.verb:set package 'yolov8_ros' build argument 'cmake_clean_cache' from command line to 'False'
[0.243s] Level 5:colcon.colcon_core.verb:set package 'yolov8_ros' build argument 'cmake_clean_first' from command line to 'False'
[0.244s] Level 5:colcon.colcon_core.verb:set package 'yolov8_ros' build argument 'cmake_force_configure' from command line to 'False'
[0.244s] Level 5:colcon.colcon_core.verb:set package 'yolov8_ros' build argument 'ament_cmake_args' from command line to 'None'
[0.244s] Level 5:colcon.colcon_core.verb:set package 'yolov8_ros' build argument 'catkin_cmake_args' from command line to 'None'
[0.244s] Level 5:colcon.colcon_core.verb:set package 'yolov8_ros' build argument 'catkin_skip_building_tests' from command line to 'False'
[0.244s] DEBUG:colcon.colcon_core.verb:Building package 'yolov8_ros' with the following arguments: {'ament_cmake_args': None, 'build_base': '/home/hrc/HD-Robotic_camera/One_node_optimizing/build/yolov8_ros', 'catkin_cmake_args': None, 'catkin_skip_building_tests': False, 'cmake_args': None, 'cmake_clean_cache': False, 'cmake_clean_first': False, 'cmake_force_configure': False, 'cmake_target': None, 'cmake_target_skip_unavailable': False, 'install_base': '/home/hrc/HD-Robotic_camera/One_node_optimizing/install/yolov8_ros', 'merge_install': False, 'path': '/home/hrc/HD-Robotic_camera/One_node_optimizing/yolov8_ros/yolov8_ros', 'symlink_install': False, 'test_result_base': None}
[0.244s] Level 5:colcon.colcon_core.verb:set package 'yolov8_bringup' build argument 'cmake_args' from command line to 'None'
[0.244s] Level 5:colcon.colcon_core.verb:set package 'yolov8_bringup' build argument 'cmake_target' from command line to 'None'
[0.244s] Level 5:colcon.colcon_core.verb:set package 'yolov8_bringup' build argument 'cmake_target_skip_unavailable' from command line to 'False'
[0.244s] Level 5:colcon.colcon_core.verb:set package 'yolov8_bringup' build argument 'cmake_clean_cache' from command line to 'False'
[0.244s] Level 5:colcon.colcon_core.verb:set package 'yolov8_bringup' build argument 'cmake_clean_first' from command line to 'False'
[0.244s] Level 5:colcon.colcon_core.verb:set package 'yolov8_bringup' build argument 'cmake_force_configure' from command line to 'False'
[0.244s] Level 5:colcon.colcon_core.verb:set package 'yolov8_bringup' build argument 'ament_cmake_args' from command line to 'None'
[0.244s] Level 5:colcon.colcon_core.verb:set package 'yolov8_bringup' build argument 'catkin_cmake_args' from command line to 'None'
[0.244s] Level 5:colcon.colcon_core.verb:set package 'yolov8_bringup' build argument 'catkin_skip_building_tests' from command line to 'False'
[0.244s] DEBUG:colcon.colcon_core.verb:Building package 'yolov8_bringup' with the following arguments: {'ament_cmake_args': None, 'build_base': '/home/hrc/HD-Robotic_camera/One_node_optimizing/build/yolov8_bringup', 'catkin_cmake_args': None, 'catkin_skip_building_tests': False, 'cmake_args': None, 'cmake_clean_cache': False, 'cmake_clean_first': False, 'cmake_force_configure': False, 'cmake_target': None, 'cmake_target_skip_unavailable': False, 'install_base': '/home/hrc/HD-Robotic_camera/One_node_optimizing/install/yolov8_bringup', 'merge_install': False, 'path': '/home/hrc/HD-Robotic_camera/One_node_optimizing/yolov8_ros/yolov8_bringup', 'symlink_install': False, 'test_result_base': None}
[0.244s] INFO:colcon.colcon_core.executor:Executing jobs using 'parallel' executor
[0.245s] DEBUG:colcon.colcon_parallel_executor.executor.parallel:run_until_complete
[0.245s] INFO:colcon.colcon_ros.task.ament_cmake.build:Building ROS package in '/home/hrc/HD-Robotic_camera/One_node_optimizing/yolov8_ros/yolov8_msgs' with build type 'ament_cmake'
[0.245s] INFO:colcon.colcon_cmake.task.cmake.build:Building CMake package in '/home/hrc/HD-Robotic_camera/One_node_optimizing/yolov8_ros/yolov8_msgs'
[0.246s] INFO:colcon.colcon_core.plugin_system:Skipping extension 'colcon_core.shell.bat': Not used on non-Windows systems
[0.246s] INFO:colcon.colcon_core.shell:Skip shell extension 'powershell' for command environment: Not usable outside of PowerShell
[0.246s] DEBUG:colcon.colcon_core.shell:Skip shell extension 'dsv' for command environment
[0.253s] DEBUG:colcon.colcon_core.event_handler.log_command:Invoking command in '/home/hrc/HD-Robotic_camera/One_node_optimizing/build/yolov8_msgs': CMAKE_PREFIX_PATH=/opt/ros/humble /usr/bin/cmake --build /home/hrc/HD-Robotic_camera/One_node_optimizing/build/yolov8_msgs
[0.532s] DEBUG:colcon.colcon_core.event_handler.log_command:Invoked command in '/home/hrc/HD-Robotic_camera/One_node_optimizing/build/yolov8_msgs' returned '0': CMAKE_PREFIX_PATH=/opt/ros/humble /usr/bin/cmake --build /home/hrc/HD-Robotic_camera/One_node_optimizing/build/yolov8_msgs
[1.089s] DEBUG:colcon.colcon_core.event_handler.log_command:Invoking command in '/home/hrc/HD-Robotic_camera/One_node_optimizing/build/yolov8_msgs': CMAKE_PREFIX_PATH=/opt/ros/humble /usr/bin/cmake --install /home/hrc/HD-Robotic_camera/One_node_optimizing/build/yolov8_msgs
[1.134s] Level 1:colcon.colcon_core.environment:create_environment_scripts_only(yolov8_msgs)
[1.134s] DEBUG:colcon.colcon_core.event_handler.log_command:Invoked command in '/home/hrc/HD-Robotic_camera/One_node_optimizing/build/yolov8_msgs' returned '0': CMAKE_PREFIX_PATH=/opt/ros/humble /usr/bin/cmake --install /home/hrc/HD-Robotic_camera/One_node_optimizing/build/yolov8_msgs
[1.136s] Level 1:colcon.colcon_core.environment:checking '/home/hrc/HD-Robotic_camera/One_node_optimizing/install/yolov8_msgs' for CMake module files
[1.136s] Level 1:colcon.colcon_core.environment:checking '/home/hrc/HD-Robotic_camera/One_node_optimizing/install/yolov8_msgs' for CMake config files
[1.136s] Level 1:colcon.colcon_core.shell:create_environment_hook('yolov8_msgs', 'cmake_prefix_path')
[1.136s] INFO:colcon.colcon_core.shell:Creating environment hook '/home/hrc/HD-Robotic_camera/One_node_optimizing/install/yolov8_msgs/share/yolov8_msgs/hook/cmake_prefix_path.ps1'
[1.137s] INFO:colcon.colcon_core.shell:Creating environment descriptor '/home/hrc/HD-Robotic_camera/One_node_optimizing/install/yolov8_msgs/share/yolov8_msgs/hook/cmake_prefix_path.dsv'
[1.137s] INFO:colcon.colcon_core.shell:Creating environment hook '/home/hrc/HD-Robotic_camera/One_node_optimizing/install/yolov8_msgs/share/yolov8_msgs/hook/cmake_prefix_path.sh'
[1.137s] Level 1:colcon.colcon_core.environment:checking '/home/hrc/HD-Robotic_camera/One_node_optimizing/install/yolov8_msgs/lib'
[1.138s] Level 1:colcon.colcon_core.shell:create_environment_hook('yolov8_msgs', 'ld_library_path_lib')
[1.138s] INFO:colcon.colcon_core.shell:Creating environment hook '/home/hrc/HD-Robotic_camera/One_node_optimizing/install/yolov8_msgs/share/yolov8_msgs/hook/ld_library_path_lib.ps1'
[1.138s] INFO:colcon.colcon_core.shell:Creating environment descriptor '/home/hrc/HD-Robotic_camera/One_node_optimizing/install/yolov8_msgs/share/yolov8_msgs/hook/ld_library_path_lib.dsv'
[1.138s] INFO:colcon.colcon_core.shell:Creating environment hook '/home/hrc/HD-Robotic_camera/One_node_optimizing/install/yolov8_msgs/share/yolov8_msgs/hook/ld_library_path_lib.sh'
[1.138s] Level 1:colcon.colcon_core.environment:checking '/home/hrc/HD-Robotic_camera/One_node_optimizing/install/yolov8_msgs/bin'
[1.138s] Level 1:colcon.colcon_core.environment:checking '/home/hrc/HD-Robotic_camera/One_node_optimizing/install/yolov8_msgs/lib/pkgconfig/yolov8_msgs.pc'
[1.138s] Level 1:colcon.colcon_core.environment:checking '/home/hrc/HD-Robotic_camera/One_node_optimizing/install/yolov8_msgs/lib/python3.10/site-packages'
[1.139s] Level 1:colcon.colcon_core.environment:checking '/home/hrc/HD-Robotic_camera/One_node_optimizing/install/yolov8_msgs/bin'
[1.139s] INFO:colcon.colcon_core.shell:Creating package script '/home/hrc/HD-Robotic_camera/One_node_optimizing/install/yolov8_msgs/share/yolov8_msgs/package.ps1'
[1.139s] INFO:colcon.colcon_core.shell:Creating package descriptor '/home/hrc/HD-Robotic_camera/One_node_optimizing/install/yolov8_msgs/share/yolov8_msgs/package.dsv'
[1.140s] INFO:colcon.colcon_core.shell:Creating package script '/home/hrc/HD-Robotic_camera/One_node_optimizing/install/yolov8_msgs/share/yolov8_msgs/package.sh'
[1.140s] INFO:colcon.colcon_core.shell:Creating package script '/home/hrc/HD-Robotic_camera/One_node_optimizing/install/yolov8_msgs/share/yolov8_msgs/package.bash'
[1.140s] INFO:colcon.colcon_core.shell:Creating package script '/home/hrc/HD-Robotic_camera/One_node_optimizing/install/yolov8_msgs/share/yolov8_msgs/package.zsh'
[1.141s] Level 1:colcon.colcon_core.environment:create_file_with_runtime_dependencies(/home/hrc/HD-Robotic_camera/One_node_optimizing/install/yolov8_msgs/share/colcon-core/packages/yolov8_msgs)
[1.393s] Level 1:colcon.colcon_core.environment:create_environment_scripts_only(yolov8_msgs)
[1.394s] Level 1:colcon.colcon_core.environment:checking '/home/hrc/HD-Robotic_camera/One_node_optimizing/install/yolov8_msgs' for CMake module files
[1.394s] Level 1:colcon.colcon_core.environment:checking '/home/hrc/HD-Robotic_camera/One_node_optimizing/install/yolov8_msgs' for CMake config files
[1.394s] Level 1:colcon.colcon_core.shell:create_environment_hook('yolov8_msgs', 'cmake_prefix_path')
[1.394s] INFO:colcon.colcon_core.shell:Creating environment hook '/home/hrc/HD-Robotic_camera/One_node_optimizing/install/yolov8_msgs/share/yolov8_msgs/hook/cmake_prefix_path.ps1'
[1.395s] INFO:colcon.colcon_core.shell:Creating environment descriptor '/home/hrc/HD-Robotic_camera/One_node_optimizing/install/yolov8_msgs/share/yolov8_msgs/hook/cmake_prefix_path.dsv'
[1.395s] INFO:colcon.colcon_core.shell:Creating environment hook '/home/hrc/HD-Robotic_camera/One_node_optimizing/install/yolov8_msgs/share/yolov8_msgs/hook/cmake_prefix_path.sh'
[1.395s] Level 1:colcon.colcon_core.environment:checking '/home/hrc/HD-Robotic_camera/One_node_optimizing/install/yolov8_msgs/lib'
[1.395s] Level 1:colcon.colcon_core.shell:create_environment_hook('yolov8_msgs', 'ld_library_path_lib')
[1.395s] INFO:colcon.colcon_core.shell:Creating environment hook '/home/hrc/HD-Robotic_camera/One_node_optimizing/install/yolov8_msgs/share/yolov8_msgs/hook/ld_library_path_lib.ps1'
[1.396s] INFO:colcon.colcon_core.shell:Creating environment descriptor '/home/hrc/HD-Robotic_camera/One_node_optimizing/install/yolov8_msgs/share/yolov8_msgs/hook/ld_library_path_lib.dsv'
[1.396s] INFO:colcon.colcon_core.shell:Creating environment hook '/home/hrc/HD-Robotic_camera/One_node_optimizing/install/yolov8_msgs/share/yolov8_msgs/hook/ld_library_path_lib.sh'
[1.396s] Level 1:colcon.colcon_core.environment:checking '/home/hrc/HD-Robotic_camera/One_node_optimizing/install/yolov8_msgs/bin'
[1.396s] Level 1:colcon.colcon_core.environment:checking '/home/hrc/HD-Robotic_camera/One_node_optimizing/install/yolov8_msgs/lib/pkgconfig/yolov8_msgs.pc'
[1.396s] Level 1:colcon.colcon_core.environment:checking '/home/hrc/HD-Robotic_camera/One_node_optimizing/install/yolov8_msgs/lib/python3.10/site-packages'
[1.396s] Level 1:colcon.colcon_core.environment:checking '/home/hrc/HD-Robotic_camera/One_node_optimizing/install/yolov8_msgs/bin'
[1.396s] INFO:colcon.colcon_core.shell:Creating package script '/home/hrc/HD-Robotic_camera/One_node_optimizing/install/yolov8_msgs/share/yolov8_msgs/package.ps1'
[1.397s] INFO:colcon.colcon_core.shell:Creating package descriptor '/home/hrc/HD-Robotic_camera/One_node_optimizing/install/yolov8_msgs/share/yolov8_msgs/package.dsv'
[1.397s] INFO:colcon.colcon_core.shell:Creating package script '/home/hrc/HD-Robotic_camera/One_node_optimizing/install/yolov8_msgs/share/yolov8_msgs/package.sh'
[1.397s] INFO:colcon.colcon_core.shell:Creating package script '/home/hrc/HD-Robotic_camera/One_node_optimizing/install/yolov8_msgs/share/yolov8_msgs/package.bash'
[1.397s] INFO:colcon.colcon_core.shell:Creating package script '/home/hrc/HD-Robotic_camera/One_node_optimizing/install/yolov8_msgs/share/yolov8_msgs/package.zsh'
[1.398s] Level 1:colcon.colcon_core.environment:create_file_with_runtime_dependencies(/home/hrc/HD-Robotic_camera/One_node_optimizing/install/yolov8_msgs/share/colcon-core/packages/yolov8_msgs)
[1.398s] INFO:colcon.colcon_ros.task.ament_python.build:Building ROS package in '/home/hrc/HD-Robotic_camera/One_node_optimizing/yolov8_ros/yolov8_ros' with build type 'ament_python'
[1.398s] Level 1:colcon.colcon_core.shell:create_environment_hook('yolov8_ros', 'ament_prefix_path')
[1.398s] INFO:colcon.colcon_core.shell:Creating environment hook '/home/hrc/HD-Robotic_camera/One_node_optimizing/install/yolov8_ros/share/yolov8_ros/hook/ament_prefix_path.ps1'
[1.398s] INFO:colcon.colcon_core.shell:Creating environment descriptor '/home/hrc/HD-Robotic_camera/One_node_optimizing/install/yolov8_ros/share/yolov8_ros/hook/ament_prefix_path.dsv'
[1.399s] INFO:colcon.colcon_core.shell:Creating environment hook '/home/hrc/HD-Robotic_camera/One_node_optimizing/install/yolov8_ros/share/yolov8_ros/hook/ament_prefix_path.sh'
[1.399s] INFO:colcon.colcon_core.shell:Skip shell extension 'powershell' for command environment: Not usable outside of PowerShell
[1.399s] DEBUG:colcon.colcon_core.shell:Skip shell extension 'dsv' for command environment
[1.566s] INFO:colcon.colcon_core.task.python.build:Building Python package in '/home/hrc/HD-Robotic_camera/One_node_optimizing/yolov8_ros/yolov8_ros'
[1.567s] INFO:colcon.colcon_core.shell:Skip shell extension 'powershell' for command environment: Not usable outside of PowerShell
[1.567s] DEBUG:colcon.colcon_core.shell:Skip shell extension 'dsv' for command environment
[1.807s] DEBUG:colcon.colcon_core.event_handler.log_command:Invoking command in '/home/hrc/HD-Robotic_camera/One_node_optimizing/yolov8_ros/yolov8_ros': AMENT_PREFIX_PATH=/home/hrc/HD-Robotic_camera/One_node_optimizing/install/yolov8_msgs:${AMENT_PREFIX_PATH} CMAKE_PREFIX_PATH=/home/hrc/HD-Robotic_camera/One_node_optimizing/install/yolov8_msgs LD_LIBRARY_PATH=/home/hrc/HD-Robotic_camera/One_node_optimizing/install/yolov8_msgs/lib:${LD_LIBRARY_PATH} PYTHONPATH=/home/hrc/HD-Robotic_camera/One_node_optimizing/build/yolov8_ros/prefix_override:/usr/lib/python3/dist-packages/colcon_core/task/python/colcon_distutils_commands:/home/hrc/HD-Robotic_camera/One_node_optimizing/install/yolov8_ros/lib/python3.10/site-packages:/home/hrc/HD-Robotic_camera/One_node_optimizing/install/yolov8_msgs/local/lib/python3.10/dist-packages:${PYTHONPATH} /usr/bin/python3 -W ignore:setup.py install is deprecated setup.py egg_info --egg-base ../../build/yolov8_ros build --build-base /home/hrc/HD-Robotic_camera/One_node_optimizing/build/yolov8_ros/build install --record /home/hrc/HD-Robotic_camera/One_node_optimizing/build/yolov8_ros/install.log --single-version-externally-managed install_data
[2.078s] Level 1:colcon.colcon_core.environment:checking '/home/hrc/HD-Robotic_camera/One_node_optimizing/install/yolov8_ros' for CMake module files
[2.079s] DEBUG:colcon.colcon_core.event_handler.log_command:Invoked command in '/home/hrc/HD-Robotic_camera/One_node_optimizing/yolov8_ros/yolov8_ros' returned '0': AMENT_PREFIX_PATH=/home/hrc/HD-Robotic_camera/One_node_optimizing/install/yolov8_msgs:${AMENT_PREFIX_PATH} CMAKE_PREFIX_PATH=/home/hrc/HD-Robotic_camera/One_node_optimizing/install/yolov8_msgs LD_LIBRARY_PATH=/home/hrc/HD-Robotic_camera/One_node_optimizing/install/yolov8_msgs/lib:${LD_LIBRARY_PATH} PYTHONPATH=/home/hrc/HD-Robotic_camera/One_node_optimizing/build/yolov8_ros/prefix_override:/usr/lib/python3/dist-packages/colcon_core/task/python/colcon_distutils_commands:/home/hrc/HD-Robotic_camera/One_node_optimizing/install/yolov8_ros/lib/python3.10/site-packages:/home/hrc/HD-Robotic_camera/One_node_optimizing/install/yolov8_msgs/local/lib/python3.10/dist-packages:${PYTHONPATH} /usr/bin/python3 -W ignore:setup.py install is deprecated setup.py egg_info --egg-base ../../build/yolov8_ros build --build-base /home/hrc/HD-Robotic_camera/One_node_optimizing/build/yolov8_ros/build install --record /home/hrc/HD-Robotic_camera/One_node_optimizing/build/yolov8_ros/install.log --single-version-externally-managed install_data
[2.079s] Level 1:colcon.colcon_core.environment:checking '/home/hrc/HD-Robotic_camera/One_node_optimizing/install/yolov8_ros' for CMake config files
[2.080s] Level 1:colcon.colcon_core.environment:checking '/home/hrc/HD-Robotic_camera/One_node_optimizing/install/yolov8_ros/lib'
[2.080s] Level 1:colcon.colcon_core.environment:checking '/home/hrc/HD-Robotic_camera/One_node_optimizing/install/yolov8_ros/bin'
[2.080s] Level 1:colcon.colcon_core.environment:checking '/home/hrc/HD-Robotic_camera/One_node_optimizing/install/yolov8_ros/lib/pkgconfig/yolov8_ros.pc'
[2.080s] Level 1:colcon.colcon_core.environment:checking '/home/hrc/HD-Robotic_camera/One_node_optimizing/install/yolov8_ros/lib/python3.10/site-packages'
[2.080s] Level 1:colcon.colcon_core.shell:create_environment_hook('yolov8_ros', 'pythonpath')
[2.080s] INFO:colcon.colcon_core.shell:Creating environment hook '/home/hrc/HD-Robotic_camera/One_node_optimizing/install/yolov8_ros/share/yolov8_ros/hook/pythonpath.ps1'
[2.081s] INFO:colcon.colcon_core.shell:Creating environment descriptor '/home/hrc/HD-Robotic_camera/One_node_optimizing/install/yolov8_ros/share/yolov8_ros/hook/pythonpath.dsv'
[2.082s] INFO:colcon.colcon_core.shell:Creating environment hook '/home/hrc/HD-Robotic_camera/One_node_optimizing/install/yolov8_ros/share/yolov8_ros/hook/pythonpath.sh'
[2.083s] Level 1:colcon.colcon_core.environment:checking '/home/hrc/HD-Robotic_camera/One_node_optimizing/install/yolov8_ros/bin'
[2.083s] Level 1:colcon.colcon_core.environment:create_environment_scripts_only(yolov8_ros)
[2.084s] INFO:colcon.colcon_core.shell:Creating package script '/home/hrc/HD-Robotic_camera/One_node_optimizing/install/yolov8_ros/share/yolov8_ros/package.ps1'
[2.084s] INFO:colcon.colcon_core.shell:Creating package descriptor '/home/hrc/HD-Robotic_camera/One_node_optimizing/install/yolov8_ros/share/yolov8_ros/package.dsv'
[2.085s] INFO:colcon.colcon_core.shell:Creating package script '/home/hrc/HD-Robotic_camera/One_node_optimizing/install/yolov8_ros/share/yolov8_ros/package.sh'
[2.085s] INFO:colcon.colcon_core.shell:Creating package script '/home/hrc/HD-Robotic_camera/One_node_optimizing/install/yolov8_ros/share/yolov8_ros/package.bash'
[2.085s] INFO:colcon.colcon_core.shell:Creating package script '/home/hrc/HD-Robotic_camera/One_node_optimizing/install/yolov8_ros/share/yolov8_ros/package.zsh'
[2.085s] Level 1:colcon.colcon_core.environment:create_file_with_runtime_dependencies(/home/hrc/HD-Robotic_camera/One_node_optimizing/install/yolov8_ros/share/colcon-core/packages/yolov8_ros)
[2.085s] INFO:colcon.colcon_ros.task.ament_cmake.build:Building ROS package in '/home/hrc/HD-Robotic_camera/One_node_optimizing/yolov8_ros/yolov8_bringup' with build type 'ament_cmake'
[2.086s] INFO:colcon.colcon_cmake.task.cmake.build:Building CMake package in '/home/hrc/HD-Robotic_camera/One_node_optimizing/yolov8_ros/yolov8_bringup'
[2.086s] INFO:colcon.colcon_core.shell:Skip shell extension 'powershell' for command environment: Not usable outside of PowerShell
[2.086s] DEBUG:colcon.colcon_core.shell:Skip shell extension 'dsv' for command environment
[2.098s] DEBUG:colcon.colcon_core.event_handler.log_command:Invoking command in '/home/hrc/HD-Robotic_camera/One_node_optimizing/build/yolov8_bringup': AMENT_PREFIX_PATH=/home/hrc/HD-Robotic_camera/One_node_optimizing/install/yolov8_ros:/home/hrc/HD-Robotic_camera/One_node_optimizing/install/yolov8_msgs:${AMENT_PREFIX_PATH} CMAKE_PREFIX_PATH=/home/hrc/HD-Robotic_camera/One_node_optimizing/install/yolov8_msgs:/opt/ros/humble LD_LIBRARY_PATH=/home/hrc/HD-Robotic_camera/One_node_optimizing/install/yolov8_msgs/lib:${LD_LIBRARY_PATH} PYTHONPATH=/home/hrc/HD-Robotic_camera/One_node_optimizing/install/yolov8_ros/lib/python3.10/site-packages:/home/hrc/HD-Robotic_camera/One_node_optimizing/install/yolov8_msgs/local/lib/python3.10/dist-packages:${PYTHONPATH} /usr/bin/cmake --build /home/hrc/HD-Robotic_camera/One_node_optimizing/build/yolov8_bringup
[2.135s] DEBUG:colcon.colcon_core.event_handler.log_command:Invoked command in '/home/hrc/HD-Robotic_camera/One_node_optimizing/build/yolov8_bringup' returned '0': AMENT_PREFIX_PATH=/home/hrc/HD-Robotic_camera/One_node_optimizing/install/yolov8_ros:/home/hrc/HD-Robotic_camera/One_node_optimizing/install/yolov8_msgs:${AMENT_PREFIX_PATH} CMAKE_PREFIX_PATH=/home/hrc/HD-Robotic_camera/One_node_optimizing/install/yolov8_msgs:/opt/ros/humble LD_LIBRARY_PATH=/home/hrc/HD-Robotic_camera/One_node_optimizing/install/yolov8_msgs/lib:${LD_LIBRARY_PATH} PYTHONPATH=/home/hrc/HD-Robotic_camera/One_node_optimizing/install/yolov8_ros/lib/python3.10/site-packages:/home/hrc/HD-Robotic_camera/One_node_optimizing/install/yolov8_msgs/local/lib/python3.10/dist-packages:${PYTHONPATH} /usr/bin/cmake --build /home/hrc/HD-Robotic_camera/One_node_optimizing/build/yolov8_bringup
[2.158s] DEBUG:colcon.colcon_core.event_handler.log_command:Invoking command in '/home/hrc/HD-Robotic_camera/One_node_optimizing/build/yolov8_bringup': AMENT_PREFIX_PATH=/home/hrc/HD-Robotic_camera/One_node_optimizing/install/yolov8_ros:/home/hrc/HD-Robotic_camera/One_node_optimizing/install/yolov8_msgs:${AMENT_PREFIX_PATH} CMAKE_PREFIX_PATH=/home/hrc/HD-Robotic_camera/One_node_optimizing/install/yolov8_msgs:/opt/ros/humble LD_LIBRARY_PATH=/home/hrc/HD-Robotic_camera/One_node_optimizing/install/yolov8_msgs/lib:${LD_LIBRARY_PATH} PYTHONPATH=/home/hrc/HD-Robotic_camera/One_node_optimizing/install/yolov8_ros/lib/python3.10/site-packages:/home/hrc/HD-Robotic_camera/One_node_optimizing/install/yolov8_msgs/local/lib/python3.10/dist-packages:${PYTHONPATH} /usr/bin/cmake --install /home/hrc/HD-Robotic_camera/One_node_optimizing/build/yolov8_bringup
[2.170s] Level 1:colcon.colcon_core.environment:create_environment_scripts_only(yolov8_bringup)
[2.170s] Level 1:colcon.colcon_core.environment:checking '/home/hrc/HD-Robotic_camera/One_node_optimizing/install/yolov8_bringup' for CMake module files
[2.170s] DEBUG:colcon.colcon_core.event_handler.log_command:Invoked command in '/home/hrc/HD-Robotic_camera/One_node_optimizing/build/yolov8_bringup' returned '0': AMENT_PREFIX_PATH=/home/hrc/HD-Robotic_camera/One_node_optimizing/install/yolov8_ros:/home/hrc/HD-Robotic_camera/One_node_optimizing/install/yolov8_msgs:${AMENT_PREFIX_PATH} CMAKE_PREFIX_PATH=/home/hrc/HD-Robotic_camera/One_node_optimizing/install/yolov8_msgs:/opt/ros/humble LD_LIBRARY_PATH=/home/hrc/HD-Robotic_camera/One_node_optimizing/install/yolov8_msgs/lib:${LD_LIBRARY_PATH} PYTHONPATH=/home/hrc/HD-Robotic_camera/One_node_optimizing/install/yolov8_ros/lib/python3.10/site-packages:/home/hrc/HD-Robotic_camera/One_node_optimizing/install/yolov8_msgs/local/lib/python3.10/dist-packages:${PYTHONPATH} /usr/bin/cmake --install /home/hrc/HD-Robotic_camera/One_node_optimizing/build/yolov8_bringup
[2.171s] Level 1:colcon.colcon_core.environment:checking '/home/hrc/HD-Robotic_camera/One_node_optimizing/install/yolov8_bringup' for CMake config files
[2.171s] Level 1:colcon.colcon_core.shell:create_environment_hook('yolov8_bringup', 'cmake_prefix_path')
[2.172s] INFO:colcon.colcon_core.shell:Creating environment hook '/home/hrc/HD-Robotic_camera/One_node_optimizing/install/yolov8_bringup/share/yolov8_bringup/hook/cmake_prefix_path.ps1'
[2.172s] INFO:colcon.colcon_core.shell:Creating environment descriptor '/home/hrc/HD-Robotic_camera/One_node_optimizing/install/yolov8_bringup/share/yolov8_bringup/hook/cmake_prefix_path.dsv'
[2.172s] INFO:colcon.colcon_core.shell:Creating environment hook '/home/hrc/HD-Robotic_camera/One_node_optimizing/install/yolov8_bringup/share/yolov8_bringup/hook/cmake_prefix_path.sh'
[2.173s] Level 1:colcon.colcon_core.environment:checking '/home/hrc/HD-Robotic_camera/One_node_optimizing/install/yolov8_bringup/bin'
[2.173s] Level 1:colcon.colcon_core.environment:checking '/home/hrc/HD-Robotic_camera/One_node_optimizing/install/yolov8_bringup/lib/pkgconfig/yolov8_bringup.pc'
[2.173s] Level 1:colcon.colcon_core.environment:checking '/home/hrc/HD-Robotic_camera/One_node_optimizing/install/yolov8_bringup/lib/python3.10/site-packages'
[2.174s] Level 1:colcon.colcon_core.environment:checking '/home/hrc/HD-Robotic_camera/One_node_optimizing/install/yolov8_bringup/bin'
[2.174s] INFO:colcon.colcon_core.shell:Creating package script '/home/hrc/HD-Robotic_camera/One_node_optimizing/install/yolov8_bringup/share/yolov8_bringup/package.ps1'
[2.174s] INFO:colcon.colcon_core.shell:Creating package descriptor '/home/hrc/HD-Robotic_camera/One_node_optimizing/install/yolov8_bringup/share/yolov8_bringup/package.dsv'
[2.174s] INFO:colcon.colcon_core.shell:Creating package script '/home/hrc/HD-Robotic_camera/One_node_optimizing/install/yolov8_bringup/share/yolov8_bringup/package.sh'
[2.175s] INFO:colcon.colcon_core.shell:Creating package script '/home/hrc/HD-Robotic_camera/One_node_optimizing/install/yolov8_bringup/share/yolov8_bringup/package.bash'
[2.175s] INFO:colcon.colcon_core.shell:Creating package script '/home/hrc/HD-Robotic_camera/One_node_optimizing/install/yolov8_bringup/share/yolov8_bringup/package.zsh'
[2.175s] Level 1:colcon.colcon_core.environment:create_file_with_runtime_dependencies(/home/hrc/HD-Robotic_camera/One_node_optimizing/install/yolov8_bringup/share/colcon-core/packages/yolov8_bringup)
[2.198s] Level 1:colcon.colcon_core.environment:create_environment_scripts_only(yolov8_bringup)
[2.198s] Level 1:colcon.colcon_core.environment:checking '/home/hrc/HD-Robotic_camera/One_node_optimizing/install/yolov8_bringup' for CMake module files
[2.199s] Level 1:colcon.colcon_core.environment:checking '/home/hrc/HD-Robotic_camera/One_node_optimizing/install/yolov8_bringup' for CMake config files
[2.199s] Level 1:colcon.colcon_core.shell:create_environment_hook('yolov8_bringup', 'cmake_prefix_path')
[2.200s] INFO:colcon.colcon_core.shell:Creating environment hook '/home/hrc/HD-Robotic_camera/One_node_optimizing/install/yolov8_bringup/share/yolov8_bringup/hook/cmake_prefix_path.ps1'
[2.201s] INFO:colcon.colcon_core.shell:Creating environment descriptor '/home/hrc/HD-Robotic_camera/One_node_optimizing/install/yolov8_bringup/share/yolov8_bringup/hook/cmake_prefix_path.dsv'
[2.202s] INFO:colcon.colcon_core.shell:Creating environment hook '/home/hrc/HD-Robotic_camera/One_node_optimizing/install/yolov8_bringup/share/yolov8_bringup/hook/cmake_prefix_path.sh'
[2.202s] Level 1:colcon.colcon_core.environment:checking '/home/hrc/HD-Robotic_camera/One_node_optimizing/install/yolov8_bringup/bin'
[2.202s] Level 1:colcon.colcon_core.environment:checking '/home/hrc/HD-Robotic_camera/One_node_optimizing/install/yolov8_bringup/lib/pkgconfig/yolov8_bringup.pc'
[2.202s] Level 1:colcon.colcon_core.environment:checking '/home/hrc/HD-Robotic_camera/One_node_optimizing/install/yolov8_bringup/lib/python3.10/site-packages'
[2.203s] Level 1:colcon.colcon_core.environment:checking '/home/hrc/HD-Robotic_camera/One_node_optimizing/install/yolov8_bringup/bin'
[2.203s] INFO:colcon.colcon_core.shell:Creating package script '/home/hrc/HD-Robotic_camera/One_node_optimizing/install/yolov8_bringup/share/yolov8_bringup/package.ps1'
[2.203s] INFO:colcon.colcon_core.shell:Creating package descriptor '/home/hrc/HD-Robotic_camera/One_node_optimizing/install/yolov8_bringup/share/yolov8_bringup/package.dsv'
[2.204s] INFO:colcon.colcon_core.shell:Creating package script '/home/hrc/HD-Robotic_camera/One_node_optimizing/install/yolov8_bringup/share/yolov8_bringup/package.sh'
[2.204s] INFO:colcon.colcon_core.shell:Creating package script '/home/hrc/HD-Robotic_camera/One_node_optimizing/install/yolov8_bringup/share/yolov8_bringup/package.bash'
[2.204s] INFO:colcon.colcon_core.shell:Creating package script '/home/hrc/HD-Robotic_camera/One_node_optimizing/install/yolov8_bringup/share/yolov8_bringup/package.zsh'
[2.204s] Level 1:colcon.colcon_core.environment:create_file_with_runtime_dependencies(/home/hrc/HD-Robotic_camera/One_node_optimizing/install/yolov8_bringup/share/colcon-core/packages/yolov8_bringup)
[2.205s] DEBUG:colcon.colcon_parallel_executor.executor.parallel:closing loop
[2.205s] DEBUG:colcon.colcon_parallel_executor.executor.parallel:loop closed
[2.205s] DEBUG:colcon.colcon_parallel_executor.executor.parallel:run_until_complete finished with '0'
[2.205s] DEBUG:colcon.colcon_core.event_reactor:joining thread
[2.209s] INFO:colcon.colcon_core.plugin_system:Skipping extension 'colcon_notification.desktop_notification.terminal_notifier': Not used on non-Darwin systems
[2.209s] INFO:colcon.colcon_core.plugin_system:Skipping extension 'colcon_notification.desktop_notification.win32': Not used on non-Windows systems
[2.209s] INFO:colcon.colcon_notification.desktop_notification:Sending desktop notification using 'notify2'
[2.223s] DEBUG:colcon.colcon_core.event_reactor:joined thread
[2.224s] INFO:colcon.colcon_core.shell:Creating prefix script '/home/hrc/HD-Robotic_camera/One_node_optimizing/install/local_setup.ps1'
[2.224s] INFO:colcon.colcon_core.shell:Creating prefix util module '/home/hrc/HD-Robotic_camera/One_node_optimizing/install/_local_setup_util_ps1.py'
[2.225s] INFO:colcon.colcon_core.shell:Creating prefix chain script '/home/hrc/HD-Robotic_camera/One_node_optimizing/install/setup.ps1'
[2.226s] INFO:colcon.colcon_core.shell:Creating prefix script '/home/hrc/HD-Robotic_camera/One_node_optimizing/install/local_setup.sh'
[2.226s] INFO:colcon.colcon_core.shell:Creating prefix util module '/home/hrc/HD-Robotic_camera/One_node_optimizing/install/_local_setup_util_sh.py'
[2.227s] INFO:colcon.colcon_core.shell:Creating prefix chain script '/home/hrc/HD-Robotic_camera/One_node_optimizing/install/setup.sh'
[2.228s] INFO:colcon.colcon_core.shell:Creating prefix script '/home/hrc/HD-Robotic_camera/One_node_optimizing/install/local_setup.bash'
[2.230s] INFO:colcon.colcon_core.shell:Creating prefix chain script '/home/hrc/HD-Robotic_camera/One_node_optimizing/install/setup.bash'
[2.231s] INFO:colcon.colcon_core.shell:Creating prefix script '/home/hrc/HD-Robotic_camera/One_node_optimizing/install/local_setup.zsh'
[2.232s] INFO:colcon.colcon_core.shell:Creating prefix chain script '/home/hrc/HD-Robotic_camera/One_node_optimizing/install/setup.zsh'
