[0.009s] Invoking command in '/home/hrc/HD-Robotic_camera/One_node_optimizing/build/yolov8_msgs': CMAKE_PREFIX_PATH=/opt/ros/humble /usr/bin/cmake /home/hrc/HD-Robotic_camera/One_node_optimizing/yolov8_ros/yolov8_msgs -DCMAKE_INSTALL_PREFIX=/home/hrc/HD-Robotic_camera/One_node_optimizing/install/yolov8_msgs
[0.252s] -- The C compiler identification is GNU 11.4.0
[0.391s] -- The CXX compiler identification is GNU 11.4.0
[0.398s] -- Detecting C compiler ABI info
[0.508s] -- Detecting C compiler ABI info - done
[0.516s] -- Check for working C compiler: /usr/bin/cc - skipped
[0.517s] -- Detecting C compile features
[0.517s] -- Detecting C compile features - done
[0.521s] -- Detecting CXX compiler ABI info
[0.595s] -- Detecting CXX compiler ABI info - done
[0.600s] -- Check for working CXX compiler: /usr/bin/c++ - skipped
[0.600s] -- Detecting CXX compile features
[0.601s] -- Detecting CXX compile features - done
[0.605s] -- Found ament_cmake: 1.3.10 (/opt/ros/humble/share/ament_cmake/cmake)
[0.728s] -- Found Python3: /usr/bin/python3 (found version "3.10.12") found components: Interpreter 
[0.807s] -- Found rosidl_default_generators: 1.2.0 (/opt/ros/humble/share/rosidl_default_generators/cmake)
[0.815s] -- Using all available rosidl_typesupport_c: rosidl_typesupport_fastrtps_c;rosidl_typesupport_introspection_c
[0.825s] -- Found rosidl_adapter: 3.1.5 (/opt/ros/humble/share/rosidl_adapter/cmake)
[0.858s] -- Using all available rosidl_typesupport_cpp: rosidl_typesupport_fastrtps_cpp;rosidl_typesupport_introspection_cpp
[0.884s] -- Found std_msgs: 4.2.4 (/opt/ros/humble/share/std_msgs/cmake)
[0.907s] -- Found geometry_msgs: 4.2.4 (/opt/ros/humble/share/geometry_msgs/cmake)
[1.167s] -- Found ament_cmake_ros: 0.10.0 (/opt/ros/humble/share/ament_cmake_ros/cmake)
[1.375s] -- Using all available rosidl_typesupport_c: rosidl_typesupport_fastrtps_c;rosidl_typesupport_introspection_c
[1.605s] -- Using all available rosidl_typesupport_cpp: rosidl_typesupport_fastrtps_cpp;rosidl_typesupport_introspection_cpp
[1.624s] -- Found PythonInterp: /usr/bin/python3 (found suitable version "3.10.12", minimum required is "3.6") 
[1.626s] -- Found python_cmake_module: 0.10.0 (/opt/ros/humble/share/python_cmake_module/cmake)
[1.659s] -- Found PythonLibs: /usr/lib/x86_64-linux-gnu/libpython3.10.so (found suitable version "3.10.12", minimum required is "3.5") 
[1.659s] -- Using PYTHON_EXECUTABLE: /usr/bin/python3
[1.659s] -- Using PYTHON_INCLUDE_DIRS: /usr/include/python3.10
[1.659s] -- Using PYTHON_LIBRARIES: /usr/lib/x86_64-linux-gnu/libpython3.10.so
[1.686s] -- Found PythonExtra: .so  
[1.737s] -- Configuring done
[1.771s] -- Generating done
[1.772s] -- Build files have been written to: /home/hrc/HD-Robotic_camera/One_node_optimizing/build/yolov8_msgs
[1.777s] Invoked command in '/home/hrc/HD-Robotic_camera/One_node_optimizing/build/yolov8_msgs' returned '0': CMAKE_PREFIX_PATH=/opt/ros/humble /usr/bin/cmake /home/hrc/HD-Robotic_camera/One_node_optimizing/yolov8_ros/yolov8_msgs -DCMAKE_INSTALL_PREFIX=/home/hrc/HD-Robotic_camera/One_node_optimizing/install/yolov8_msgs
[1.778s] Invoking command in '/home/hrc/HD-Robotic_camera/One_node_optimizing/build/yolov8_msgs': CMAKE_PREFIX_PATH=/opt/ros/humble /usr/bin/cmake --build /home/hrc/HD-Robotic_camera/One_node_optimizing/build/yolov8_msgs
[1.819s] [  1%] [34m[1mGenerating C code for ROS interfaces[0m
[1.828s] [  1%] [34m[1mGenerating C++ code for ROS interfaces[0m
[1.835s] [  1%] Built target ament_cmake_python_copy_yolov8_msgs
[1.990s] running egg_info
[1.990s] creating yolov8_msgs.egg-info
[1.990s] writing yolov8_msgs.egg-info/PKG-INFO
[1.990s] writing dependency_links to yolov8_msgs.egg-info/dependency_links.txt
[1.990s] writing top-level names to yolov8_msgs.egg-info/top_level.txt
[1.990s] writing manifest file 'yolov8_msgs.egg-info/SOURCES.txt'
[1.992s] reading manifest file 'yolov8_msgs.egg-info/SOURCES.txt'
[1.992s] writing manifest file 'yolov8_msgs.egg-info/SOURCES.txt'
[2.011s] [  1%] Built target ament_cmake_python_build_yolov8_msgs_egg
[2.694s] [  1%] Built target yolov8_msgs__cpp
[2.702s] [  2%] [34m[1mGenerating C++ type support dispatch for ROS interfaces[0m
[2.705s] [  3%] [34m[1mGenerating C++ type support for eProsima Fast-RTPS[0m
[2.716s] [  3%] [34m[1mGenerating C++ introspection for ROS interfaces[0m
[2.856s] [  5%] [32mBuilding C object CMakeFiles/yolov8_msgs__rosidl_generator_c.dir/rosidl_generator_c/yolov8_msgs/msg/detail/point2_d__functions.c.o[0m
[2.856s] [  5%] [32mBuilding C object CMakeFiles/yolov8_msgs__rosidl_generator_c.dir/rosidl_generator_c/yolov8_msgs/msg/detail/vector2__functions.c.o[0m
[2.856s] [  5%] [32mBuilding C object CMakeFiles/yolov8_msgs__rosidl_generator_c.dir/rosidl_generator_c/yolov8_msgs/msg/detail/pose2_d__functions.c.o[0m
[2.907s] [  5%] [32mBuilding C object CMakeFiles/yolov8_msgs__rosidl_generator_c.dir/rosidl_generator_c/yolov8_msgs/msg/detail/bounding_box2_d__functions.c.o[0m
[2.909s] [  7%] [32mBuilding C object CMakeFiles/yolov8_msgs__rosidl_generator_c.dir/rosidl_generator_c/yolov8_msgs/msg/detail/bounding_box3_d__functions.c.o[0m
[2.909s] [  7%] [32mBuilding C object CMakeFiles/yolov8_msgs__rosidl_generator_c.dir/rosidl_generator_c/yolov8_msgs/msg/detail/mask__functions.c.o[0m
[2.943s] [  7%] [32mBuilding C object CMakeFiles/yolov8_msgs__rosidl_generator_c.dir/rosidl_generator_c/yolov8_msgs/msg/detail/key_point2_d__functions.c.o[0m
[2.951s] [  8%] [32mBuilding C object CMakeFiles/yolov8_msgs__rosidl_generator_c.dir/rosidl_generator_c/yolov8_msgs/msg/detail/key_point2_d_array__functions.c.o[0m
[2.960s] [  9%] [32mBuilding C object CMakeFiles/yolov8_msgs__rosidl_generator_c.dir/rosidl_generator_c/yolov8_msgs/msg/detail/key_point3_d__functions.c.o[0m
[2.987s] [ 10%] [32mBuilding C object CMakeFiles/yolov8_msgs__rosidl_generator_c.dir/rosidl_generator_c/yolov8_msgs/msg/detail/key_point3_d_array__functions.c.o[0m
[2.988s] [ 10%] [32mBuilding C object CMakeFiles/yolov8_msgs__rosidl_generator_c.dir/rosidl_generator_c/yolov8_msgs/msg/detail/detection__functions.c.o[0m
[3.001s] [ 11%] [32mBuilding C object CMakeFiles/yolov8_msgs__rosidl_generator_c.dir/rosidl_generator_c/yolov8_msgs/msg/detail/detection_array__functions.c.o[0m
[3.026s] [ 12%] [32mBuilding C object CMakeFiles/yolov8_msgs__rosidl_generator_c.dir/rosidl_generator_c/yolov8_msgs/msg/detail/segment_centers__functions.c.o[0m
[3.034s] [ 12%] [32mBuilding C object CMakeFiles/yolov8_msgs__rosidl_generator_c.dir/rosidl_generator_c/yolov8_msgs/msg/detail/objects__functions.c.o[0m
[3.044s] [ 13%] [32mBuilding C object CMakeFiles/yolov8_msgs__rosidl_generator_c.dir/rosidl_generator_c/yolov8_msgs/msg/detail/obj_tracking__functions.c.o[0m
[3.085s] [ 14%] [32m[1mLinking C shared library libyolov8_msgs__rosidl_generator_c.so[0m
[3.123s] [ 14%] Built target yolov8_msgs__rosidl_generator_c
[3.133s] [ 15%] [34m[1mGenerating C type support for eProsima Fast-RTPS[0m
[3.133s] [ 17%] [34m[1mGenerating C type support dispatch for ROS interfaces[0m
[3.133s] [ 17%] [34m[1mGenerating C introspection for ROS interfaces[0m
[3.331s] [ 18%] [32mBuilding CXX object CMakeFiles/yolov8_msgs__rosidl_typesupport_cpp.dir/rosidl_typesupport_cpp/yolov8_msgs/msg/point2_d__type_support.cpp.o[0m
[3.631s] [ 18%] [32mBuilding CXX object CMakeFiles/yolov8_msgs__rosidl_typesupport_cpp.dir/rosidl_typesupport_cpp/yolov8_msgs/msg/vector2__type_support.cpp.o[0m
[3.656s] [ 19%] [32mBuilding CXX object CMakeFiles/yolov8_msgs__rosidl_typesupport_introspection_cpp.dir/rosidl_typesupport_introspection_cpp/yolov8_msgs/msg/detail/point2_d__type_support.cpp.o[0m
[3.701s] [ 20%] [32mBuilding CXX object CMakeFiles/yolov8_msgs__rosidl_typesupport_fastrtps_cpp.dir/rosidl_typesupport_fastrtps_cpp/yolov8_msgs/msg/detail/dds_fastrtps/point2_d__type_support.cpp.o[0m
[3.808s] [ 20%] [32mBuilding CXX object CMakeFiles/yolov8_msgs__rosidl_typesupport_c.dir/rosidl_typesupport_c/yolov8_msgs/msg/point2_d__type_support.cpp.o[0m
[3.827s] [ 21%] [32mBuilding CXX object CMakeFiles/yolov8_msgs__rosidl_typesupport_cpp.dir/rosidl_typesupport_cpp/yolov8_msgs/msg/pose2_d__type_support.cpp.o[0m
[3.836s] [ 22%] [32mBuilding CXX object CMakeFiles/yolov8_msgs__rosidl_typesupport_c.dir/rosidl_typesupport_c/yolov8_msgs/msg/vector2__type_support.cpp.o[0m
[3.860s] [ 23%] [32mBuilding CXX object CMakeFiles/yolov8_msgs__rosidl_typesupport_c.dir/rosidl_typesupport_c/yolov8_msgs/msg/pose2_d__type_support.cpp.o[0m
[3.887s] [ 23%] [32mBuilding CXX object CMakeFiles/yolov8_msgs__rosidl_typesupport_c.dir/rosidl_typesupport_c/yolov8_msgs/msg/bounding_box2_d__type_support.cpp.o[0m
[3.913s] [ 24%] [32mBuilding CXX object CMakeFiles/yolov8_msgs__rosidl_typesupport_c.dir/rosidl_typesupport_c/yolov8_msgs/msg/bounding_box3_d__type_support.cpp.o[0m
[3.942s] [ 25%] [32mBuilding CXX object CMakeFiles/yolov8_msgs__rosidl_typesupport_c.dir/rosidl_typesupport_c/yolov8_msgs/msg/mask__type_support.cpp.o[0m
[3.966s] [ 26%] [32mBuilding CXX object CMakeFiles/yolov8_msgs__rosidl_typesupport_c.dir/rosidl_typesupport_c/yolov8_msgs/msg/key_point2_d__type_support.cpp.o[0m
[3.990s] [ 26%] [32mBuilding CXX object CMakeFiles/yolov8_msgs__rosidl_typesupport_c.dir/rosidl_typesupport_c/yolov8_msgs/msg/key_point2_d_array__type_support.cpp.o[0m
[3.990s] [ 27%] [32mBuilding CXX object CMakeFiles/yolov8_msgs__rosidl_typesupport_introspection_cpp.dir/rosidl_typesupport_introspection_cpp/yolov8_msgs/msg/detail/vector2__type_support.cpp.o[0m
[4.014s] [ 28%] [32mBuilding CXX object CMakeFiles/yolov8_msgs__rosidl_typesupport_c.dir/rosidl_typesupport_c/yolov8_msgs/msg/key_point3_d__type_support.cpp.o[0m
[4.030s] [ 29%] [32mBuilding CXX object CMakeFiles/yolov8_msgs__rosidl_typesupport_cpp.dir/rosidl_typesupport_cpp/yolov8_msgs/msg/bounding_box2_d__type_support.cpp.o[0m
[4.043s] [ 30%] [32mBuilding CXX object CMakeFiles/yolov8_msgs__rosidl_typesupport_c.dir/rosidl_typesupport_c/yolov8_msgs/msg/key_point3_d_array__type_support.cpp.o[0m
[4.058s] [ 31%] [32mBuilding CXX object CMakeFiles/yolov8_msgs__rosidl_typesupport_fastrtps_c.dir/rosidl_typesupport_fastrtps_c/yolov8_msgs/msg/detail/point2_d__type_support_c.cpp.o[0m
[4.068s] [ 31%] [32mBuilding CXX object CMakeFiles/yolov8_msgs__rosidl_typesupport_c.dir/rosidl_typesupport_c/yolov8_msgs/msg/detection__type_support.cpp.o[0m
[4.097s] [ 32%] [32mBuilding CXX object CMakeFiles/yolov8_msgs__rosidl_typesupport_c.dir/rosidl_typesupport_c/yolov8_msgs/msg/detection_array__type_support.cpp.o[0m
[4.115s] [ 33%] [32mBuilding CXX object CMakeFiles/yolov8_msgs__rosidl_typesupport_fastrtps_cpp.dir/rosidl_typesupport_fastrtps_cpp/yolov8_msgs/msg/detail/dds_fastrtps/vector2__type_support.cpp.o[0m
[4.129s] [ 34%] [32mBuilding CXX object CMakeFiles/yolov8_msgs__rosidl_typesupport_c.dir/rosidl_typesupport_c/yolov8_msgs/msg/segment_centers__type_support.cpp.o[0m
[4.160s] [ 34%] [32mBuilding CXX object CMakeFiles/yolov8_msgs__rosidl_typesupport_c.dir/rosidl_typesupport_c/yolov8_msgs/msg/objects__type_support.cpp.o[0m
[4.191s] [ 35%] [32mBuilding CXX object CMakeFiles/yolov8_msgs__rosidl_typesupport_c.dir/rosidl_typesupport_c/yolov8_msgs/msg/obj_tracking__type_support.cpp.o[0m
[4.222s] [ 36%] [32m[1mLinking CXX shared library libyolov8_msgs__rosidl_typesupport_c.so[0m
[4.238s] [ 36%] [32mBuilding CXX object CMakeFiles/yolov8_msgs__rosidl_typesupport_cpp.dir/rosidl_typesupport_cpp/yolov8_msgs/msg/bounding_box3_d__type_support.cpp.o[0m
[4.250s] [ 36%] [32mBuilding CXX object CMakeFiles/yolov8_msgs__rosidl_typesupport_introspection_cpp.dir/rosidl_typesupport_introspection_cpp/yolov8_msgs/msg/detail/pose2_d__type_support.cpp.o[0m
[4.268s] [ 36%] Built target yolov8_msgs__rosidl_typesupport_c
[4.284s] [ 37%] [32mBuilding CXX object CMakeFiles/yolov8_msgs__rosidl_typesupport_introspection_cpp.dir/rosidl_typesupport_introspection_cpp/yolov8_msgs/msg/detail/bounding_box2_d__type_support.cpp.o[0m
[4.299s] [ 37%] [32mBuilding CXX object CMakeFiles/yolov8_msgs__rosidl_typesupport_fastrtps_c.dir/rosidl_typesupport_fastrtps_c/yolov8_msgs/msg/detail/vector2__type_support_c.cpp.o[0m
[4.355s] [ 38%] [32mBuilding C object CMakeFiles/yolov8_msgs__rosidl_typesupport_introspection_c.dir/rosidl_typesupport_introspection_c/yolov8_msgs/msg/detail/point2_d__type_support.c.o[0m
[4.389s] [ 38%] [32mBuilding C object CMakeFiles/yolov8_msgs__rosidl_typesupport_introspection_c.dir/rosidl_typesupport_introspection_c/yolov8_msgs/msg/detail/vector2__type_support.c.o[0m
[4.423s] [ 39%] [32mBuilding C object CMakeFiles/yolov8_msgs__rosidl_typesupport_introspection_c.dir/rosidl_typesupport_introspection_c/yolov8_msgs/msg/detail/pose2_d__type_support.c.o[0m
[4.428s] [ 39%] [32mBuilding CXX object CMakeFiles/yolov8_msgs__rosidl_typesupport_fastrtps_cpp.dir/rosidl_typesupport_fastrtps_cpp/yolov8_msgs/msg/detail/dds_fastrtps/pose2_d__type_support.cpp.o[0m
[4.458s] [ 40%] [32mBuilding C object CMakeFiles/yolov8_msgs__rosidl_typesupport_introspection_c.dir/rosidl_typesupport_introspection_c/yolov8_msgs/msg/detail/bounding_box2_d__type_support.c.o[0m
[4.487s] [ 41%] [32mBuilding C object CMakeFiles/yolov8_msgs__rosidl_typesupport_introspection_c.dir/rosidl_typesupport_introspection_c/yolov8_msgs/msg/detail/bounding_box3_d__type_support.c.o[0m
[4.523s] [ 41%] [32mBuilding C object CMakeFiles/yolov8_msgs__rosidl_typesupport_introspection_c.dir/rosidl_typesupport_introspection_c/yolov8_msgs/msg/detail/mask__type_support.c.o[0m
[4.525s] [ 42%] [32mBuilding CXX object CMakeFiles/yolov8_msgs__rosidl_typesupport_introspection_cpp.dir/rosidl_typesupport_introspection_cpp/yolov8_msgs/msg/detail/bounding_box3_d__type_support.cpp.o[0m
[4.526s] [ 43%] [32mBuilding CXX object CMakeFiles/yolov8_msgs__rosidl_typesupport_cpp.dir/rosidl_typesupport_cpp/yolov8_msgs/msg/mask__type_support.cpp.o[0m
[4.533s] [ 44%] [32mBuilding CXX object CMakeFiles/yolov8_msgs__rosidl_typesupport_fastrtps_c.dir/rosidl_typesupport_fastrtps_c/yolov8_msgs/msg/detail/pose2_d__type_support_c.cpp.o[0m
[4.562s] [ 45%] [32mBuilding C object CMakeFiles/yolov8_msgs__rosidl_typesupport_introspection_c.dir/rosidl_typesupport_introspection_c/yolov8_msgs/msg/detail/key_point2_d__type_support.c.o[0m
[4.595s] [ 46%] [32mBuilding C object CMakeFiles/yolov8_msgs__rosidl_typesupport_introspection_c.dir/rosidl_typesupport_introspection_c/yolov8_msgs/msg/detail/key_point2_d_array__type_support.c.o[0m
[4.633s] [ 46%] [32mBuilding C object CMakeFiles/yolov8_msgs__rosidl_typesupport_introspection_c.dir/rosidl_typesupport_introspection_c/yolov8_msgs/msg/detail/key_point3_d__type_support.c.o[0m
[4.670s] [ 47%] [32mBuilding C object CMakeFiles/yolov8_msgs__rosidl_typesupport_introspection_c.dir/rosidl_typesupport_introspection_c/yolov8_msgs/msg/detail/key_point3_d_array__type_support.c.o[0m
[4.692s] [ 48%] [32mBuilding C object CMakeFiles/yolov8_msgs__rosidl_typesupport_introspection_c.dir/rosidl_typesupport_introspection_c/yolov8_msgs/msg/detail/detection__type_support.c.o[0m
[4.708s] [ 49%] [32mBuilding CXX object CMakeFiles/yolov8_msgs__rosidl_typesupport_cpp.dir/rosidl_typesupport_cpp/yolov8_msgs/msg/key_point2_d__type_support.cpp.o[0m
[4.708s] [ 49%] [32mBuilding C object CMakeFiles/yolov8_msgs__rosidl_typesupport_introspection_c.dir/rosidl_typesupport_introspection_c/yolov8_msgs/msg/detail/detection_array__type_support.c.o[0m
[4.730s] [ 50%] [32mBuilding C object CMakeFiles/yolov8_msgs__rosidl_typesupport_introspection_c.dir/rosidl_typesupport_introspection_c/yolov8_msgs/msg/detail/segment_centers__type_support.c.o[0m
[4.738s] [ 51%] [32mBuilding CXX object CMakeFiles/yolov8_msgs__rosidl_typesupport_fastrtps_cpp.dir/rosidl_typesupport_fastrtps_cpp/yolov8_msgs/msg/detail/dds_fastrtps/bounding_box2_d__type_support.cpp.o[0m
[4.750s] [ 52%] [32mBuilding C object CMakeFiles/yolov8_msgs__rosidl_typesupport_introspection_c.dir/rosidl_typesupport_introspection_c/yolov8_msgs/msg/detail/objects__type_support.c.o[0m
[4.765s] [ 53%] [32mBuilding CXX object CMakeFiles/yolov8_msgs__rosidl_typesupport_fastrtps_c.dir/rosidl_typesupport_fastrtps_c/yolov8_msgs/msg/detail/bounding_box2_d__type_support_c.cpp.o[0m
[4.778s] [ 54%] [32mBuilding C object CMakeFiles/yolov8_msgs__rosidl_typesupport_introspection_c.dir/rosidl_typesupport_introspection_c/yolov8_msgs/msg/detail/obj_tracking__type_support.c.o[0m
[4.789s] [ 55%] [32mBuilding CXX object CMakeFiles/yolov8_msgs__rosidl_typesupport_introspection_cpp.dir/rosidl_typesupport_introspection_cpp/yolov8_msgs/msg/detail/mask__type_support.cpp.o[0m
[4.809s] [ 55%] [32m[1mLinking C shared library libyolov8_msgs__rosidl_typesupport_introspection_c.so[0m
[4.827s] [ 55%] [32mBuilding CXX object CMakeFiles/yolov8_msgs__rosidl_typesupport_introspection_cpp.dir/rosidl_typesupport_introspection_cpp/yolov8_msgs/msg/detail/key_point2_d__type_support.cpp.o[0m
[4.846s] [ 55%] Built target yolov8_msgs__rosidl_typesupport_introspection_c
[4.855s] [ 56%] [32mBuilding CXX object CMakeFiles/yolov8_msgs__rosidl_typesupport_introspection_cpp.dir/rosidl_typesupport_introspection_cpp/yolov8_msgs/msg/detail/key_point2_d_array__type_support.cpp.o[0m
[4.895s] [ 57%] [32mBuilding CXX object CMakeFiles/yolov8_msgs__rosidl_typesupport_cpp.dir/rosidl_typesupport_cpp/yolov8_msgs/msg/key_point2_d_array__type_support.cpp.o[0m
[5.021s] [ 57%] [32mBuilding CXX object CMakeFiles/yolov8_msgs__rosidl_typesupport_fastrtps_c.dir/rosidl_typesupport_fastrtps_c/yolov8_msgs/msg/detail/bounding_box3_d__type_support_c.cpp.o[0m
[5.080s] [ 58%] [32mBuilding CXX object CMakeFiles/yolov8_msgs__rosidl_typesupport_introspection_cpp.dir/rosidl_typesupport_introspection_cpp/yolov8_msgs/msg/detail/key_point3_d__type_support.cpp.o[0m
[5.083s] [ 58%] [32mBuilding CXX object CMakeFiles/yolov8_msgs__rosidl_typesupport_cpp.dir/rosidl_typesupport_cpp/yolov8_msgs/msg/key_point3_d__type_support.cpp.o[0m
[5.165s] [ 59%] [32mBuilding CXX object CMakeFiles/yolov8_msgs__rosidl_typesupport_fastrtps_cpp.dir/rosidl_typesupport_fastrtps_cpp/yolov8_msgs/msg/detail/dds_fastrtps/bounding_box3_d__type_support.cpp.o[0m
[5.183s] [ 59%] [32mBuilding CXX object CMakeFiles/yolov8_msgs__rosidl_typesupport_introspection_cpp.dir/rosidl_typesupport_introspection_cpp/yolov8_msgs/msg/detail/key_point3_d_array__type_support.cpp.o[0m
[5.232s] [ 60%] [32mBuilding CXX object CMakeFiles/yolov8_msgs__rosidl_typesupport_introspection_cpp.dir/rosidl_typesupport_introspection_cpp/yolov8_msgs/msg/detail/detection__type_support.cpp.o[0m
[5.261s] [ 61%] [32mBuilding CXX object CMakeFiles/yolov8_msgs__rosidl_typesupport_cpp.dir/rosidl_typesupport_cpp/yolov8_msgs/msg/key_point3_d_array__type_support.cpp.o[0m
[5.287s] [ 62%] [32mBuilding CXX object CMakeFiles/yolov8_msgs__rosidl_typesupport_fastrtps_c.dir/rosidl_typesupport_fastrtps_c/yolov8_msgs/msg/detail/mask__type_support_c.cpp.o[0m
[5.338s] [ 63%] [32mBuilding CXX object CMakeFiles/yolov8_msgs__rosidl_typesupport_introspection_cpp.dir/rosidl_typesupport_introspection_cpp/yolov8_msgs/msg/detail/detection_array__type_support.cpp.o[0m
[5.463s] [ 64%] [32mBuilding CXX object CMakeFiles/yolov8_msgs__rosidl_typesupport_cpp.dir/rosidl_typesupport_cpp/yolov8_msgs/msg/detection__type_support.cpp.o[0m
[5.472s] [ 64%] [32mBuilding CXX object CMakeFiles/yolov8_msgs__rosidl_typesupport_fastrtps_cpp.dir/rosidl_typesupport_fastrtps_cpp/yolov8_msgs/msg/detail/dds_fastrtps/mask__type_support.cpp.o[0m
[5.487s] [ 64%] [32mBuilding CXX object CMakeFiles/yolov8_msgs__rosidl_typesupport_introspection_cpp.dir/rosidl_typesupport_introspection_cpp/yolov8_msgs/msg/detail/segment_centers__type_support.cpp.o[0m
[5.538s] [ 65%] [32mBuilding CXX object CMakeFiles/yolov8_msgs__rosidl_typesupport_fastrtps_c.dir/rosidl_typesupport_fastrtps_c/yolov8_msgs/msg/detail/key_point2_d__type_support_c.cpp.o[0m
[5.623s] [ 66%] [32mBuilding CXX object CMakeFiles/yolov8_msgs__rosidl_typesupport_introspection_cpp.dir/rosidl_typesupport_introspection_cpp/yolov8_msgs/msg/detail/objects__type_support.cpp.o[0m
[5.643s] [ 66%] [32mBuilding CXX object CMakeFiles/yolov8_msgs__rosidl_typesupport_cpp.dir/rosidl_typesupport_cpp/yolov8_msgs/msg/detection_array__type_support.cpp.o[0m
[5.809s] [ 67%] [32mBuilding CXX object CMakeFiles/yolov8_msgs__rosidl_typesupport_fastrtps_cpp.dir/rosidl_typesupport_fastrtps_cpp/yolov8_msgs/msg/detail/dds_fastrtps/key_point2_d__type_support.cpp.o[0m
[5.817s] [ 68%] [32mBuilding CXX object CMakeFiles/yolov8_msgs__rosidl_typesupport_fastrtps_c.dir/rosidl_typesupport_fastrtps_c/yolov8_msgs/msg/detail/key_point2_d_array__type_support_c.cpp.o[0m
[5.817s] [ 68%] [32mBuilding CXX object CMakeFiles/yolov8_msgs__rosidl_typesupport_fastrtps_c.dir/rosidl_typesupport_fastrtps_c/yolov8_msgs/msg/detail/key_point3_d__type_support_c.cpp.o[0m
[5.899s] [ 69%] [32mBuilding CXX object CMakeFiles/yolov8_msgs__rosidl_typesupport_cpp.dir/rosidl_typesupport_cpp/yolov8_msgs/msg/segment_centers__type_support.cpp.o[0m
[5.925s] [ 70%] [32mBuilding CXX object CMakeFiles/yolov8_msgs__rosidl_typesupport_introspection_cpp.dir/rosidl_typesupport_introspection_cpp/yolov8_msgs/msg/detail/obj_tracking__type_support.cpp.o[0m
[5.953s] [ 71%] [32mBuilding CXX object CMakeFiles/yolov8_msgs__rosidl_typesupport_cpp.dir/rosidl_typesupport_cpp/yolov8_msgs/msg/objects__type_support.cpp.o[0m
[6.073s] [ 72%] [32mBuilding CXX object CMakeFiles/yolov8_msgs__rosidl_typesupport_fastrtps_cpp.dir/rosidl_typesupport_fastrtps_cpp/yolov8_msgs/msg/detail/dds_fastrtps/key_point2_d_array__type_support.cpp.o[0m
[6.073s] [ 73%] [32mBuilding CXX object CMakeFiles/yolov8_msgs__rosidl_typesupport_fastrtps_c.dir/rosidl_typesupport_fastrtps_c/yolov8_msgs/msg/detail/key_point3_d_array__type_support_c.cpp.o[0m
[6.103s] [ 73%] [32mBuilding CXX object CMakeFiles/yolov8_msgs__rosidl_typesupport_cpp.dir/rosidl_typesupport_cpp/yolov8_msgs/msg/obj_tracking__type_support.cpp.o[0m
[6.136s] [ 73%] [32mBuilding CXX object CMakeFiles/yolov8_msgs__rosidl_typesupport_fastrtps_cpp.dir/rosidl_typesupport_fastrtps_cpp/yolov8_msgs/msg/detail/dds_fastrtps/key_point3_d__type_support.cpp.o[0m
[6.175s] [ 74%] [32mBuilding CXX object CMakeFiles/yolov8_msgs__rosidl_typesupport_fastrtps_c.dir/rosidl_typesupport_fastrtps_c/yolov8_msgs/msg/detail/detection__type_support_c.cpp.o[0m
[6.261s] [ 75%] [32m[1mLinking CXX shared library libyolov8_msgs__rosidl_typesupport_introspection_cpp.so[0m
[6.307s] [ 76%] [32m[1mLinking CXX shared library libyolov8_msgs__rosidl_typesupport_cpp.so[0m
[6.311s] [ 76%] [32mBuilding CXX object CMakeFiles/yolov8_msgs__rosidl_typesupport_fastrtps_c.dir/rosidl_typesupport_fastrtps_c/yolov8_msgs/msg/detail/detection_array__type_support_c.cpp.o[0m
[6.357s] [ 76%] Built target yolov8_msgs__rosidl_typesupport_cpp
[6.366s] [ 77%] [32mBuilding CXX object CMakeFiles/yolov8_msgs__rosidl_typesupport_fastrtps_c.dir/rosidl_typesupport_fastrtps_c/yolov8_msgs/msg/detail/segment_centers__type_support_c.cpp.o[0m
[6.366s] [ 77%] Built target yolov8_msgs__rosidl_typesupport_introspection_cpp
[6.375s] [ 78%] [32mBuilding CXX object CMakeFiles/yolov8_msgs__rosidl_typesupport_fastrtps_c.dir/rosidl_typesupport_fastrtps_c/yolov8_msgs/msg/detail/objects__type_support_c.cpp.o[0m
[6.411s] [ 79%] [32mBuilding CXX object CMakeFiles/yolov8_msgs__rosidl_typesupport_fastrtps_cpp.dir/rosidl_typesupport_fastrtps_cpp/yolov8_msgs/msg/detail/dds_fastrtps/key_point3_d_array__type_support.cpp.o[0m
[6.470s] [ 79%] [32mBuilding CXX object CMakeFiles/yolov8_msgs__rosidl_typesupport_fastrtps_c.dir/rosidl_typesupport_fastrtps_c/yolov8_msgs/msg/detail/obj_tracking__type_support_c.cpp.o[0m
[6.546s] [ 80%] [32mBuilding CXX object CMakeFiles/yolov8_msgs__rosidl_typesupport_fastrtps_cpp.dir/rosidl_typesupport_fastrtps_cpp/yolov8_msgs/msg/detail/dds_fastrtps/detection__type_support.cpp.o[0m
[6.547s] [ 81%] [32mBuilding CXX object CMakeFiles/yolov8_msgs__rosidl_typesupport_fastrtps_cpp.dir/rosidl_typesupport_fastrtps_cpp/yolov8_msgs/msg/detail/dds_fastrtps/detection_array__type_support.cpp.o[0m
[6.634s] [ 81%] [32mBuilding CXX object CMakeFiles/yolov8_msgs__rosidl_typesupport_fastrtps_cpp.dir/rosidl_typesupport_fastrtps_cpp/yolov8_msgs/msg/detail/dds_fastrtps/segment_centers__type_support.cpp.o[0m
[6.707s] [ 82%] [32mBuilding CXX object CMakeFiles/yolov8_msgs__rosidl_typesupport_fastrtps_cpp.dir/rosidl_typesupport_fastrtps_cpp/yolov8_msgs/msg/detail/dds_fastrtps/objects__type_support.cpp.o[0m
[6.731s] [ 83%] [32mBuilding CXX object CMakeFiles/yolov8_msgs__rosidl_typesupport_fastrtps_cpp.dir/rosidl_typesupport_fastrtps_cpp/yolov8_msgs/msg/detail/dds_fastrtps/obj_tracking__type_support.cpp.o[0m
[6.731s] [ 84%] [32m[1mLinking CXX shared library libyolov8_msgs__rosidl_typesupport_fastrtps_c.so[0m
[6.818s] [ 84%] Built target yolov8_msgs__rosidl_typesupport_fastrtps_c
[7.056s] [ 84%] [32m[1mLinking CXX shared library libyolov8_msgs__rosidl_typesupport_fastrtps_cpp.so[0m
[7.131s] [ 84%] Built target yolov8_msgs__rosidl_typesupport_fastrtps_cpp
[7.153s] [ 84%] Built target yolov8_msgs
[7.200s] [ 85%] [34m[1mGenerating Python code for ROS interfaces[0m
[8.711s] [ 85%] Built target yolov8_msgs__py
[8.729s] [ 86%] [32mBuilding C object CMakeFiles/yolov8_msgs__rosidl_generator_py.dir/rosidl_generator_py/yolov8_msgs/msg/_mask_s.c.o[0m
[8.730s] [ 86%] [32mBuilding C object CMakeFiles/yolov8_msgs__rosidl_generator_py.dir/rosidl_generator_py/yolov8_msgs/msg/_bounding_box3_d_s.c.o[0m
[8.731s] [ 87%] [32mBuilding C object CMakeFiles/yolov8_msgs__rosidl_generator_py.dir/rosidl_generator_py/yolov8_msgs/msg/_point2_d_s.c.o[0m
[8.731s] [ 87%] [32mBuilding C object CMakeFiles/yolov8_msgs__rosidl_generator_py.dir/rosidl_generator_py/yolov8_msgs/msg/_vector2_s.c.o[0m
[8.732s] [ 88%] [32mBuilding C object CMakeFiles/yolov8_msgs__rosidl_generator_py.dir/rosidl_generator_py/yolov8_msgs/msg/_pose2_d_s.c.o[0m
[8.732s] [ 89%] [32mBuilding C object CMakeFiles/yolov8_msgs__rosidl_generator_py.dir/rosidl_generator_py/yolov8_msgs/msg/_bounding_box2_d_s.c.o[0m
[8.826s] [ 90%] [32mBuilding C object CMakeFiles/yolov8_msgs__rosidl_generator_py.dir/rosidl_generator_py/yolov8_msgs/msg/_key_point3_d_s.c.o[0m
[8.826s] [ 91%] [32mBuilding C object CMakeFiles/yolov8_msgs__rosidl_generator_py.dir/rosidl_generator_py/yolov8_msgs/msg/_key_point2_d_s.c.o[0m
[8.828s] [ 91%] [32mBuilding C object CMakeFiles/yolov8_msgs__rosidl_generator_py.dir/rosidl_generator_py/yolov8_msgs/msg/_key_point2_d_array_s.c.o[0m
[8.832s] [ 91%] [32mBuilding C object CMakeFiles/yolov8_msgs__rosidl_generator_py.dir/rosidl_generator_py/yolov8_msgs/msg/_detection_s.c.o[0m
[8.833s] [ 92%] [32mBuilding C object CMakeFiles/yolov8_msgs__rosidl_generator_py.dir/rosidl_generator_py/yolov8_msgs/msg/_key_point3_d_array_s.c.o[0m
[8.834s] [ 93%] [32mBuilding C object CMakeFiles/yolov8_msgs__rosidl_generator_py.dir/rosidl_generator_py/yolov8_msgs/msg/_detection_array_s.c.o[0m
[8.898s] [ 94%] [32mBuilding C object CMakeFiles/yolov8_msgs__rosidl_generator_py.dir/rosidl_generator_py/yolov8_msgs/msg/_segment_centers_s.c.o[0m
[8.907s] [ 94%] [32mBuilding C object CMakeFiles/yolov8_msgs__rosidl_generator_py.dir/rosidl_generator_py/yolov8_msgs/msg/_obj_tracking_s.c.o[0m
[8.907s] [ 95%] [32mBuilding C object CMakeFiles/yolov8_msgs__rosidl_generator_py.dir/rosidl_generator_py/yolov8_msgs/msg/_objects_s.c.o[0m
[9.015s] [ 96%] [32m[1mLinking C shared library rosidl_generator_py/yolov8_msgs/libyolov8_msgs__rosidl_generator_py.so[0m
[9.068s] [ 96%] Built target yolov8_msgs__rosidl_generator_py
[9.096s] [ 97%] [32mBuilding C object CMakeFiles/yolov8_msgs__rosidl_typesupport_c__pyext.dir/rosidl_generator_py/yolov8_msgs/_yolov8_msgs_s.ep.rosidl_typesupport_c.c.o[0m
[9.096s] [ 98%] [32mBuilding C object CMakeFiles/yolov8_msgs__rosidl_typesupport_introspection_c__pyext.dir/rosidl_generator_py/yolov8_msgs/_yolov8_msgs_s.ep.rosidl_typesupport_introspection_c.c.o[0m
[9.096s] [ 99%] [32mBuilding C object CMakeFiles/yolov8_msgs__rosidl_typesupport_fastrtps_c__pyext.dir/rosidl_generator_py/yolov8_msgs/_yolov8_msgs_s.ep.rosidl_typesupport_fastrtps_c.c.o[0m
[9.192s] [ 99%] [32m[1mLinking C shared library rosidl_generator_py/yolov8_msgs/yolov8_msgs_s__rosidl_typesupport_fastrtps_c.cpython-310-x86_64-linux-gnu.so[0m
[9.200s] [100%] [32m[1mLinking C shared library rosidl_generator_py/yolov8_msgs/yolov8_msgs_s__rosidl_typesupport_introspection_c.cpython-310-x86_64-linux-gnu.so[0m
[9.207s] [100%] [32m[1mLinking C shared library rosidl_generator_py/yolov8_msgs/yolov8_msgs_s__rosidl_typesupport_c.cpython-310-x86_64-linux-gnu.so[0m
[9.230s] [100%] Built target yolov8_msgs__rosidl_typesupport_fastrtps_c__pyext
[9.234s] [100%] Built target yolov8_msgs__rosidl_typesupport_introspection_c__pyext
[9.240s] [100%] Built target yolov8_msgs__rosidl_typesupport_c__pyext
[9.252s] Invoked command in '/home/hrc/HD-Robotic_camera/One_node_optimizing/build/yolov8_msgs' returned '0': CMAKE_PREFIX_PATH=/opt/ros/humble /usr/bin/cmake --build /home/hrc/HD-Robotic_camera/One_node_optimizing/build/yolov8_msgs
[9.607s] Invoking command in '/home/hrc/HD-Robotic_camera/One_node_optimizing/build/yolov8_msgs': CMAKE_PREFIX_PATH=/opt/ros/humble /usr/bin/cmake --install /home/hrc/HD-Robotic_camera/One_node_optimizing/build/yolov8_msgs
[9.617s] -- Install configuration: ""
[9.617s] -- Installing: /home/hrc/HD-Robotic_camera/One_node_optimizing/install/yolov8_msgs/share/ament_index/resource_index/rosidl_interfaces/yolov8_msgs
[9.618s] -- Installing: /home/hrc/HD-Robotic_camera/One_node_optimizing/install/yolov8_msgs/include/yolov8_msgs/yolov8_msgs
[9.618s] -- Installing: /home/hrc/HD-Robotic_camera/One_node_optimizing/install/yolov8_msgs/include/yolov8_msgs/yolov8_msgs/msg
[9.618s] -- Installing: /home/hrc/HD-Robotic_camera/One_node_optimizing/install/yolov8_msgs/include/yolov8_msgs/yolov8_msgs/msg/bounding_box2_d.h
[9.618s] -- Installing: /home/hrc/HD-Robotic_camera/One_node_optimizing/install/yolov8_msgs/include/yolov8_msgs/yolov8_msgs/msg/detail
[9.618s] -- Installing: /home/hrc/HD-Robotic_camera/One_node_optimizing/install/yolov8_msgs/include/yolov8_msgs/yolov8_msgs/msg/detail/key_point3_d__functions.c
[9.618s] -- Installing: /home/hrc/HD-Robotic_camera/One_node_optimizing/install/yolov8_msgs/include/yolov8_msgs/yolov8_msgs/msg/detail/bounding_box3_d__type_support.h
[9.618s] -- Installing: /home/hrc/HD-Robotic_camera/One_node_optimizing/install/yolov8_msgs/include/yolov8_msgs/yolov8_msgs/msg/detail/objects__functions.c
[9.619s] -- Installing: /home/hrc/HD-Robotic_camera/One_node_optimizing/install/yolov8_msgs/include/yolov8_msgs/yolov8_msgs/msg/detail/obj_tracking__struct.h
[9.619s] -- Installing: /home/hrc/HD-Robotic_camera/One_node_optimizing/install/yolov8_msgs/include/yolov8_msgs/yolov8_msgs/msg/detail/objects__struct.h
[9.619s] -- Installing: /home/hrc/HD-Robotic_camera/One_node_optimizing/install/yolov8_msgs/include/yolov8_msgs/yolov8_msgs/msg/detail/vector2__type_support.h
[9.619s] -- Installing: /home/hrc/HD-Robotic_camera/One_node_optimizing/install/yolov8_msgs/include/yolov8_msgs/yolov8_msgs/msg/detail/vector2__struct.h
[9.619s] -- Installing: /home/hrc/HD-Robotic_camera/One_node_optimizing/install/yolov8_msgs/include/yolov8_msgs/yolov8_msgs/msg/detail/detection__struct.h
[9.619s] -- Installing: /home/hrc/HD-Robotic_camera/One_node_optimizing/install/yolov8_msgs/include/yolov8_msgs/yolov8_msgs/msg/detail/obj_tracking__type_support.h
[9.619s] -- Installing: /home/hrc/HD-Robotic_camera/One_node_optimizing/install/yolov8_msgs/include/yolov8_msgs/yolov8_msgs/msg/detail/detection_array__functions.c
[9.619s] -- Installing: /home/hrc/HD-Robotic_camera/One_node_optimizing/install/yolov8_msgs/include/yolov8_msgs/yolov8_msgs/msg/detail/mask__type_support.h
[9.619s] -- Installing: /home/hrc/HD-Robotic_camera/One_node_optimizing/install/yolov8_msgs/include/yolov8_msgs/yolov8_msgs/msg/detail/detection_array__type_support.h
[9.619s] -- Installing: /home/hrc/HD-Robotic_camera/One_node_optimizing/install/yolov8_msgs/include/yolov8_msgs/yolov8_msgs/msg/detail/point2_d__type_support.h
[9.619s] -- Installing: /home/hrc/HD-Robotic_camera/One_node_optimizing/install/yolov8_msgs/include/yolov8_msgs/yolov8_msgs/msg/detail/point2_d__struct.h
[9.620s] -- Installing: /home/hrc/HD-Robotic_camera/One_node_optimizing/install/yolov8_msgs/include/yolov8_msgs/yolov8_msgs/msg/detail/key_point2_d__functions.c
[9.620s] -- Installing: /home/hrc/HD-Robotic_camera/One_node_optimizing/install/yolov8_msgs/include/yolov8_msgs/yolov8_msgs/msg/detail/mask__functions.c
[9.620s] -- Installing: /home/hrc/HD-Robotic_camera/One_node_optimizing/install/yolov8_msgs/include/yolov8_msgs/yolov8_msgs/msg/detail/pose2_d__type_support.h
[9.620s] -- Installing: /home/hrc/HD-Robotic_camera/One_node_optimizing/install/yolov8_msgs/include/yolov8_msgs/yolov8_msgs/msg/detail/objects__functions.h
[9.620s] -- Installing: /home/hrc/HD-Robotic_camera/One_node_optimizing/install/yolov8_msgs/include/yolov8_msgs/yolov8_msgs/msg/detail/pose2_d__functions.c
[9.620s] -- Installing: /home/hrc/HD-Robotic_camera/One_node_optimizing/install/yolov8_msgs/include/yolov8_msgs/yolov8_msgs/msg/detail/detection_array__struct.h
[9.620s] -- Installing: /home/hrc/HD-Robotic_camera/One_node_optimizing/install/yolov8_msgs/include/yolov8_msgs/yolov8_msgs/msg/detail/vector2__functions.c
[9.621s] -- Installing: /home/hrc/HD-Robotic_camera/One_node_optimizing/install/yolov8_msgs/include/yolov8_msgs/yolov8_msgs/msg/detail/pose2_d__functions.h
[9.621s] -- Installing: /home/hrc/HD-Robotic_camera/One_node_optimizing/install/yolov8_msgs/include/yolov8_msgs/yolov8_msgs/msg/detail/obj_tracking__functions.h
[9.621s] -- Installing: /home/hrc/HD-Robotic_camera/One_node_optimizing/install/yolov8_msgs/include/yolov8_msgs/yolov8_msgs/msg/detail/bounding_box2_d__struct.h
[9.621s] -- Installing: /home/hrc/HD-Robotic_camera/One_node_optimizing/install/yolov8_msgs/include/yolov8_msgs/yolov8_msgs/msg/detail/bounding_box2_d__functions.h
[9.621s] -- Installing: /home/hrc/HD-Robotic_camera/One_node_optimizing/install/yolov8_msgs/include/yolov8_msgs/yolov8_msgs/msg/detail/bounding_box3_d__functions.c
[9.621s] -- Installing: /home/hrc/HD-Robotic_camera/One_node_optimizing/install/yolov8_msgs/include/yolov8_msgs/yolov8_msgs/msg/detail/bounding_box2_d__functions.c
[9.621s] -- Installing: /home/hrc/HD-Robotic_camera/One_node_optimizing/install/yolov8_msgs/include/yolov8_msgs/yolov8_msgs/msg/detail/key_point3_d__type_support.h
[9.621s] -- Installing: /home/hrc/HD-Robotic_camera/One_node_optimizing/install/yolov8_msgs/include/yolov8_msgs/yolov8_msgs/msg/detail/segment_centers__struct.h
[9.622s] -- Installing: /home/hrc/HD-Robotic_camera/One_node_optimizing/install/yolov8_msgs/include/yolov8_msgs/yolov8_msgs/msg/detail/bounding_box3_d__struct.h
[9.622s] -- Installing: /home/hrc/HD-Robotic_camera/One_node_optimizing/install/yolov8_msgs/include/yolov8_msgs/yolov8_msgs/msg/detail/vector2__functions.h
[9.622s] -- Installing: /home/hrc/HD-Robotic_camera/One_node_optimizing/install/yolov8_msgs/include/yolov8_msgs/yolov8_msgs/msg/detail/key_point3_d_array__struct.h
[9.622s] -- Installing: /home/hrc/HD-Robotic_camera/One_node_optimizing/install/yolov8_msgs/include/yolov8_msgs/yolov8_msgs/msg/detail/key_point2_d_array__functions.c
[9.622s] -- Installing: /home/hrc/HD-Robotic_camera/One_node_optimizing/install/yolov8_msgs/include/yolov8_msgs/yolov8_msgs/msg/detail/key_point2_d__functions.h
[9.622s] -- Installing: /home/hrc/HD-Robotic_camera/One_node_optimizing/install/yolov8_msgs/include/yolov8_msgs/yolov8_msgs/msg/detail/key_point3_d_array__type_support.h
[9.623s] -- Installing: /home/hrc/HD-Robotic_camera/One_node_optimizing/install/yolov8_msgs/include/yolov8_msgs/yolov8_msgs/msg/detail/detection__functions.h
[9.623s] -- Installing: /home/hrc/HD-Robotic_camera/One_node_optimizing/install/yolov8_msgs/include/yolov8_msgs/yolov8_msgs/msg/detail/segment_centers__functions.h
[9.623s] -- Installing: /home/hrc/HD-Robotic_camera/One_node_optimizing/install/yolov8_msgs/include/yolov8_msgs/yolov8_msgs/msg/detail/pose2_d__struct.h
[9.623s] -- Installing: /home/hrc/HD-Robotic_camera/One_node_optimizing/install/yolov8_msgs/include/yolov8_msgs/yolov8_msgs/msg/detail/segment_centers__functions.c
[9.623s] -- Installing: /home/hrc/HD-Robotic_camera/One_node_optimizing/install/yolov8_msgs/include/yolov8_msgs/yolov8_msgs/msg/detail/key_point2_d_array__type_support.h
[9.623s] -- Installing: /home/hrc/HD-Robotic_camera/One_node_optimizing/install/yolov8_msgs/include/yolov8_msgs/yolov8_msgs/msg/detail/mask__functions.h
[9.623s] -- Installing: /home/hrc/HD-Robotic_camera/One_node_optimizing/install/yolov8_msgs/include/yolov8_msgs/yolov8_msgs/msg/detail/key_point2_d__type_support.h
[9.623s] -- Installing: /home/hrc/HD-Robotic_camera/One_node_optimizing/install/yolov8_msgs/include/yolov8_msgs/yolov8_msgs/msg/detail/bounding_box3_d__functions.h
[9.623s] -- Installing: /home/hrc/HD-Robotic_camera/One_node_optimizing/install/yolov8_msgs/include/yolov8_msgs/yolov8_msgs/msg/detail/bounding_box2_d__type_support.h
[9.624s] -- Installing: /home/hrc/HD-Robotic_camera/One_node_optimizing/install/yolov8_msgs/include/yolov8_msgs/yolov8_msgs/msg/detail/segment_centers__type_support.h
[9.624s] -- Installing: /home/hrc/HD-Robotic_camera/One_node_optimizing/install/yolov8_msgs/include/yolov8_msgs/yolov8_msgs/msg/detail/point2_d__functions.h
[9.624s] -- Installing: /home/hrc/HD-Robotic_camera/One_node_optimizing/install/yolov8_msgs/include/yolov8_msgs/yolov8_msgs/msg/detail/key_point2_d_array__struct.h
[9.624s] -- Installing: /home/hrc/HD-Robotic_camera/One_node_optimizing/install/yolov8_msgs/include/yolov8_msgs/yolov8_msgs/msg/detail/key_point3_d__functions.h
[9.624s] -- Installing: /home/hrc/HD-Robotic_camera/One_node_optimizing/install/yolov8_msgs/include/yolov8_msgs/yolov8_msgs/msg/detail/key_point2_d__struct.h
[9.624s] -- Installing: /home/hrc/HD-Robotic_camera/One_node_optimizing/install/yolov8_msgs/include/yolov8_msgs/yolov8_msgs/msg/detail/detection_array__functions.h
[9.624s] -- Installing: /home/hrc/HD-Robotic_camera/One_node_optimizing/install/yolov8_msgs/include/yolov8_msgs/yolov8_msgs/msg/detail/obj_tracking__functions.c
[9.624s] -- Installing: /home/hrc/HD-Robotic_camera/One_node_optimizing/install/yolov8_msgs/include/yolov8_msgs/yolov8_msgs/msg/detail/detection__type_support.h
[9.624s] -- Installing: /home/hrc/HD-Robotic_camera/One_node_optimizing/install/yolov8_msgs/include/yolov8_msgs/yolov8_msgs/msg/detail/objects__type_support.h
[9.625s] -- Installing: /home/hrc/HD-Robotic_camera/One_node_optimizing/install/yolov8_msgs/include/yolov8_msgs/yolov8_msgs/msg/detail/point2_d__functions.c
[9.625s] -- Installing: /home/hrc/HD-Robotic_camera/One_node_optimizing/install/yolov8_msgs/include/yolov8_msgs/yolov8_msgs/msg/detail/key_point3_d__struct.h
[9.625s] -- Installing: /home/hrc/HD-Robotic_camera/One_node_optimizing/install/yolov8_msgs/include/yolov8_msgs/yolov8_msgs/msg/detail/detection__functions.c
[9.625s] -- Installing: /home/hrc/HD-Robotic_camera/One_node_optimizing/install/yolov8_msgs/include/yolov8_msgs/yolov8_msgs/msg/detail/key_point3_d_array__functions.c
[9.625s] -- Installing: /home/hrc/HD-Robotic_camera/One_node_optimizing/install/yolov8_msgs/include/yolov8_msgs/yolov8_msgs/msg/detail/mask__struct.h
[9.625s] -- Installing: /home/hrc/HD-Robotic_camera/One_node_optimizing/install/yolov8_msgs/include/yolov8_msgs/yolov8_msgs/msg/detail/key_point3_d_array__functions.h
[9.625s] -- Installing: /home/hrc/HD-Robotic_camera/One_node_optimizing/install/yolov8_msgs/include/yolov8_msgs/yolov8_msgs/msg/detail/key_point2_d_array__functions.h
[9.625s] -- Installing: /home/hrc/HD-Robotic_camera/One_node_optimizing/install/yolov8_msgs/include/yolov8_msgs/yolov8_msgs/msg/segment_centers.h
[9.625s] -- Installing: /home/hrc/HD-Robotic_camera/One_node_optimizing/install/yolov8_msgs/include/yolov8_msgs/yolov8_msgs/msg/detection_array.h
[9.626s] -- Installing: /home/hrc/HD-Robotic_camera/One_node_optimizing/install/yolov8_msgs/include/yolov8_msgs/yolov8_msgs/msg/key_point2_d_array.h
[9.626s] -- Installing: /home/hrc/HD-Robotic_camera/One_node_optimizing/install/yolov8_msgs/include/yolov8_msgs/yolov8_msgs/msg/rosidl_generator_c__visibility_control.h
[9.626s] -- Installing: /home/hrc/HD-Robotic_camera/One_node_optimizing/install/yolov8_msgs/include/yolov8_msgs/yolov8_msgs/msg/obj_tracking.h
[9.626s] -- Installing: /home/hrc/HD-Robotic_camera/One_node_optimizing/install/yolov8_msgs/include/yolov8_msgs/yolov8_msgs/msg/key_point3_d_array.h
[9.626s] -- Installing: /home/hrc/HD-Robotic_camera/One_node_optimizing/install/yolov8_msgs/include/yolov8_msgs/yolov8_msgs/msg/key_point3_d.h
[9.626s] -- Installing: /home/hrc/HD-Robotic_camera/One_node_optimizing/install/yolov8_msgs/include/yolov8_msgs/yolov8_msgs/msg/mask.h
[9.626s] -- Installing: /home/hrc/HD-Robotic_camera/One_node_optimizing/install/yolov8_msgs/include/yolov8_msgs/yolov8_msgs/msg/key_point2_d.h
[9.626s] -- Installing: /home/hrc/HD-Robotic_camera/One_node_optimizing/install/yolov8_msgs/include/yolov8_msgs/yolov8_msgs/msg/vector2.h
[9.626s] -- Installing: /home/hrc/HD-Robotic_camera/One_node_optimizing/install/yolov8_msgs/include/yolov8_msgs/yolov8_msgs/msg/objects.h
[9.626s] -- Installing: /home/hrc/HD-Robotic_camera/One_node_optimizing/install/yolov8_msgs/include/yolov8_msgs/yolov8_msgs/msg/bounding_box3_d.h
[9.627s] -- Installing: /home/hrc/HD-Robotic_camera/One_node_optimizing/install/yolov8_msgs/include/yolov8_msgs/yolov8_msgs/msg/detection.h
[9.627s] -- Installing: /home/hrc/HD-Robotic_camera/One_node_optimizing/install/yolov8_msgs/include/yolov8_msgs/yolov8_msgs/msg/point2_d.h
[9.627s] -- Installing: /home/hrc/HD-Robotic_camera/One_node_optimizing/install/yolov8_msgs/include/yolov8_msgs/yolov8_msgs/msg/pose2_d.h
[9.627s] -- Installing: /home/hrc/HD-Robotic_camera/One_node_optimizing/install/yolov8_msgs/share/yolov8_msgs/environment/library_path.sh
[9.627s] -- Installing: /home/hrc/HD-Robotic_camera/One_node_optimizing/install/yolov8_msgs/share/yolov8_msgs/environment/library_path.dsv
[9.627s] -- Installing: /home/hrc/HD-Robotic_camera/One_node_optimizing/install/yolov8_msgs/lib/libyolov8_msgs__rosidl_generator_c.so
[9.628s] -- Set runtime path of "/home/hrc/HD-Robotic_camera/One_node_optimizing/install/yolov8_msgs/lib/libyolov8_msgs__rosidl_generator_c.so" to ""
[9.628s] -- Up-to-date: /home/hrc/HD-Robotic_camera/One_node_optimizing/install/yolov8_msgs/include/yolov8_msgs/yolov8_msgs
[9.628s] -- Up-to-date: /home/hrc/HD-Robotic_camera/One_node_optimizing/install/yolov8_msgs/include/yolov8_msgs/yolov8_msgs/msg
[9.628s] -- Up-to-date: /home/hrc/HD-Robotic_camera/One_node_optimizing/install/yolov8_msgs/include/yolov8_msgs/yolov8_msgs/msg/detail
[9.628s] -- Installing: /home/hrc/HD-Robotic_camera/One_node_optimizing/install/yolov8_msgs/include/yolov8_msgs/yolov8_msgs/msg/detail/detection__rosidl_typesupport_fastrtps_c.h
[9.628s] -- Installing: /home/hrc/HD-Robotic_camera/One_node_optimizing/install/yolov8_msgs/include/yolov8_msgs/yolov8_msgs/msg/detail/segment_centers__rosidl_typesupport_fastrtps_c.h
[9.628s] -- Installing: /home/hrc/HD-Robotic_camera/One_node_optimizing/install/yolov8_msgs/include/yolov8_msgs/yolov8_msgs/msg/detail/mask__rosidl_typesupport_fastrtps_c.h
[9.628s] -- Installing: /home/hrc/HD-Robotic_camera/One_node_optimizing/install/yolov8_msgs/include/yolov8_msgs/yolov8_msgs/msg/detail/point2_d__rosidl_typesupport_fastrtps_c.h
[9.628s] -- Installing: /home/hrc/HD-Robotic_camera/One_node_optimizing/install/yolov8_msgs/include/yolov8_msgs/yolov8_msgs/msg/detail/key_point2_d_array__rosidl_typesupport_fastrtps_c.h
[9.628s] -- Installing: /home/hrc/HD-Robotic_camera/One_node_optimizing/install/yolov8_msgs/include/yolov8_msgs/yolov8_msgs/msg/detail/objects__rosidl_typesupport_fastrtps_c.h
[9.628s] -- Installing: /home/hrc/HD-Robotic_camera/One_node_optimizing/install/yolov8_msgs/include/yolov8_msgs/yolov8_msgs/msg/detail/key_point3_d__rosidl_typesupport_fastrtps_c.h
[9.628s] -- Installing: /home/hrc/HD-Robotic_camera/One_node_optimizing/install/yolov8_msgs/include/yolov8_msgs/yolov8_msgs/msg/detail/detection_array__rosidl_typesupport_fastrtps_c.h
[9.628s] -- Installing: /home/hrc/HD-Robotic_camera/One_node_optimizing/install/yolov8_msgs/include/yolov8_msgs/yolov8_msgs/msg/detail/obj_tracking__rosidl_typesupport_fastrtps_c.h
[9.628s] -- Installing: /home/hrc/HD-Robotic_camera/One_node_optimizing/install/yolov8_msgs/include/yolov8_msgs/yolov8_msgs/msg/detail/bounding_box2_d__rosidl_typesupport_fastrtps_c.h
[9.629s] -- Installing: /home/hrc/HD-Robotic_camera/One_node_optimizing/install/yolov8_msgs/include/yolov8_msgs/yolov8_msgs/msg/detail/key_point2_d__rosidl_typesupport_fastrtps_c.h
[9.629s] -- Installing: /home/hrc/HD-Robotic_camera/One_node_optimizing/install/yolov8_msgs/include/yolov8_msgs/yolov8_msgs/msg/detail/vector2__rosidl_typesupport_fastrtps_c.h
[9.629s] -- Installing: /home/hrc/HD-Robotic_camera/One_node_optimizing/install/yolov8_msgs/include/yolov8_msgs/yolov8_msgs/msg/detail/bounding_box3_d__rosidl_typesupport_fastrtps_c.h
[9.629s] -- Installing: /home/hrc/HD-Robotic_camera/One_node_optimizing/install/yolov8_msgs/include/yolov8_msgs/yolov8_msgs/msg/detail/pose2_d__rosidl_typesupport_fastrtps_c.h
[9.629s] -- Installing: /home/hrc/HD-Robotic_camera/One_node_optimizing/install/yolov8_msgs/include/yolov8_msgs/yolov8_msgs/msg/detail/key_point3_d_array__rosidl_typesupport_fastrtps_c.h
[9.629s] -- Installing: /home/hrc/HD-Robotic_camera/One_node_optimizing/install/yolov8_msgs/include/yolov8_msgs/yolov8_msgs/msg/rosidl_typesupport_fastrtps_c__visibility_control.h
[9.629s] -- Installing: /home/hrc/HD-Robotic_camera/One_node_optimizing/install/yolov8_msgs/lib/libyolov8_msgs__rosidl_typesupport_fastrtps_c.so
[9.629s] -- Set runtime path of "/home/hrc/HD-Robotic_camera/One_node_optimizing/install/yolov8_msgs/lib/libyolov8_msgs__rosidl_typesupport_fastrtps_c.so" to ""
[9.629s] -- Up-to-date: /home/hrc/HD-Robotic_camera/One_node_optimizing/install/yolov8_msgs/include/yolov8_msgs/yolov8_msgs
[9.629s] -- Up-to-date: /home/hrc/HD-Robotic_camera/One_node_optimizing/install/yolov8_msgs/include/yolov8_msgs/yolov8_msgs/msg
[9.630s] -- Up-to-date: /home/hrc/HD-Robotic_camera/One_node_optimizing/install/yolov8_msgs/include/yolov8_msgs/yolov8_msgs/msg/detail
[9.630s] -- Installing: /home/hrc/HD-Robotic_camera/One_node_optimizing/install/yolov8_msgs/include/yolov8_msgs/yolov8_msgs/msg/detail/vector2__type_support.c
[9.630s] -- Installing: /home/hrc/HD-Robotic_camera/One_node_optimizing/install/yolov8_msgs/include/yolov8_msgs/yolov8_msgs/msg/detail/pose2_d__rosidl_typesupport_introspection_c.h
[9.630s] -- Installing: /home/hrc/HD-Robotic_camera/One_node_optimizing/install/yolov8_msgs/include/yolov8_msgs/yolov8_msgs/msg/detail/segment_centers__type_support.c
[9.630s] -- Installing: /home/hrc/HD-Robotic_camera/One_node_optimizing/install/yolov8_msgs/include/yolov8_msgs/yolov8_msgs/msg/detail/mask__rosidl_typesupport_introspection_c.h
[9.630s] -- Installing: /home/hrc/HD-Robotic_camera/One_node_optimizing/install/yolov8_msgs/include/yolov8_msgs/yolov8_msgs/msg/detail/objects__type_support.c
[9.630s] -- Installing: /home/hrc/HD-Robotic_camera/One_node_optimizing/install/yolov8_msgs/include/yolov8_msgs/yolov8_msgs/msg/detail/obj_tracking__rosidl_typesupport_introspection_c.h
[9.630s] -- Installing: /home/hrc/HD-Robotic_camera/One_node_optimizing/install/yolov8_msgs/include/yolov8_msgs/yolov8_msgs/msg/detail/key_point2_d_array__rosidl_typesupport_introspection_c.h
[9.630s] -- Installing: /home/hrc/HD-Robotic_camera/One_node_optimizing/install/yolov8_msgs/include/yolov8_msgs/yolov8_msgs/msg/detail/key_point2_d_array__type_support.c
[9.630s] -- Installing: /home/hrc/HD-Robotic_camera/One_node_optimizing/install/yolov8_msgs/include/yolov8_msgs/yolov8_msgs/msg/detail/detection_array__rosidl_typesupport_introspection_c.h
[9.630s] -- Installing: /home/hrc/HD-Robotic_camera/One_node_optimizing/install/yolov8_msgs/include/yolov8_msgs/yolov8_msgs/msg/detail/bounding_box2_d__type_support.c
[9.630s] -- Installing: /home/hrc/HD-Robotic_camera/One_node_optimizing/install/yolov8_msgs/include/yolov8_msgs/yolov8_msgs/msg/detail/objects__rosidl_typesupport_introspection_c.h
[9.630s] -- Installing: /home/hrc/HD-Robotic_camera/One_node_optimizing/install/yolov8_msgs/include/yolov8_msgs/yolov8_msgs/msg/detail/detection__type_support.c
[9.630s] -- Installing: /home/hrc/HD-Robotic_camera/One_node_optimizing/install/yolov8_msgs/include/yolov8_msgs/yolov8_msgs/msg/detail/key_point3_d_array__rosidl_typesupport_introspection_c.h
[9.630s] -- Installing: /home/hrc/HD-Robotic_camera/One_node_optimizing/install/yolov8_msgs/include/yolov8_msgs/yolov8_msgs/msg/detail/vector2__rosidl_typesupport_introspection_c.h
[9.630s] -- Installing: /home/hrc/HD-Robotic_camera/One_node_optimizing/install/yolov8_msgs/include/yolov8_msgs/yolov8_msgs/msg/detail/key_point2_d__rosidl_typesupport_introspection_c.h
[9.631s] -- Installing: /home/hrc/HD-Robotic_camera/One_node_optimizing/install/yolov8_msgs/include/yolov8_msgs/yolov8_msgs/msg/detail/bounding_box3_d__rosidl_typesupport_introspection_c.h
[9.631s] -- Installing: /home/hrc/HD-Robotic_camera/One_node_optimizing/install/yolov8_msgs/include/yolov8_msgs/yolov8_msgs/msg/detail/key_point3_d__rosidl_typesupport_introspection_c.h
[9.631s] -- Installing: /home/hrc/HD-Robotic_camera/One_node_optimizing/install/yolov8_msgs/include/yolov8_msgs/yolov8_msgs/msg/detail/key_point2_d__type_support.c
[9.631s] -- Installing: /home/hrc/HD-Robotic_camera/One_node_optimizing/install/yolov8_msgs/include/yolov8_msgs/yolov8_msgs/msg/detail/point2_d__type_support.c
[9.631s] -- Installing: /home/hrc/HD-Robotic_camera/One_node_optimizing/install/yolov8_msgs/include/yolov8_msgs/yolov8_msgs/msg/detail/bounding_box2_d__rosidl_typesupport_introspection_c.h
[9.631s] -- Installing: /home/hrc/HD-Robotic_camera/One_node_optimizing/install/yolov8_msgs/include/yolov8_msgs/yolov8_msgs/msg/detail/obj_tracking__type_support.c
[9.631s] -- Installing: /home/hrc/HD-Robotic_camera/One_node_optimizing/install/yolov8_msgs/include/yolov8_msgs/yolov8_msgs/msg/detail/detection_array__type_support.c
[9.631s] -- Installing: /home/hrc/HD-Robotic_camera/One_node_optimizing/install/yolov8_msgs/include/yolov8_msgs/yolov8_msgs/msg/detail/mask__type_support.c
[9.631s] -- Installing: /home/hrc/HD-Robotic_camera/One_node_optimizing/install/yolov8_msgs/include/yolov8_msgs/yolov8_msgs/msg/detail/segment_centers__rosidl_typesupport_introspection_c.h
[9.631s] -- Installing: /home/hrc/HD-Robotic_camera/One_node_optimizing/install/yolov8_msgs/include/yolov8_msgs/yolov8_msgs/msg/detail/key_point3_d_array__type_support.c
[9.631s] -- Installing: /home/hrc/HD-Robotic_camera/One_node_optimizing/install/yolov8_msgs/include/yolov8_msgs/yolov8_msgs/msg/detail/key_point3_d__type_support.c
[9.631s] -- Installing: /home/hrc/HD-Robotic_camera/One_node_optimizing/install/yolov8_msgs/include/yolov8_msgs/yolov8_msgs/msg/detail/detection__rosidl_typesupport_introspection_c.h
[9.632s] -- Installing: /home/hrc/HD-Robotic_camera/One_node_optimizing/install/yolov8_msgs/include/yolov8_msgs/yolov8_msgs/msg/detail/pose2_d__type_support.c
[9.632s] -- Installing: /home/hrc/HD-Robotic_camera/One_node_optimizing/install/yolov8_msgs/include/yolov8_msgs/yolov8_msgs/msg/detail/point2_d__rosidl_typesupport_introspection_c.h
[9.632s] -- Installing: /home/hrc/HD-Robotic_camera/One_node_optimizing/install/yolov8_msgs/include/yolov8_msgs/yolov8_msgs/msg/detail/bounding_box3_d__type_support.c
[9.632s] -- Installing: /home/hrc/HD-Robotic_camera/One_node_optimizing/install/yolov8_msgs/include/yolov8_msgs/yolov8_msgs/msg/rosidl_typesupport_introspection_c__visibility_control.h
[9.632s] -- Installing: /home/hrc/HD-Robotic_camera/One_node_optimizing/install/yolov8_msgs/lib/libyolov8_msgs__rosidl_typesupport_introspection_c.so
[9.632s] -- Set runtime path of "/home/hrc/HD-Robotic_camera/One_node_optimizing/install/yolov8_msgs/lib/libyolov8_msgs__rosidl_typesupport_introspection_c.so" to ""
[9.632s] -- Installing: /home/hrc/HD-Robotic_camera/One_node_optimizing/install/yolov8_msgs/lib/libyolov8_msgs__rosidl_typesupport_c.so
[9.632s] -- Set runtime path of "/home/hrc/HD-Robotic_camera/One_node_optimizing/install/yolov8_msgs/lib/libyolov8_msgs__rosidl_typesupport_c.so" to ""
[9.632s] -- Up-to-date: /home/hrc/HD-Robotic_camera/One_node_optimizing/install/yolov8_msgs/include/yolov8_msgs/yolov8_msgs
[9.632s] -- Up-to-date: /home/hrc/HD-Robotic_camera/One_node_optimizing/install/yolov8_msgs/include/yolov8_msgs/yolov8_msgs/msg
[9.632s] -- Installing: /home/hrc/HD-Robotic_camera/One_node_optimizing/install/yolov8_msgs/include/yolov8_msgs/yolov8_msgs/msg/vector2.hpp
[9.632s] -- Up-to-date: /home/hrc/HD-Robotic_camera/One_node_optimizing/install/yolov8_msgs/include/yolov8_msgs/yolov8_msgs/msg/detail
[9.632s] -- Installing: /home/hrc/HD-Robotic_camera/One_node_optimizing/install/yolov8_msgs/include/yolov8_msgs/yolov8_msgs/msg/detail/key_point3_d__struct.hpp
[9.632s] -- Installing: /home/hrc/HD-Robotic_camera/One_node_optimizing/install/yolov8_msgs/include/yolov8_msgs/yolov8_msgs/msg/detail/pose2_d__builder.hpp
[9.632s] -- Installing: /home/hrc/HD-Robotic_camera/One_node_optimizing/install/yolov8_msgs/include/yolov8_msgs/yolov8_msgs/msg/detail/vector2__traits.hpp
[9.632s] -- Installing: /home/hrc/HD-Robotic_camera/One_node_optimizing/install/yolov8_msgs/include/yolov8_msgs/yolov8_msgs/msg/detail/mask__traits.hpp
[9.632s] -- Installing: /home/hrc/HD-Robotic_camera/One_node_optimizing/install/yolov8_msgs/include/yolov8_msgs/yolov8_msgs/msg/detail/bounding_box3_d__traits.hpp
[9.633s] -- Installing: /home/hrc/HD-Robotic_camera/One_node_optimizing/install/yolov8_msgs/include/yolov8_msgs/yolov8_msgs/msg/detail/segment_centers__builder.hpp
[9.633s] -- Installing: /home/hrc/HD-Robotic_camera/One_node_optimizing/install/yolov8_msgs/include/yolov8_msgs/yolov8_msgs/msg/detail/key_point3_d_array__struct.hpp
[9.633s] -- Installing: /home/hrc/HD-Robotic_camera/One_node_optimizing/install/yolov8_msgs/include/yolov8_msgs/yolov8_msgs/msg/detail/obj_tracking__builder.hpp
[9.633s] -- Installing: /home/hrc/HD-Robotic_camera/One_node_optimizing/install/yolov8_msgs/include/yolov8_msgs/yolov8_msgs/msg/detail/detection_array__struct.hpp
[9.633s] -- Installing: /home/hrc/HD-Robotic_camera/One_node_optimizing/install/yolov8_msgs/include/yolov8_msgs/yolov8_msgs/msg/detail/objects__builder.hpp
[9.633s] -- Installing: /home/hrc/HD-Robotic_camera/One_node_optimizing/install/yolov8_msgs/include/yolov8_msgs/yolov8_msgs/msg/detail/bounding_box2_d__traits.hpp
[9.633s] -- Installing: /home/hrc/HD-Robotic_camera/One_node_optimizing/install/yolov8_msgs/include/yolov8_msgs/yolov8_msgs/msg/detail/mask__builder.hpp
[9.633s] -- Installing: /home/hrc/HD-Robotic_camera/One_node_optimizing/install/yolov8_msgs/include/yolov8_msgs/yolov8_msgs/msg/detail/mask__struct.hpp
[9.633s] -- Installing: /home/hrc/HD-Robotic_camera/One_node_optimizing/install/yolov8_msgs/include/yolov8_msgs/yolov8_msgs/msg/detail/bounding_box3_d__struct.hpp
[9.633s] -- Installing: /home/hrc/HD-Robotic_camera/One_node_optimizing/install/yolov8_msgs/include/yolov8_msgs/yolov8_msgs/msg/detail/key_point2_d__builder.hpp
[9.633s] -- Installing: /home/hrc/HD-Robotic_camera/One_node_optimizing/install/yolov8_msgs/include/yolov8_msgs/yolov8_msgs/msg/detail/key_point3_d_array__builder.hpp
[9.633s] -- Installing: /home/hrc/HD-Robotic_camera/One_node_optimizing/install/yolov8_msgs/include/yolov8_msgs/yolov8_msgs/msg/detail/vector2__struct.hpp
[9.633s] -- Installing: /home/hrc/HD-Robotic_camera/One_node_optimizing/install/yolov8_msgs/include/yolov8_msgs/yolov8_msgs/msg/detail/key_point2_d__traits.hpp
[9.633s] -- Installing: /home/hrc/HD-Robotic_camera/One_node_optimizing/install/yolov8_msgs/include/yolov8_msgs/yolov8_msgs/msg/detail/bounding_box3_d__builder.hpp
[9.633s] -- Installing: /home/hrc/HD-Robotic_camera/One_node_optimizing/install/yolov8_msgs/include/yolov8_msgs/yolov8_msgs/msg/detail/detection_array__builder.hpp
[9.633s] -- Installing: /home/hrc/HD-Robotic_camera/One_node_optimizing/install/yolov8_msgs/include/yolov8_msgs/yolov8_msgs/msg/detail/point2_d__traits.hpp
[9.633s] -- Installing: /home/hrc/HD-Robotic_camera/One_node_optimizing/install/yolov8_msgs/include/yolov8_msgs/yolov8_msgs/msg/detail/key_point2_d__struct.hpp
[9.633s] -- Installing: /home/hrc/HD-Robotic_camera/One_node_optimizing/install/yolov8_msgs/include/yolov8_msgs/yolov8_msgs/msg/detail/segment_centers__traits.hpp
[9.633s] -- Installing: /home/hrc/HD-Robotic_camera/One_node_optimizing/install/yolov8_msgs/include/yolov8_msgs/yolov8_msgs/msg/detail/objects__traits.hpp
[9.633s] -- Installing: /home/hrc/HD-Robotic_camera/One_node_optimizing/install/yolov8_msgs/include/yolov8_msgs/yolov8_msgs/msg/detail/detection__traits.hpp
[9.634s] -- Installing: /home/hrc/HD-Robotic_camera/One_node_optimizing/install/yolov8_msgs/include/yolov8_msgs/yolov8_msgs/msg/detail/detection_array__traits.hpp
[9.634s] -- Installing: /home/hrc/HD-Robotic_camera/One_node_optimizing/install/yolov8_msgs/include/yolov8_msgs/yolov8_msgs/msg/detail/vector2__builder.hpp
[9.634s] -- Installing: /home/hrc/HD-Robotic_camera/One_node_optimizing/install/yolov8_msgs/include/yolov8_msgs/yolov8_msgs/msg/detail/bounding_box2_d__builder.hpp
[9.634s] -- Installing: /home/hrc/HD-Robotic_camera/One_node_optimizing/install/yolov8_msgs/include/yolov8_msgs/yolov8_msgs/msg/detail/segment_centers__struct.hpp
[9.634s] -- Installing: /home/hrc/HD-Robotic_camera/One_node_optimizing/install/yolov8_msgs/include/yolov8_msgs/yolov8_msgs/msg/detail/key_point2_d_array__builder.hpp
[9.634s] -- Installing: /home/hrc/HD-Robotic_camera/One_node_optimizing/install/yolov8_msgs/include/yolov8_msgs/yolov8_msgs/msg/detail/point2_d__struct.hpp
[9.634s] -- Installing: /home/hrc/HD-Robotic_camera/One_node_optimizing/install/yolov8_msgs/include/yolov8_msgs/yolov8_msgs/msg/detail/key_point2_d_array__struct.hpp
[9.634s] -- Installing: /home/hrc/HD-Robotic_camera/One_node_optimizing/install/yolov8_msgs/include/yolov8_msgs/yolov8_msgs/msg/detail/key_point3_d__traits.hpp
[9.634s] -- Installing: /home/hrc/HD-Robotic_camera/One_node_optimizing/install/yolov8_msgs/include/yolov8_msgs/yolov8_msgs/msg/detail/obj_tracking__struct.hpp
[9.634s] -- Installing: /home/hrc/HD-Robotic_camera/One_node_optimizing/install/yolov8_msgs/include/yolov8_msgs/yolov8_msgs/msg/detail/key_point3_d__builder.hpp
[9.634s] -- Installing: /home/hrc/HD-Robotic_camera/One_node_optimizing/install/yolov8_msgs/include/yolov8_msgs/yolov8_msgs/msg/detail/obj_tracking__traits.hpp
[9.634s] -- Installing: /home/hrc/HD-Robotic_camera/One_node_optimizing/install/yolov8_msgs/include/yolov8_msgs/yolov8_msgs/msg/detail/pose2_d__struct.hpp
[9.634s] -- Installing: /home/hrc/HD-Robotic_camera/One_node_optimizing/install/yolov8_msgs/include/yolov8_msgs/yolov8_msgs/msg/detail/key_point2_d_array__traits.hpp
[9.634s] -- Installing: /home/hrc/HD-Robotic_camera/One_node_optimizing/install/yolov8_msgs/include/yolov8_msgs/yolov8_msgs/msg/detail/pose2_d__traits.hpp
[9.634s] -- Installing: /home/hrc/HD-Robotic_camera/One_node_optimizing/install/yolov8_msgs/include/yolov8_msgs/yolov8_msgs/msg/detail/objects__struct.hpp
[9.634s] -- Installing: /home/hrc/HD-Robotic_camera/One_node_optimizing/install/yolov8_msgs/include/yolov8_msgs/yolov8_msgs/msg/detail/detection__struct.hpp
[9.634s] -- Installing: /home/hrc/HD-Robotic_camera/One_node_optimizing/install/yolov8_msgs/include/yolov8_msgs/yolov8_msgs/msg/detail/point2_d__builder.hpp
[9.634s] -- Installing: /home/hrc/HD-Robotic_camera/One_node_optimizing/install/yolov8_msgs/include/yolov8_msgs/yolov8_msgs/msg/detail/key_point3_d_array__traits.hpp
[9.634s] -- Installing: /home/hrc/HD-Robotic_camera/One_node_optimizing/install/yolov8_msgs/include/yolov8_msgs/yolov8_msgs/msg/detail/bounding_box2_d__struct.hpp
[9.635s] -- Installing: /home/hrc/HD-Robotic_camera/One_node_optimizing/install/yolov8_msgs/include/yolov8_msgs/yolov8_msgs/msg/detail/detection__builder.hpp
[9.635s] -- Installing: /home/hrc/HD-Robotic_camera/One_node_optimizing/install/yolov8_msgs/include/yolov8_msgs/yolov8_msgs/msg/point2_d.hpp
[9.635s] -- Installing: /home/hrc/HD-Robotic_camera/One_node_optimizing/install/yolov8_msgs/include/yolov8_msgs/yolov8_msgs/msg/detection_array.hpp
[9.635s] -- Installing: /home/hrc/HD-Robotic_camera/One_node_optimizing/install/yolov8_msgs/include/yolov8_msgs/yolov8_msgs/msg/key_point2_d.hpp
[9.635s] -- Installing: /home/hrc/HD-Robotic_camera/One_node_optimizing/install/yolov8_msgs/include/yolov8_msgs/yolov8_msgs/msg/bounding_box2_d.hpp
[9.635s] -- Installing: /home/hrc/HD-Robotic_camera/One_node_optimizing/install/yolov8_msgs/include/yolov8_msgs/yolov8_msgs/msg/obj_tracking.hpp
[9.635s] -- Installing: /home/hrc/HD-Robotic_camera/One_node_optimizing/install/yolov8_msgs/include/yolov8_msgs/yolov8_msgs/msg/detection.hpp
[9.635s] -- Installing: /home/hrc/HD-Robotic_camera/One_node_optimizing/install/yolov8_msgs/include/yolov8_msgs/yolov8_msgs/msg/key_point3_d_array.hpp
[9.635s] -- Installing: /home/hrc/HD-Robotic_camera/One_node_optimizing/install/yolov8_msgs/include/yolov8_msgs/yolov8_msgs/msg/mask.hpp
[9.635s] -- Installing: /home/hrc/HD-Robotic_camera/One_node_optimizing/install/yolov8_msgs/include/yolov8_msgs/yolov8_msgs/msg/bounding_box3_d.hpp
[9.635s] -- Installing: /home/hrc/HD-Robotic_camera/One_node_optimizing/install/yolov8_msgs/include/yolov8_msgs/yolov8_msgs/msg/key_point2_d_array.hpp
[9.635s] -- Installing: /home/hrc/HD-Robotic_camera/One_node_optimizing/install/yolov8_msgs/include/yolov8_msgs/yolov8_msgs/msg/objects.hpp
[9.635s] -- Installing: /home/hrc/HD-Robotic_camera/One_node_optimizing/install/yolov8_msgs/include/yolov8_msgs/yolov8_msgs/msg/pose2_d.hpp
[9.635s] -- Installing: /home/hrc/HD-Robotic_camera/One_node_optimizing/install/yolov8_msgs/include/yolov8_msgs/yolov8_msgs/msg/key_point3_d.hpp
[9.635s] -- Installing: /home/hrc/HD-Robotic_camera/One_node_optimizing/install/yolov8_msgs/include/yolov8_msgs/yolov8_msgs/msg/segment_centers.hpp
[9.635s] -- Up-to-date: /home/hrc/HD-Robotic_camera/One_node_optimizing/install/yolov8_msgs/include/yolov8_msgs/yolov8_msgs
[9.635s] -- Up-to-date: /home/hrc/HD-Robotic_camera/One_node_optimizing/install/yolov8_msgs/include/yolov8_msgs/yolov8_msgs/msg
[9.635s] -- Installing: /home/hrc/HD-Robotic_camera/One_node_optimizing/install/yolov8_msgs/include/yolov8_msgs/yolov8_msgs/msg/rosidl_typesupport_fastrtps_cpp__visibility_control.h
[9.635s] -- Up-to-date: /home/hrc/HD-Robotic_camera/One_node_optimizing/install/yolov8_msgs/include/yolov8_msgs/yolov8_msgs/msg/detail
[9.635s] -- Installing: /home/hrc/HD-Robotic_camera/One_node_optimizing/install/yolov8_msgs/include/yolov8_msgs/yolov8_msgs/msg/detail/objects__rosidl_typesupport_fastrtps_cpp.hpp
[9.635s] -- Installing: /home/hrc/HD-Robotic_camera/One_node_optimizing/install/yolov8_msgs/include/yolov8_msgs/yolov8_msgs/msg/detail/detection__rosidl_typesupport_fastrtps_cpp.hpp
[9.636s] -- Installing: /home/hrc/HD-Robotic_camera/One_node_optimizing/install/yolov8_msgs/include/yolov8_msgs/yolov8_msgs/msg/detail/bounding_box2_d__rosidl_typesupport_fastrtps_cpp.hpp
[9.636s] -- Installing: /home/hrc/HD-Robotic_camera/One_node_optimizing/install/yolov8_msgs/include/yolov8_msgs/yolov8_msgs/msg/detail/point2_d__rosidl_typesupport_fastrtps_cpp.hpp
[9.636s] -- Installing: /home/hrc/HD-Robotic_camera/One_node_optimizing/install/yolov8_msgs/include/yolov8_msgs/yolov8_msgs/msg/detail/dds_fastrtps
[9.636s] -- Installing: /home/hrc/HD-Robotic_camera/One_node_optimizing/install/yolov8_msgs/include/yolov8_msgs/yolov8_msgs/msg/detail/key_point3_d_array__rosidl_typesupport_fastrtps_cpp.hpp
[9.636s] -- Installing: /home/hrc/HD-Robotic_camera/One_node_optimizing/install/yolov8_msgs/include/yolov8_msgs/yolov8_msgs/msg/detail/bounding_box3_d__rosidl_typesupport_fastrtps_cpp.hpp
[9.636s] -- Installing: /home/hrc/HD-Robotic_camera/One_node_optimizing/install/yolov8_msgs/include/yolov8_msgs/yolov8_msgs/msg/detail/key_point3_d__rosidl_typesupport_fastrtps_cpp.hpp
[9.636s] -- Installing: /home/hrc/HD-Robotic_camera/One_node_optimizing/install/yolov8_msgs/include/yolov8_msgs/yolov8_msgs/msg/detail/key_point2_d_array__rosidl_typesupport_fastrtps_cpp.hpp
[9.636s] -- Installing: /home/hrc/HD-Robotic_camera/One_node_optimizing/install/yolov8_msgs/include/yolov8_msgs/yolov8_msgs/msg/detail/vector2__rosidl_typesupport_fastrtps_cpp.hpp
[9.636s] -- Installing: /home/hrc/HD-Robotic_camera/One_node_optimizing/install/yolov8_msgs/include/yolov8_msgs/yolov8_msgs/msg/detail/segment_centers__rosidl_typesupport_fastrtps_cpp.hpp
[9.636s] -- Installing: /home/hrc/HD-Robotic_camera/One_node_optimizing/install/yolov8_msgs/include/yolov8_msgs/yolov8_msgs/msg/detail/detection_array__rosidl_typesupport_fastrtps_cpp.hpp
[9.636s] -- Installing: /home/hrc/HD-Robotic_camera/One_node_optimizing/install/yolov8_msgs/include/yolov8_msgs/yolov8_msgs/msg/detail/obj_tracking__rosidl_typesupport_fastrtps_cpp.hpp
[9.636s] -- Installing: /home/hrc/HD-Robotic_camera/One_node_optimizing/install/yolov8_msgs/include/yolov8_msgs/yolov8_msgs/msg/detail/mask__rosidl_typesupport_fastrtps_cpp.hpp
[9.636s] -- Installing: /home/hrc/HD-Robotic_camera/One_node_optimizing/install/yolov8_msgs/include/yolov8_msgs/yolov8_msgs/msg/detail/pose2_d__rosidl_typesupport_fastrtps_cpp.hpp
[9.636s] -- Installing: /home/hrc/HD-Robotic_camera/One_node_optimizing/install/yolov8_msgs/include/yolov8_msgs/yolov8_msgs/msg/detail/key_point2_d__rosidl_typesupport_fastrtps_cpp.hpp
[9.636s] -- Installing: /home/hrc/HD-Robotic_camera/One_node_optimizing/install/yolov8_msgs/lib/libyolov8_msgs__rosidl_typesupport_fastrtps_cpp.so
[9.637s] -- Set runtime path of "/home/hrc/HD-Robotic_camera/One_node_optimizing/install/yolov8_msgs/lib/libyolov8_msgs__rosidl_typesupport_fastrtps_cpp.so" to ""
[9.637s] -- Up-to-date: /home/hrc/HD-Robotic_camera/One_node_optimizing/install/yolov8_msgs/include/yolov8_msgs/yolov8_msgs
[9.637s] -- Up-to-date: /home/hrc/HD-Robotic_camera/One_node_optimizing/install/yolov8_msgs/include/yolov8_msgs/yolov8_msgs/msg
[9.637s] -- Up-to-date: /home/hrc/HD-Robotic_camera/One_node_optimizing/install/yolov8_msgs/include/yolov8_msgs/yolov8_msgs/msg/detail
[9.637s] -- Installing: /home/hrc/HD-Robotic_camera/One_node_optimizing/install/yolov8_msgs/include/yolov8_msgs/yolov8_msgs/msg/detail/detection__type_support.cpp
[9.637s] -- Installing: /home/hrc/HD-Robotic_camera/One_node_optimizing/install/yolov8_msgs/include/yolov8_msgs/yolov8_msgs/msg/detail/segment_centers__type_support.cpp
[9.637s] -- Installing: /home/hrc/HD-Robotic_camera/One_node_optimizing/install/yolov8_msgs/include/yolov8_msgs/yolov8_msgs/msg/detail/key_point2_d__type_support.cpp
[9.637s] -- Installing: /home/hrc/HD-Robotic_camera/One_node_optimizing/install/yolov8_msgs/include/yolov8_msgs/yolov8_msgs/msg/detail/mask__type_support.cpp
[9.637s] -- Installing: /home/hrc/HD-Robotic_camera/One_node_optimizing/install/yolov8_msgs/include/yolov8_msgs/yolov8_msgs/msg/detail/key_point3_d__type_support.cpp
[9.637s] -- Installing: /home/hrc/HD-Robotic_camera/One_node_optimizing/install/yolov8_msgs/include/yolov8_msgs/yolov8_msgs/msg/detail/pose2_d__type_support.cpp
[9.637s] -- Installing: /home/hrc/HD-Robotic_camera/One_node_optimizing/install/yolov8_msgs/include/yolov8_msgs/yolov8_msgs/msg/detail/objects__type_support.cpp
[9.637s] -- Installing: /home/hrc/HD-Robotic_camera/One_node_optimizing/install/yolov8_msgs/include/yolov8_msgs/yolov8_msgs/msg/detail/detection_array__type_support.cpp
[9.637s] -- Installing: /home/hrc/HD-Robotic_camera/One_node_optimizing/install/yolov8_msgs/include/yolov8_msgs/yolov8_msgs/msg/detail/key_point3_d__rosidl_typesupport_introspection_cpp.hpp
[9.637s] -- Installing: /home/hrc/HD-Robotic_camera/One_node_optimizing/install/yolov8_msgs/include/yolov8_msgs/yolov8_msgs/msg/detail/vector2__type_support.cpp
[9.637s] -- Installing: /home/hrc/HD-Robotic_camera/One_node_optimizing/install/yolov8_msgs/include/yolov8_msgs/yolov8_msgs/msg/detail/point2_d__rosidl_typesupport_introspection_cpp.hpp
[9.637s] -- Installing: /home/hrc/HD-Robotic_camera/One_node_optimizing/install/yolov8_msgs/include/yolov8_msgs/yolov8_msgs/msg/detail/obj_tracking__type_support.cpp
[9.637s] -- Installing: /home/hrc/HD-Robotic_camera/One_node_optimizing/install/yolov8_msgs/include/yolov8_msgs/yolov8_msgs/msg/detail/bounding_box3_d__rosidl_typesupport_introspection_cpp.hpp
[9.637s] -- Installing: /home/hrc/HD-Robotic_camera/One_node_optimizing/install/yolov8_msgs/include/yolov8_msgs/yolov8_msgs/msg/detail/segment_centers__rosidl_typesupport_introspection_cpp.hpp
[9.637s] -- Installing: /home/hrc/HD-Robotic_camera/One_node_optimizing/install/yolov8_msgs/include/yolov8_msgs/yolov8_msgs/msg/detail/objects__rosidl_typesupport_introspection_cpp.hpp
[9.638s] -- Installing: /home/hrc/HD-Robotic_camera/One_node_optimizing/install/yolov8_msgs/include/yolov8_msgs/yolov8_msgs/msg/detail/obj_tracking__rosidl_typesupport_introspection_cpp.hpp
[9.638s] -- Installing: /home/hrc/HD-Robotic_camera/One_node_optimizing/install/yolov8_msgs/include/yolov8_msgs/yolov8_msgs/msg/detail/key_point3_d_array__rosidl_typesupport_introspection_cpp.hpp
[9.638s] -- Installing: /home/hrc/HD-Robotic_camera/One_node_optimizing/install/yolov8_msgs/include/yolov8_msgs/yolov8_msgs/msg/detail/point2_d__type_support.cpp
[9.638s] -- Installing: /home/hrc/HD-Robotic_camera/One_node_optimizing/install/yolov8_msgs/include/yolov8_msgs/yolov8_msgs/msg/detail/bounding_box3_d__type_support.cpp
[9.638s] -- Installing: /home/hrc/HD-Robotic_camera/One_node_optimizing/install/yolov8_msgs/include/yolov8_msgs/yolov8_msgs/msg/detail/detection__rosidl_typesupport_introspection_cpp.hpp
[9.638s] -- Installing: /home/hrc/HD-Robotic_camera/One_node_optimizing/install/yolov8_msgs/include/yolov8_msgs/yolov8_msgs/msg/detail/key_point2_d_array__rosidl_typesupport_introspection_cpp.hpp
[9.638s] -- Installing: /home/hrc/HD-Robotic_camera/One_node_optimizing/install/yolov8_msgs/include/yolov8_msgs/yolov8_msgs/msg/detail/vector2__rosidl_typesupport_introspection_cpp.hpp
[9.638s] -- Installing: /home/hrc/HD-Robotic_camera/One_node_optimizing/install/yolov8_msgs/include/yolov8_msgs/yolov8_msgs/msg/detail/detection_array__rosidl_typesupport_introspection_cpp.hpp
[9.638s] -- Installing: /home/hrc/HD-Robotic_camera/One_node_optimizing/install/yolov8_msgs/include/yolov8_msgs/yolov8_msgs/msg/detail/bounding_box2_d__type_support.cpp
[9.638s] -- Installing: /home/hrc/HD-Robotic_camera/One_node_optimizing/install/yolov8_msgs/include/yolov8_msgs/yolov8_msgs/msg/detail/mask__rosidl_typesupport_introspection_cpp.hpp
[9.638s] -- Installing: /home/hrc/HD-Robotic_camera/One_node_optimizing/install/yolov8_msgs/include/yolov8_msgs/yolov8_msgs/msg/detail/key_point2_d_array__type_support.cpp
[9.638s] -- Installing: /home/hrc/HD-Robotic_camera/One_node_optimizing/install/yolov8_msgs/include/yolov8_msgs/yolov8_msgs/msg/detail/bounding_box2_d__rosidl_typesupport_introspection_cpp.hpp
[9.638s] -- Installing: /home/hrc/HD-Robotic_camera/One_node_optimizing/install/yolov8_msgs/include/yolov8_msgs/yolov8_msgs/msg/detail/pose2_d__rosidl_typesupport_introspection_cpp.hpp
[9.638s] -- Installing: /home/hrc/HD-Robotic_camera/One_node_optimizing/install/yolov8_msgs/include/yolov8_msgs/yolov8_msgs/msg/detail/key_point3_d_array__type_support.cpp
[9.638s] -- Installing: /home/hrc/HD-Robotic_camera/One_node_optimizing/install/yolov8_msgs/include/yolov8_msgs/yolov8_msgs/msg/detail/key_point2_d__rosidl_typesupport_introspection_cpp.hpp
[9.638s] -- Installing: /home/hrc/HD-Robotic_camera/One_node_optimizing/install/yolov8_msgs/lib/libyolov8_msgs__rosidl_typesupport_introspection_cpp.so
[9.639s] -- Set runtime path of "/home/hrc/HD-Robotic_camera/One_node_optimizing/install/yolov8_msgs/lib/libyolov8_msgs__rosidl_typesupport_introspection_cpp.so" to ""
[9.639s] -- Installing: /home/hrc/HD-Robotic_camera/One_node_optimizing/install/yolov8_msgs/lib/libyolov8_msgs__rosidl_typesupport_cpp.so
[9.639s] -- Set runtime path of "/home/hrc/HD-Robotic_camera/One_node_optimizing/install/yolov8_msgs/lib/libyolov8_msgs__rosidl_typesupport_cpp.so" to ""
[9.639s] -- Installing: /home/hrc/HD-Robotic_camera/One_node_optimizing/install/yolov8_msgs/share/yolov8_msgs/environment/pythonpath.sh
[9.639s] -- Installing: /home/hrc/HD-Robotic_camera/One_node_optimizing/install/yolov8_msgs/share/yolov8_msgs/environment/pythonpath.dsv
[9.639s] -- Installing: /home/hrc/HD-Robotic_camera/One_node_optimizing/install/yolov8_msgs/local/lib/python3.10/dist-packages/yolov8_msgs-0.0.0-py3.10.egg-info
[9.639s] -- Installing: /home/hrc/HD-Robotic_camera/One_node_optimizing/install/yolov8_msgs/local/lib/python3.10/dist-packages/yolov8_msgs-0.0.0-py3.10.egg-info/top_level.txt
[9.639s] -- Installing: /home/hrc/HD-Robotic_camera/One_node_optimizing/install/yolov8_msgs/local/lib/python3.10/dist-packages/yolov8_msgs-0.0.0-py3.10.egg-info/dependency_links.txt
[9.639s] -- Installing: /home/hrc/HD-Robotic_camera/One_node_optimizing/install/yolov8_msgs/local/lib/python3.10/dist-packages/yolov8_msgs-0.0.0-py3.10.egg-info/SOURCES.txt
[9.639s] -- Installing: /home/hrc/HD-Robotic_camera/One_node_optimizing/install/yolov8_msgs/local/lib/python3.10/dist-packages/yolov8_msgs-0.0.0-py3.10.egg-info/PKG-INFO
[9.639s] -- Installing: /home/hrc/HD-Robotic_camera/One_node_optimizing/install/yolov8_msgs/local/lib/python3.10/dist-packages/yolov8_msgs
[9.639s] -- Installing: /home/hrc/HD-Robotic_camera/One_node_optimizing/install/yolov8_msgs/local/lib/python3.10/dist-packages/yolov8_msgs/yolov8_msgs_s__rosidl_typesupport_introspection_c.cpython-310-x86_64-linux-gnu.so
[9.640s] -- Installing: /home/hrc/HD-Robotic_camera/One_node_optimizing/install/yolov8_msgs/local/lib/python3.10/dist-packages/yolov8_msgs/_yolov8_msgs_s.ep.rosidl_typesupport_fastrtps_c.c
[9.640s] -- Installing: /home/hrc/HD-Robotic_camera/One_node_optimizing/install/yolov8_msgs/local/lib/python3.10/dist-packages/yolov8_msgs/_yolov8_msgs_s.ep.rosidl_typesupport_introspection_c.c
[9.640s] -- Installing: /home/hrc/HD-Robotic_camera/One_node_optimizing/install/yolov8_msgs/local/lib/python3.10/dist-packages/yolov8_msgs/__init__.py
[9.640s] -- Installing: /home/hrc/HD-Robotic_camera/One_node_optimizing/install/yolov8_msgs/local/lib/python3.10/dist-packages/yolov8_msgs/yolov8_msgs_s__rosidl_typesupport_c.cpython-310-x86_64-linux-gnu.so
[9.640s] -- Installing: /home/hrc/HD-Robotic_camera/One_node_optimizing/install/yolov8_msgs/local/lib/python3.10/dist-packages/yolov8_msgs/_yolov8_msgs_s.ep.rosidl_typesupport_c.c
[9.640s] -- Installing: /home/hrc/HD-Robotic_camera/One_node_optimizing/install/yolov8_msgs/local/lib/python3.10/dist-packages/yolov8_msgs/libyolov8_msgs__rosidl_generator_py.so
[9.640s] -- Installing: /home/hrc/HD-Robotic_camera/One_node_optimizing/install/yolov8_msgs/local/lib/python3.10/dist-packages/yolov8_msgs/yolov8_msgs_s__rosidl_typesupport_fastrtps_c.cpython-310-x86_64-linux-gnu.so
[9.640s] -- Installing: /home/hrc/HD-Robotic_camera/One_node_optimizing/install/yolov8_msgs/local/lib/python3.10/dist-packages/yolov8_msgs/msg
[9.640s] -- Installing: /home/hrc/HD-Robotic_camera/One_node_optimizing/install/yolov8_msgs/local/lib/python3.10/dist-packages/yolov8_msgs/msg/_obj_tracking_s.c
[9.640s] -- Installing: /home/hrc/HD-Robotic_camera/One_node_optimizing/install/yolov8_msgs/local/lib/python3.10/dist-packages/yolov8_msgs/msg/_vector2_s.c
[9.640s] -- Installing: /home/hrc/HD-Robotic_camera/One_node_optimizing/install/yolov8_msgs/local/lib/python3.10/dist-packages/yolov8_msgs/msg/_segment_centers.py
[9.640s] -- Installing: /home/hrc/HD-Robotic_camera/One_node_optimizing/install/yolov8_msgs/local/lib/python3.10/dist-packages/yolov8_msgs/msg/_objects_s.c
[9.640s] -- Installing: /home/hrc/HD-Robotic_camera/One_node_optimizing/install/yolov8_msgs/local/lib/python3.10/dist-packages/yolov8_msgs/msg/_obj_tracking.py
[9.640s] -- Installing: /home/hrc/HD-Robotic_camera/One_node_optimizing/install/yolov8_msgs/local/lib/python3.10/dist-packages/yolov8_msgs/msg/_key_point2_d.py
[9.640s] -- Installing: /home/hrc/HD-Robotic_camera/One_node_optimizing/install/yolov8_msgs/local/lib/python3.10/dist-packages/yolov8_msgs/msg/_detection_array.py
[9.640s] -- Installing: /home/hrc/HD-Robotic_camera/One_node_optimizing/install/yolov8_msgs/local/lib/python3.10/dist-packages/yolov8_msgs/msg/_point2_d_s.c
[9.641s] -- Installing: /home/hrc/HD-Robotic_camera/One_node_optimizing/install/yolov8_msgs/local/lib/python3.10/dist-packages/yolov8_msgs/msg/_key_point2_d_array_s.c
[9.641s] -- Installing: /home/hrc/HD-Robotic_camera/One_node_optimizing/install/yolov8_msgs/local/lib/python3.10/dist-packages/yolov8_msgs/msg/_objects.py
[9.641s] -- Installing: /home/hrc/HD-Robotic_camera/One_node_optimizing/install/yolov8_msgs/local/lib/python3.10/dist-packages/yolov8_msgs/msg/_pose2_d.py
[9.641s] -- Installing: /home/hrc/HD-Robotic_camera/One_node_optimizing/install/yolov8_msgs/local/lib/python3.10/dist-packages/yolov8_msgs/msg/_key_point3_d_array.py
[9.641s] -- Installing: /home/hrc/HD-Robotic_camera/One_node_optimizing/install/yolov8_msgs/local/lib/python3.10/dist-packages/yolov8_msgs/msg/_vector2.py
[9.641s] -- Installing: /home/hrc/HD-Robotic_camera/One_node_optimizing/install/yolov8_msgs/local/lib/python3.10/dist-packages/yolov8_msgs/msg/_bounding_box3_d_s.c
[9.641s] -- Installing: /home/hrc/HD-Robotic_camera/One_node_optimizing/install/yolov8_msgs/local/lib/python3.10/dist-packages/yolov8_msgs/msg/_segment_centers_s.c
[9.641s] -- Installing: /home/hrc/HD-Robotic_camera/One_node_optimizing/install/yolov8_msgs/local/lib/python3.10/dist-packages/yolov8_msgs/msg/_bounding_box2_d_s.c
[9.641s] -- Installing: /home/hrc/HD-Robotic_camera/One_node_optimizing/install/yolov8_msgs/local/lib/python3.10/dist-packages/yolov8_msgs/msg/_mask.py
[9.641s] -- Installing: /home/hrc/HD-Robotic_camera/One_node_optimizing/install/yolov8_msgs/local/lib/python3.10/dist-packages/yolov8_msgs/msg/_key_point3_d_s.c
[9.641s] -- Installing: /home/hrc/HD-Robotic_camera/One_node_optimizing/install/yolov8_msgs/local/lib/python3.10/dist-packages/yolov8_msgs/msg/_pose2_d_s.c
[9.641s] -- Installing: /home/hrc/HD-Robotic_camera/One_node_optimizing/install/yolov8_msgs/local/lib/python3.10/dist-packages/yolov8_msgs/msg/_key_point2_d_array.py
[9.641s] -- Installing: /home/hrc/HD-Robotic_camera/One_node_optimizing/install/yolov8_msgs/local/lib/python3.10/dist-packages/yolov8_msgs/msg/_key_point3_d.py
[9.641s] -- Installing: /home/hrc/HD-Robotic_camera/One_node_optimizing/install/yolov8_msgs/local/lib/python3.10/dist-packages/yolov8_msgs/msg/_bounding_box2_d.py
[9.641s] -- Installing: /home/hrc/HD-Robotic_camera/One_node_optimizing/install/yolov8_msgs/local/lib/python3.10/dist-packages/yolov8_msgs/msg/_point2_d.py
[9.641s] -- Installing: /home/hrc/HD-Robotic_camera/One_node_optimizing/install/yolov8_msgs/local/lib/python3.10/dist-packages/yolov8_msgs/msg/__init__.py
[9.641s] -- Installing: /home/hrc/HD-Robotic_camera/One_node_optimizing/install/yolov8_msgs/local/lib/python3.10/dist-packages/yolov8_msgs/msg/_bounding_box3_d.py
[9.641s] -- Installing: /home/hrc/HD-Robotic_camera/One_node_optimizing/install/yolov8_msgs/local/lib/python3.10/dist-packages/yolov8_msgs/msg/_key_point3_d_array_s.c
[9.641s] -- Installing: /home/hrc/HD-Robotic_camera/One_node_optimizing/install/yolov8_msgs/local/lib/python3.10/dist-packages/yolov8_msgs/msg/_detection_array_s.c
[9.642s] -- Installing: /home/hrc/HD-Robotic_camera/One_node_optimizing/install/yolov8_msgs/local/lib/python3.10/dist-packages/yolov8_msgs/msg/_mask_s.c
[9.642s] -- Installing: /home/hrc/HD-Robotic_camera/One_node_optimizing/install/yolov8_msgs/local/lib/python3.10/dist-packages/yolov8_msgs/msg/_key_point2_d_s.c
[9.642s] -- Installing: /home/hrc/HD-Robotic_camera/One_node_optimizing/install/yolov8_msgs/local/lib/python3.10/dist-packages/yolov8_msgs/msg/_detection_s.c
[9.642s] -- Installing: /home/hrc/HD-Robotic_camera/One_node_optimizing/install/yolov8_msgs/local/lib/python3.10/dist-packages/yolov8_msgs/msg/_detection.py
[9.680s] Listing '/home/hrc/HD-Robotic_camera/One_node_optimizing/install/yolov8_msgs/local/lib/python3.10/dist-packages/yolov8_msgs'...
[9.680s] Compiling '/home/hrc/HD-Robotic_camera/One_node_optimizing/install/yolov8_msgs/local/lib/python3.10/dist-packages/yolov8_msgs/__init__.py'...
[9.680s] Listing '/home/hrc/HD-Robotic_camera/One_node_optimizing/install/yolov8_msgs/local/lib/python3.10/dist-packages/yolov8_msgs/msg'...
[9.680s] Compiling '/home/hrc/HD-Robotic_camera/One_node_optimizing/install/yolov8_msgs/local/lib/python3.10/dist-packages/yolov8_msgs/msg/__init__.py'...
[9.680s] Compiling '/home/hrc/HD-Robotic_camera/One_node_optimizing/install/yolov8_msgs/local/lib/python3.10/dist-packages/yolov8_msgs/msg/_bounding_box2_d.py'...
[9.680s] Compiling '/home/hrc/HD-Robotic_camera/One_node_optimizing/install/yolov8_msgs/local/lib/python3.10/dist-packages/yolov8_msgs/msg/_bounding_box3_d.py'...
[9.681s] Compiling '/home/hrc/HD-Robotic_camera/One_node_optimizing/install/yolov8_msgs/local/lib/python3.10/dist-packages/yolov8_msgs/msg/_detection.py'...
[9.681s] Compiling '/home/hrc/HD-Robotic_camera/One_node_optimizing/install/yolov8_msgs/local/lib/python3.10/dist-packages/yolov8_msgs/msg/_detection_array.py'...
[9.681s] Compiling '/home/hrc/HD-Robotic_camera/One_node_optimizing/install/yolov8_msgs/local/lib/python3.10/dist-packages/yolov8_msgs/msg/_key_point2_d.py'...
[9.681s] Compiling '/home/hrc/HD-Robotic_camera/One_node_optimizing/install/yolov8_msgs/local/lib/python3.10/dist-packages/yolov8_msgs/msg/_key_point2_d_array.py'...
[9.681s] Compiling '/home/hrc/HD-Robotic_camera/One_node_optimizing/install/yolov8_msgs/local/lib/python3.10/dist-packages/yolov8_msgs/msg/_key_point3_d.py'...
[9.681s] Compiling '/home/hrc/HD-Robotic_camera/One_node_optimizing/install/yolov8_msgs/local/lib/python3.10/dist-packages/yolov8_msgs/msg/_key_point3_d_array.py'...
[9.681s] Compiling '/home/hrc/HD-Robotic_camera/One_node_optimizing/install/yolov8_msgs/local/lib/python3.10/dist-packages/yolov8_msgs/msg/_mask.py'...
[9.681s] Compiling '/home/hrc/HD-Robotic_camera/One_node_optimizing/install/yolov8_msgs/local/lib/python3.10/dist-packages/yolov8_msgs/msg/_obj_tracking.py'...
[9.681s] Compiling '/home/hrc/HD-Robotic_camera/One_node_optimizing/install/yolov8_msgs/local/lib/python3.10/dist-packages/yolov8_msgs/msg/_objects.py'...
[9.681s] Compiling '/home/hrc/HD-Robotic_camera/One_node_optimizing/install/yolov8_msgs/local/lib/python3.10/dist-packages/yolov8_msgs/msg/_point2_d.py'...
[9.681s] Compiling '/home/hrc/HD-Robotic_camera/One_node_optimizing/install/yolov8_msgs/local/lib/python3.10/dist-packages/yolov8_msgs/msg/_pose2_d.py'...
[9.681s] Compiling '/home/hrc/HD-Robotic_camera/One_node_optimizing/install/yolov8_msgs/local/lib/python3.10/dist-packages/yolov8_msgs/msg/_segment_centers.py'...
[9.681s] Compiling '/home/hrc/HD-Robotic_camera/One_node_optimizing/install/yolov8_msgs/local/lib/python3.10/dist-packages/yolov8_msgs/msg/_vector2.py'...
[9.684s] -- Installing: /home/hrc/HD-Robotic_camera/One_node_optimizing/install/yolov8_msgs/local/lib/python3.10/dist-packages/yolov8_msgs/yolov8_msgs_s__rosidl_typesupport_fastrtps_c.cpython-310-x86_64-linux-gnu.so
[9.684s] -- Set runtime path of "/home/hrc/HD-Robotic_camera/One_node_optimizing/install/yolov8_msgs/local/lib/python3.10/dist-packages/yolov8_msgs/yolov8_msgs_s__rosidl_typesupport_fastrtps_c.cpython-310-x86_64-linux-gnu.so" to ""
[9.684s] -- Installing: /home/hrc/HD-Robotic_camera/One_node_optimizing/install/yolov8_msgs/local/lib/python3.10/dist-packages/yolov8_msgs/yolov8_msgs_s__rosidl_typesupport_introspection_c.cpython-310-x86_64-linux-gnu.so
[9.684s] -- Set runtime path of "/home/hrc/HD-Robotic_camera/One_node_optimizing/install/yolov8_msgs/local/lib/python3.10/dist-packages/yolov8_msgs/yolov8_msgs_s__rosidl_typesupport_introspection_c.cpython-310-x86_64-linux-gnu.so" to ""
[9.684s] -- Installing: /home/hrc/HD-Robotic_camera/One_node_optimizing/install/yolov8_msgs/local/lib/python3.10/dist-packages/yolov8_msgs/yolov8_msgs_s__rosidl_typesupport_c.cpython-310-x86_64-linux-gnu.so
[9.684s] -- Set runtime path of "/home/hrc/HD-Robotic_camera/One_node_optimizing/install/yolov8_msgs/local/lib/python3.10/dist-packages/yolov8_msgs/yolov8_msgs_s__rosidl_typesupport_c.cpython-310-x86_64-linux-gnu.so" to ""
[9.685s] -- Installing: /home/hrc/HD-Robotic_camera/One_node_optimizing/install/yolov8_msgs/lib/libyolov8_msgs__rosidl_generator_py.so
[9.685s] -- Set runtime path of "/home/hrc/HD-Robotic_camera/One_node_optimizing/install/yolov8_msgs/lib/libyolov8_msgs__rosidl_generator_py.so" to ""
[9.685s] -- Installing: /home/hrc/HD-Robotic_camera/One_node_optimizing/install/yolov8_msgs/share/yolov8_msgs/msg/Point2D.idl
[9.685s] -- Installing: /home/hrc/HD-Robotic_camera/One_node_optimizing/install/yolov8_msgs/share/yolov8_msgs/msg/Vector2.idl
[9.685s] -- Installing: /home/hrc/HD-Robotic_camera/One_node_optimizing/install/yolov8_msgs/share/yolov8_msgs/msg/Pose2D.idl
[9.685s] -- Installing: /home/hrc/HD-Robotic_camera/One_node_optimizing/install/yolov8_msgs/share/yolov8_msgs/msg/BoundingBox2D.idl
[9.685s] -- Installing: /home/hrc/HD-Robotic_camera/One_node_optimizing/install/yolov8_msgs/share/yolov8_msgs/msg/BoundingBox3D.idl
[9.685s] -- Installing: /home/hrc/HD-Robotic_camera/One_node_optimizing/install/yolov8_msgs/share/yolov8_msgs/msg/Mask.idl
[9.685s] -- Installing: /home/hrc/HD-Robotic_camera/One_node_optimizing/install/yolov8_msgs/share/yolov8_msgs/msg/KeyPoint2D.idl
[9.685s] -- Installing: /home/hrc/HD-Robotic_camera/One_node_optimizing/install/yolov8_msgs/share/yolov8_msgs/msg/KeyPoint2DArray.idl
[9.685s] -- Installing: /home/hrc/HD-Robotic_camera/One_node_optimizing/install/yolov8_msgs/share/yolov8_msgs/msg/KeyPoint3D.idl
[9.685s] -- Installing: /home/hrc/HD-Robotic_camera/One_node_optimizing/install/yolov8_msgs/share/yolov8_msgs/msg/KeyPoint3DArray.idl
[9.685s] -- Installing: /home/hrc/HD-Robotic_camera/One_node_optimizing/install/yolov8_msgs/share/yolov8_msgs/msg/Detection.idl
[9.686s] -- Installing: /home/hrc/HD-Robotic_camera/One_node_optimizing/install/yolov8_msgs/share/yolov8_msgs/msg/DetectionArray.idl
[9.686s] -- Installing: /home/hrc/HD-Robotic_camera/One_node_optimizing/install/yolov8_msgs/share/yolov8_msgs/msg/SegmentCenters.idl
[9.686s] -- Installing: /home/hrc/HD-Robotic_camera/One_node_optimizing/install/yolov8_msgs/share/yolov8_msgs/msg/Objects.idl
[9.686s] -- Installing: /home/hrc/HD-Robotic_camera/One_node_optimizing/install/yolov8_msgs/share/yolov8_msgs/msg/ObjTracking.idl
[9.686s] -- Installing: /home/hrc/HD-Robotic_camera/One_node_optimizing/install/yolov8_msgs/share/yolov8_msgs/msg/Point2D.msg
[9.686s] -- Installing: /home/hrc/HD-Robotic_camera/One_node_optimizing/install/yolov8_msgs/share/yolov8_msgs/msg/Vector2.msg
[9.686s] -- Installing: /home/hrc/HD-Robotic_camera/One_node_optimizing/install/yolov8_msgs/share/yolov8_msgs/msg/Pose2D.msg
[9.686s] -- Installing: /home/hrc/HD-Robotic_camera/One_node_optimizing/install/yolov8_msgs/share/yolov8_msgs/msg/BoundingBox2D.msg
[9.686s] -- Installing: /home/hrc/HD-Robotic_camera/One_node_optimizing/install/yolov8_msgs/share/yolov8_msgs/msg/BoundingBox3D.msg
[9.686s] -- Installing: /home/hrc/HD-Robotic_camera/One_node_optimizing/install/yolov8_msgs/share/yolov8_msgs/msg/Mask.msg
[9.686s] -- Installing: /home/hrc/HD-Robotic_camera/One_node_optimizing/install/yolov8_msgs/share/yolov8_msgs/msg/KeyPoint2D.msg
[9.686s] -- Installing: /home/hrc/HD-Robotic_camera/One_node_optimizing/install/yolov8_msgs/share/yolov8_msgs/msg/KeyPoint2DArray.msg
[9.686s] -- Installing: /home/hrc/HD-Robotic_camera/One_node_optimizing/install/yolov8_msgs/share/yolov8_msgs/msg/KeyPoint3D.msg
[9.686s] -- Installing: /home/hrc/HD-Robotic_camera/One_node_optimizing/install/yolov8_msgs/share/yolov8_msgs/msg/KeyPoint3DArray.msg
[9.686s] -- Installing: /home/hrc/HD-Robotic_camera/One_node_optimizing/install/yolov8_msgs/share/yolov8_msgs/msg/Detection.msg
[9.687s] -- Installing: /home/hrc/HD-Robotic_camera/One_node_optimizing/install/yolov8_msgs/share/yolov8_msgs/msg/DetectionArray.msg
[9.687s] -- Installing: /home/hrc/HD-Robotic_camera/One_node_optimizing/install/yolov8_msgs/share/yolov8_msgs/msg/SegmentCenters.msg
[9.687s] -- Installing: /home/hrc/HD-Robotic_camera/One_node_optimizing/install/yolov8_msgs/share/yolov8_msgs/msg/Objects.msg
[9.687s] -- Installing: /home/hrc/HD-Robotic_camera/One_node_optimizing/install/yolov8_msgs/share/yolov8_msgs/msg/ObjTracking.msg
[9.687s] -- Installing: /home/hrc/HD-Robotic_camera/One_node_optimizing/install/yolov8_msgs/share/ament_index/resource_index/package_run_dependencies/yolov8_msgs
[9.687s] -- Installing: /home/hrc/HD-Robotic_camera/One_node_optimizing/install/yolov8_msgs/share/ament_index/resource_index/parent_prefix_path/yolov8_msgs
[9.687s] -- Installing: /home/hrc/HD-Robotic_camera/One_node_optimizing/install/yolov8_msgs/share/yolov8_msgs/environment/ament_prefix_path.sh
[9.687s] -- Installing: /home/hrc/HD-Robotic_camera/One_node_optimizing/install/yolov8_msgs/share/yolov8_msgs/environment/ament_prefix_path.dsv
[9.687s] -- Installing: /home/hrc/HD-Robotic_camera/One_node_optimizing/install/yolov8_msgs/share/yolov8_msgs/environment/path.sh
[9.687s] -- Installing: /home/hrc/HD-Robotic_camera/One_node_optimizing/install/yolov8_msgs/share/yolov8_msgs/environment/path.dsv
[9.687s] -- Installing: /home/hrc/HD-Robotic_camera/One_node_optimizing/install/yolov8_msgs/share/yolov8_msgs/local_setup.bash
[9.687s] -- Installing: /home/hrc/HD-Robotic_camera/One_node_optimizing/install/yolov8_msgs/share/yolov8_msgs/local_setup.sh
[9.687s] -- Installing: /home/hrc/HD-Robotic_camera/One_node_optimizing/install/yolov8_msgs/share/yolov8_msgs/local_setup.zsh
[9.688s] -- Installing: /home/hrc/HD-Robotic_camera/One_node_optimizing/install/yolov8_msgs/share/yolov8_msgs/local_setup.dsv
[9.688s] -- Installing: /home/hrc/HD-Robotic_camera/One_node_optimizing/install/yolov8_msgs/share/yolov8_msgs/package.dsv
[9.688s] -- Installing: /home/hrc/HD-Robotic_camera/One_node_optimizing/install/yolov8_msgs/share/ament_index/resource_index/packages/yolov8_msgs
[9.688s] -- Installing: /home/hrc/HD-Robotic_camera/One_node_optimizing/install/yolov8_msgs/share/yolov8_msgs/cmake/export_yolov8_msgs__rosidl_generator_cExport.cmake
[9.688s] -- Installing: /home/hrc/HD-Robotic_camera/One_node_optimizing/install/yolov8_msgs/share/yolov8_msgs/cmake/export_yolov8_msgs__rosidl_generator_cExport-noconfig.cmake
[9.688s] -- Installing: /home/hrc/HD-Robotic_camera/One_node_optimizing/install/yolov8_msgs/share/yolov8_msgs/cmake/export_yolov8_msgs__rosidl_typesupport_fastrtps_cExport.cmake
[9.688s] -- Installing: /home/hrc/HD-Robotic_camera/One_node_optimizing/install/yolov8_msgs/share/yolov8_msgs/cmake/export_yolov8_msgs__rosidl_typesupport_fastrtps_cExport-noconfig.cmake
[9.688s] -- Installing: /home/hrc/HD-Robotic_camera/One_node_optimizing/install/yolov8_msgs/share/yolov8_msgs/cmake/yolov8_msgs__rosidl_typesupport_introspection_cExport.cmake
[9.688s] -- Installing: /home/hrc/HD-Robotic_camera/One_node_optimizing/install/yolov8_msgs/share/yolov8_msgs/cmake/yolov8_msgs__rosidl_typesupport_introspection_cExport-noconfig.cmake
[9.688s] -- Installing: /home/hrc/HD-Robotic_camera/One_node_optimizing/install/yolov8_msgs/share/yolov8_msgs/cmake/yolov8_msgs__rosidl_typesupport_cExport.cmake
[9.688s] -- Installing: /home/hrc/HD-Robotic_camera/One_node_optimizing/install/yolov8_msgs/share/yolov8_msgs/cmake/yolov8_msgs__rosidl_typesupport_cExport-noconfig.cmake
[9.688s] -- Installing: /home/hrc/HD-Robotic_camera/One_node_optimizing/install/yolov8_msgs/share/yolov8_msgs/cmake/export_yolov8_msgs__rosidl_generator_cppExport.cmake
[9.688s] -- Installing: /home/hrc/HD-Robotic_camera/One_node_optimizing/install/yolov8_msgs/share/yolov8_msgs/cmake/export_yolov8_msgs__rosidl_typesupport_fastrtps_cppExport.cmake
[9.689s] -- Installing: /home/hrc/HD-Robotic_camera/One_node_optimizing/install/yolov8_msgs/share/yolov8_msgs/cmake/export_yolov8_msgs__rosidl_typesupport_fastrtps_cppExport-noconfig.cmake
[9.689s] -- Installing: /home/hrc/HD-Robotic_camera/One_node_optimizing/install/yolov8_msgs/share/yolov8_msgs/cmake/yolov8_msgs__rosidl_typesupport_introspection_cppExport.cmake
[9.689s] -- Installing: /home/hrc/HD-Robotic_camera/One_node_optimizing/install/yolov8_msgs/share/yolov8_msgs/cmake/yolov8_msgs__rosidl_typesupport_introspection_cppExport-noconfig.cmake
[9.689s] -- Installing: /home/hrc/HD-Robotic_camera/One_node_optimizing/install/yolov8_msgs/share/yolov8_msgs/cmake/yolov8_msgs__rosidl_typesupport_cppExport.cmake
[9.689s] -- Installing: /home/hrc/HD-Robotic_camera/One_node_optimizing/install/yolov8_msgs/share/yolov8_msgs/cmake/yolov8_msgs__rosidl_typesupport_cppExport-noconfig.cmake
[9.689s] -- Installing: /home/hrc/HD-Robotic_camera/One_node_optimizing/install/yolov8_msgs/share/yolov8_msgs/cmake/export_yolov8_msgs__rosidl_generator_pyExport.cmake
[9.689s] -- Installing: /home/hrc/HD-Robotic_camera/One_node_optimizing/install/yolov8_msgs/share/yolov8_msgs/cmake/export_yolov8_msgs__rosidl_generator_pyExport-noconfig.cmake
[9.689s] -- Installing: /home/hrc/HD-Robotic_camera/One_node_optimizing/install/yolov8_msgs/share/yolov8_msgs/cmake/rosidl_cmake-extras.cmake
[9.689s] -- Installing: /home/hrc/HD-Robotic_camera/One_node_optimizing/install/yolov8_msgs/share/yolov8_msgs/cmake/ament_cmake_export_dependencies-extras.cmake
[9.689s] -- Installing: /home/hrc/HD-Robotic_camera/One_node_optimizing/install/yolov8_msgs/share/yolov8_msgs/cmake/ament_cmake_export_include_directories-extras.cmake
[9.689s] -- Installing: /home/hrc/HD-Robotic_camera/One_node_optimizing/install/yolov8_msgs/share/yolov8_msgs/cmake/ament_cmake_export_libraries-extras.cmake
[9.689s] -- Installing: /home/hrc/HD-Robotic_camera/One_node_optimizing/install/yolov8_msgs/share/yolov8_msgs/cmake/ament_cmake_export_targets-extras.cmake
[9.689s] -- Installing: /home/hrc/HD-Robotic_camera/One_node_optimizing/install/yolov8_msgs/share/yolov8_msgs/cmake/rosidl_cmake_export_typesupport_targets-extras.cmake
[9.689s] -- Installing: /home/hrc/HD-Robotic_camera/One_node_optimizing/install/yolov8_msgs/share/yolov8_msgs/cmake/rosidl_cmake_export_typesupport_libraries-extras.cmake
[9.690s] -- Installing: /home/hrc/HD-Robotic_camera/One_node_optimizing/install/yolov8_msgs/share/yolov8_msgs/cmake/yolov8_msgsConfig.cmake
[9.690s] -- Installing: /home/hrc/HD-Robotic_camera/One_node_optimizing/install/yolov8_msgs/share/yolov8_msgs/cmake/yolov8_msgsConfig-version.cmake
[9.690s] -- Installing: /home/hrc/HD-Robotic_camera/One_node_optimizing/install/yolov8_msgs/share/yolov8_msgs/package.xml
[9.692s] Invoked command in '/home/hrc/HD-Robotic_camera/One_node_optimizing/build/yolov8_msgs' returned '0': CMAKE_PREFIX_PATH=/opt/ros/humble /usr/bin/cmake --install /home/hrc/HD-Robotic_camera/One_node_optimizing/build/yolov8_msgs
