/home/hrc/HD-Robotic_camera/One_node_optimizing/install/yolov8_ros/lib/python3.10/site-packages/yolov8_ros/yolov8_node.py
/home/hrc/HD-Robotic_camera/One_node_optimizing/install/yolov8_ros/lib/python3.10/site-packages/yolov8_ros/tracker.py
/home/hrc/HD-Robotic_camera/One_node_optimizing/install/yolov8_ros/lib/python3.10/site-packages/yolov8_ros/debug_node.py
/home/hrc/HD-Robotic_camera/One_node_optimizing/install/yolov8_ros/lib/python3.10/site-packages/yolov8_ros/plot_node.py
/home/hrc/HD-Robotic_camera/One_node_optimizing/install/yolov8_ros/lib/python3.10/site-packages/yolov8_ros/time_graph.py
/home/hrc/HD-Robotic_camera/One_node_optimizing/install/yolov8_ros/lib/python3.10/site-packages/yolov8_ros/object_track_ROS.py
/home/hrc/HD-Robotic_camera/One_node_optimizing/install/yolov8_ros/lib/python3.10/site-packages/yolov8_ros/__init__.py
/home/hrc/HD-Robotic_camera/One_node_optimizing/install/yolov8_ros/lib/python3.10/site-packages/yolov8_ros/kalmanFilter.py
/home/hrc/HD-Robotic_camera/One_node_optimizing/install/yolov8_ros/lib/python3.10/site-packages/yolov8_ros/__pycache__/yolov8_node.cpython-310.pyc
/home/hrc/HD-Robotic_camera/One_node_optimizing/install/yolov8_ros/lib/python3.10/site-packages/yolov8_ros/__pycache__/tracker.cpython-310.pyc
/home/hrc/HD-Robotic_camera/One_node_optimizing/install/yolov8_ros/lib/python3.10/site-packages/yolov8_ros/__pycache__/debug_node.cpython-310.pyc
/home/hrc/HD-Robotic_camera/One_node_optimizing/install/yolov8_ros/lib/python3.10/site-packages/yolov8_ros/__pycache__/plot_node.cpython-310.pyc
/home/hrc/HD-Robotic_camera/One_node_optimizing/install/yolov8_ros/lib/python3.10/site-packages/yolov8_ros/__pycache__/time_graph.cpython-310.pyc
/home/hrc/HD-Robotic_camera/One_node_optimizing/install/yolov8_ros/lib/python3.10/site-packages/yolov8_ros/__pycache__/object_track_ROS.cpython-310.pyc
/home/hrc/HD-Robotic_camera/One_node_optimizing/install/yolov8_ros/lib/python3.10/site-packages/yolov8_ros/__pycache__/__init__.cpython-310.pyc
/home/hrc/HD-Robotic_camera/One_node_optimizing/install/yolov8_ros/lib/python3.10/site-packages/yolov8_ros/__pycache__/kalmanFilter.cpython-310.pyc
/home/hrc/HD-Robotic_camera/One_node_optimizing/install/yolov8_ros/share/ament_index/resource_index/packages/yolov8_ros
/home/hrc/HD-Robotic_camera/One_node_optimizing/install/yolov8_ros/share/yolov8_ros/package.xml
/home/hrc/HD-Robotic_camera/One_node_optimizing/install/yolov8_ros/lib/python3.10/site-packages/yolov8_ros-0.0.0-py3.10.egg-info/top_level.txt
/home/hrc/HD-Robotic_camera/One_node_optimizing/install/yolov8_ros/lib/python3.10/site-packages/yolov8_ros-0.0.0-py3.10.egg-info/dependency_links.txt
/home/hrc/HD-Robotic_camera/One_node_optimizing/install/yolov8_ros/lib/python3.10/site-packages/yolov8_ros-0.0.0-py3.10.egg-info/SOURCES.txt
/home/hrc/HD-Robotic_camera/One_node_optimizing/install/yolov8_ros/lib/python3.10/site-packages/yolov8_ros-0.0.0-py3.10.egg-info/zip-safe
/home/hrc/HD-Robotic_camera/One_node_optimizing/install/yolov8_ros/lib/python3.10/site-packages/yolov8_ros-0.0.0-py3.10.egg-info/entry_points.txt
/home/hrc/HD-Robotic_camera/One_node_optimizing/install/yolov8_ros/lib/python3.10/site-packages/yolov8_ros-0.0.0-py3.10.egg-info/requires.txt
/home/hrc/HD-Robotic_camera/One_node_optimizing/install/yolov8_ros/lib/python3.10/site-packages/yolov8_ros-0.0.0-py3.10.egg-info/PKG-INFO
/home/hrc/HD-Robotic_camera/One_node_optimizing/install/yolov8_ros/lib/yolov8_ros/debug_node
/home/hrc/HD-Robotic_camera/One_node_optimizing/install/yolov8_ros/lib/yolov8_ros/detect_3d_node
/home/hrc/HD-Robotic_camera/One_node_optimizing/install/yolov8_ros/lib/yolov8_ros/object_track_ROS
/home/hrc/HD-Robotic_camera/One_node_optimizing/install/yolov8_ros/lib/yolov8_ros/time_graph
/home/hrc/HD-Robotic_camera/One_node_optimizing/install/yolov8_ros/lib/yolov8_ros/tracking_node
/home/hrc/HD-Robotic_camera/One_node_optimizing/install/yolov8_ros/lib/yolov8_ros/yolov8_node
